
---
events:
  -
    kind: "message-v1"
    backtrace:
      - "C:/Program Files/Microsoft Visual Studio/2022/Enterprise/Common7/IDE/CommonExtensions/Microsoft/CMake/CMake/share/cmake-3.31/Modules/CMakeDetermineSystem.cmake:205 (message)"
      - "CMakeLists.txt:8 (project)"
    message: |
      The system is: Windows - 10.0.26100 - AMD64
  -
    kind: "message-v1"
    backtrace:
      - "C:/Program Files/Microsoft Visual Studio/2022/Enterprise/Common7/IDE/CommonExtensions/Microsoft/CMake/CMake/share/cmake-3.31/Modules/CMakeDetermineCompilerId.cmake:17 (message)"
      - "C:/Program Files/Microsoft Visual Studio/2022/Enterprise/Common7/IDE/CommonExtensions/Microsoft/CMake/CMake/share/cmake-3.31/Modules/CMakeDetermineCompilerId.cmake:64 (__determine_compiler_id_test)"
      - "C:/Program Files/Microsoft Visual Studio/2022/Enterprise/Common7/IDE/CommonExtensions/Microsoft/CMake/CMake/share/cmake-3.31/Modules/CMakeDetermineCCompiler.cmake:123 (CMAKE_DETERMINE_COMPILER_ID)"
      - "CMakeLists.txt:8 (project)"
    message: |
      Compiling the C compiler identification source file "CMakeCCompilerId.c" succeeded.
      Compiler: C:/Program Files/Microsoft Visual Studio/2022/Enterprise/VC/Tools/MSVC/14.44.35207/bin/Hostx64/x64/cl.exe 
      Build flags: /nologo;/DWIN32;/D_WINDOWS;/utf-8;/MP
      Id flags:  
      
      The output was:
      0
      CMakeCCompilerId.c
      
      
      Compilation of the C compiler identification source "CMakeCCompilerId.c" produced "CMakeCCompilerId.exe"
      
      Compilation of the C compiler identification source "CMakeCCompilerId.c" produced "CMakeCCompilerId.obj"
      
      The C compiler identification is MSVC, found in:
        C:/Users/marco/Documents/avans/schooljaar 25_26/Project/box2d_poc/vcpkg_installed/vcpkg/blds/sdl3/x64-windows-rel/CMakeFiles/3.31.6-msvc6/CompilerIdC/CMakeCCompilerId.exe
      
  -
    kind: "message-v1"
    backtrace:
      - "C:/Program Files/Microsoft Visual Studio/2022/Enterprise/Common7/IDE/CommonExtensions/Microsoft/CMake/CMake/share/cmake-3.31/Modules/CMakeDetermineCompilerId.cmake:1288 (message)"
      - "C:/Program Files/Microsoft Visual Studio/2022/Enterprise/Common7/IDE/CommonExtensions/Microsoft/CMake/CMake/share/cmake-3.31/Modules/CMakeDetermineCompilerId.cmake:250 (CMAKE_DETERMINE_MSVC_SHOWINCLUDES_PREFIX)"
      - "C:/Program Files/Microsoft Visual Studio/2022/Enterprise/Common7/IDE/CommonExtensions/Microsoft/CMake/CMake/share/cmake-3.31/Modules/CMakeDetermineCCompiler.cmake:123 (CMAKE_DETERMINE_COMPILER_ID)"
      - "CMakeLists.txt:8 (project)"
    message: |
      Detecting C compiler /showIncludes prefix:
        main.c
        Note: including file: C:\\Users\\marco\\Documents\\avans\\schooljaar 25_26\\Project\\box2d_poc\\vcpkg_installed\\vcpkg\\blds\\sdl3\\x64-windows-rel\\CMakeFiles\\ShowIncludes\\foo.h
        
      Found prefix "Note: including file: "
  -
    kind: "try_compile-v1"
    backtrace:
      - "C:/Program Files/Microsoft Visual Studio/2022/Enterprise/Common7/IDE/CommonExtensions/Microsoft/CMake/CMake/share/cmake-3.31/Modules/CMakeDetermineCompilerABI.cmake:74 (try_compile)"
      - "C:/Program Files/Microsoft Visual Studio/2022/Enterprise/Common7/IDE/CommonExtensions/Microsoft/CMake/CMake/share/cmake-3.31/Modules/CMakeTestCCompiler.cmake:26 (CMAKE_DETERMINE_COMPILER_ABI)"
      - "CMakeLists.txt:8 (project)"
    checks:
      - "Detecting C compiler ABI info"
    directories:
      source: "C:/Users/marco/Documents/avans/schooljaar 25_26/Project/box2d_poc/vcpkg_installed/vcpkg/blds/sdl3/x64-windows-rel/CMakeFiles/CMakeScratch/TryCompile-mt5bl9"
      binary: "C:/Users/marco/Documents/avans/schooljaar 25_26/Project/box2d_poc/vcpkg_installed/vcpkg/blds/sdl3/x64-windows-rel/CMakeFiles/CMakeScratch/TryCompile-mt5bl9"
    cmakeVariables:
      CMAKE_C_FLAGS: " /nologo /DWIN32 /D_WINDOWS /utf-8 /MP "
      CMAKE_C_FLAGS_DEBUG: "/MDd /Z7 /Ob0 /Od /RTC1 "
      CMAKE_EXE_LINKER_FLAGS: "/machine:x64"
      CMAKE_MSVC_DEBUG_INFORMATION_FORMAT: ""
      CMAKE_MSVC_RUNTIME_LIBRARY: "MultiThreaded$<$<CONFIG:Debug>:Debug>$<$<STREQUAL:dynamic,dynamic>:DLL>"
      VCPKG_CHAINLOAD_TOOLCHAIN_FILE: "C:/Program Files/Microsoft Visual Studio/2022/Enterprise/VC/vcpkg/scripts/toolchains/windows.cmake"
      VCPKG_CRT_LINKAGE: "dynamic"
      VCPKG_CXX_FLAGS: ""
      VCPKG_CXX_FLAGS_DEBUG: ""
      VCPKG_CXX_FLAGS_RELEASE: ""
      VCPKG_C_FLAGS: ""
      VCPKG_C_FLAGS_DEBUG: ""
      VCPKG_C_FLAGS_RELEASE: ""
      VCPKG_INSTALLED_DIR: "C:/Users/marco/Documents/avans/schooljaar 25_26/Project/box2d_poc/vcpkg_installed"
      VCPKG_LINKER_FLAGS: ""
      VCPKG_LINKER_FLAGS_DEBUG: ""
      VCPKG_LINKER_FLAGS_RELEASE: ""
      VCPKG_PLATFORM_TOOLSET: "v143"
      VCPKG_PREFER_SYSTEM_LIBS: "OFF"
      VCPKG_SET_CHARSET_FLAG: "ON"
      VCPKG_TARGET_ARCHITECTURE: "x64"
      VCPKG_TARGET_TRIPLET: "x64-windows"
      Z_VCPKG_ROOT_DIR: "C:/Program Files/Microsoft Visual Studio/2022/Enterprise/VC/vcpkg"
    buildResult:
      variable: "CMAKE_C_ABI_COMPILED"
      cached: true
      stdout: |
        Change Dir: 'C:/Users/marco/Documents/avans/schooljaar 25_26/Project/box2d_poc/vcpkg_installed/vcpkg/blds/sdl3/x64-windows-rel/CMakeFiles/CMakeScratch/TryCompile-mt5bl9'
        
        Run Build Command(s): "C:/Program Files/Microsoft Visual Studio/2022/Enterprise/Common7/IDE/CommonExtensions/Microsoft/CMake/Ninja/ninja.exe" -v cmTC_1198a
        [1/2] C:\\PROGRA~1\\MICROS~2\\2022\\ENTERP~1\\VC\\Tools\\MSVC\\1444~1.352\\bin\\Hostx64\\x64\\cl.exe  /nologo   /nologo /DWIN32 /D_WINDOWS /utf-8 /MP   /MDd /Z7 /Ob0 /Od /RTC1  -MDd /showIncludes /FoCMakeFiles\\cmTC_1198a.dir\\CMakeCCompilerABI.c.obj /FdCMakeFiles\\cmTC_1198a.dir\\ /FS -c "C:\\Program Files\\Microsoft Visual Studio\\2022\\Enterprise\\Common7\\IDE\\CommonExtensions\\Microsoft\\CMake\\CMake\\share\\cmake-3.31\\Modules\\CMakeCCompilerABI.c"
        [2/2] C:\\WINDOWS\\system32\\cmd.exe /C "cd . && "C:\\Program Files\\Microsoft Visual Studio\\2022\\Enterprise\\Common7\\IDE\\CommonExtensions\\Microsoft\\CMake\\CMake\\bin\\cmake.exe" -E vs_link_exe --msvc-ver=1944 --intdir=CMakeFiles\\cmTC_1198a.dir --rc=C:\\PROGRA~2\\WI3CF2~1\\10\\bin\\100261~1.0\\x64\\rc.exe --mt=C:\\PROGRA~2\\WI3CF2~1\\10\\bin\\100261~1.0\\x64\\mt.exe --manifests  -- C:\\PROGRA~1\\MICROS~2\\2022\\ENTERP~1\\VC\\Tools\\MSVC\\1444~1.352\\bin\\Hostx64\\x64\\link.exe /nologo CMakeFiles\\cmTC_1198a.dir\\CMakeCCompilerABI.c.obj  /out:cmTC_1198a.exe /implib:cmTC_1198a.lib /pdb:cmTC_1198a.pdb /version:0.0 /machine:x64  /nologo    /debug /INCREMENTAL /subsystem:console  kernel32.lib user32.lib gdi32.lib winspool.lib shell32.lib ole32.lib oleaut32.lib uuid.lib comdlg32.lib advapi32.lib && cd ."
        
      exitCode: 0
  -
    kind: "message-v1"
    backtrace:
      - "C:/Program Files/Microsoft Visual Studio/2022/Enterprise/Common7/IDE/CommonExtensions/Microsoft/CMake/CMake/share/cmake-3.31/Modules/CMakeDetermineCompilerABI.cmake:218 (message)"
      - "C:/Program Files/Microsoft Visual Studio/2022/Enterprise/Common7/IDE/CommonExtensions/Microsoft/CMake/CMake/share/cmake-3.31/Modules/CMakeTestCCompiler.cmake:26 (CMAKE_DETERMINE_COMPILER_ABI)"
      - "CMakeLists.txt:8 (project)"
    message: |
      Parsed C implicit link information:
        link line regex: [^( *|.*[/\\])(ld[0-9]*(\\.[a-z]+)?|link\\.exe|lld-link(\\.exe)?|CMAKE_LINK_STARTFILE-NOTFOUND|([^/\\]+-)?ld|collect2)[^/\\]*( |$)]
        linker tool regex: [^[ 	]*(->|")?[ 	]*(([^"]*[/\\])?(ld[0-9]*(\\.[a-z]+)?|link\\.exe|lld-link(\\.exe)?))("|,| |$)]
        linker tool for 'C': C:/PROGRA~1/MICROS~2/2022/ENTERP~1/VC/Tools/MSVC/1444~1.352/bin/Hostx64/x64/link.exe
        implicit libs: []
        implicit objs: []
        implicit dirs: []
        implicit fwks: []
      
      
  -
    kind: "message-v1"
    backtrace:
      - "C:/Program Files/Microsoft Visual Studio/2022/Enterprise/Common7/IDE/CommonExtensions/Microsoft/CMake/CMake/share/cmake-3.31/Modules/Internal/CMakeDetermineLinkerId.cmake:40 (message)"
      - "C:/Program Files/Microsoft Visual Studio/2022/Enterprise/Common7/IDE/CommonExtensions/Microsoft/CMake/CMake/share/cmake-3.31/Modules/CMakeDetermineCompilerABI.cmake:255 (cmake_determine_linker_id)"
      - "C:/Program Files/Microsoft Visual Studio/2022/Enterprise/Common7/IDE/CommonExtensions/Microsoft/CMake/CMake/share/cmake-3.31/Modules/CMakeTestCCompiler.cmake:26 (CMAKE_DETERMINE_COMPILER_ABI)"
      - "CMakeLists.txt:8 (project)"
    message: |
      Running the C compiler's linker: "C:/PROGRA~1/MICROS~2/2022/ENTERP~1/VC/Tools/MSVC/1444~1.352/bin/Hostx64/x64/link.exe" "-v"
      Microsoft (R) Incremental Linker Version 14.44.35217.0
      Copyright (C) Microsoft Corporation.  All rights reserved.
  -
    kind: "try_compile-v1"
    backtrace:
      - "cmake/sdlcpu.cmake:93 (try_compile)"
      - "CMakeLists.txt:81 (SDL_DetectTargetCPUArchitectures)"
    directories:
      source: "C:/Users/marco/Documents/avans/schooljaar 25_26/Project/box2d_poc/vcpkg_installed/vcpkg/blds/sdl3/x64-windows-rel/CMakeFiles/CMakeTmp/SDL_detect_arch/CMakeFiles/CMakeTmp"
      binary: "C:/Users/marco/Documents/avans/schooljaar 25_26/Project/box2d_poc/vcpkg_installed/vcpkg/blds/sdl3/x64-windows-rel/CMakeFiles/CMakeTmp/SDL_detect_arch/CMakeFiles/CMakeTmp"
    cmakeVariables:
      CMAKE_C_FLAGS: " /nologo /DWIN32 /D_WINDOWS /utf-8 /MP "
      CMAKE_C_FLAGS_DEBUG: "/MDd /Z7 /Ob0 /Od /RTC1 "
      CMAKE_EXE_LINKER_FLAGS: "/machine:x64"
      CMAKE_MODULE_PATH: "C:/Users/marco/Documents/avans/schooljaar 25_26/Project/box2d_poc/vcpkg_installed/vcpkg/blds/sdl3/src/ase-3.2.20-9007ca2745.clean/cmake"
      CMAKE_MSVC_DEBUG_INFORMATION_FORMAT: ""
      CMAKE_MSVC_RUNTIME_LIBRARY: "MultiThreaded$<$<CONFIG:Debug>:Debug>$<$<STREQUAL:dynamic,dynamic>:DLL>"
      VCPKG_CHAINLOAD_TOOLCHAIN_FILE: "C:/Program Files/Microsoft Visual Studio/2022/Enterprise/VC/vcpkg/scripts/toolchains/windows.cmake"
      VCPKG_CRT_LINKAGE: "dynamic"
      VCPKG_CXX_FLAGS: ""
      VCPKG_CXX_FLAGS_DEBUG: ""
      VCPKG_CXX_FLAGS_RELEASE: ""
      VCPKG_C_FLAGS: ""
      VCPKG_C_FLAGS_DEBUG: ""
      VCPKG_C_FLAGS_RELEASE: ""
      VCPKG_INSTALLED_DIR: "C:/Users/marco/Documents/avans/schooljaar 25_26/Project/box2d_poc/vcpkg_installed"
      VCPKG_LINKER_FLAGS: ""
      VCPKG_LINKER_FLAGS_DEBUG: ""
      VCPKG_LINKER_FLAGS_RELEASE: ""
      VCPKG_PLATFORM_TOOLSET: "v143"
      VCPKG_PREFER_SYSTEM_LIBS: "OFF"
      VCPKG_SET_CHARSET_FLAG: "ON"
      VCPKG_TARGET_ARCHITECTURE: "x64"
      VCPKG_TARGET_TRIPLET: "x64-windows"
      Z_VCPKG_ROOT_DIR: "C:/Program Files/Microsoft Visual Studio/2022/Enterprise/VC/vcpkg"
    buildResult:
      variable: "SDL_CPU_CHECK_ALL"
      cached: true
      stdout: |
        Change Dir: 'C:/Users/marco/Documents/avans/schooljaar 25_26/Project/box2d_poc/vcpkg_installed/vcpkg/blds/sdl3/x64-windows-rel/CMakeFiles/CMakeTmp/SDL_detect_arch/CMakeFiles/CMakeTmp'
        
        Run Build Command(s): "C:/Program Files/Microsoft Visual Studio/2022/Enterprise/Common7/IDE/CommonExtensions/Microsoft/CMake/Ninja/ninja.exe" -v cmTC_3b049
        [1/2] C:\\PROGRA~1\\MICROS~2\\2022\\ENTERP~1\\VC\\Tools\\MSVC\\1444~1.352\\bin\\Hostx64\\x64\\cl.exe  /nologo   /nologo /DWIN32 /D_WINDOWS /utf-8 /MP   /MDd /Z7 /Ob0 /Od /RTC1  -MDd /showIncludes /FoCMakeFiles\\cmTC_3b049.dir\\SDL_detect_arch.c.obj /FdCMakeFiles\\cmTC_3b049.dir\\cmTC_3b049.pdb /FS -c "C:\\Users\\marco\\Documents\\avans\\schooljaar 25_26\\Project\\box2d_poc\\vcpkg_installed\\vcpkg\\blds\\sdl3\\x64-windows-rel\\CMakeFiles\\CMakeTmp\\SDL_detect_arch.c"
        [2/2] C:\\WINDOWS\\system32\\cmd.exe /C "cd . && C:\\PROGRA~1\\MICROS~2\\2022\\ENTERP~1\\VC\\Tools\\MSVC\\1444~1.352\\bin\\Hostx64\\x64\\lib.exe /nologo /machine:x64 /nologo /out:cmTC_3b049.lib CMakeFiles\\cmTC_3b049.dir\\SDL_detect_arch.c.obj && cd ."
        
      exitCode: 0
  -
    kind: "try_compile-v1"
    backtrace:
      - "C:/Program Files/Microsoft Visual Studio/2022/Enterprise/Common7/IDE/CommonExtensions/Microsoft/CMake/CMake/share/cmake-3.31/Modules/Internal/CheckSourceCompiles.cmake:108 (try_compile)"
      - "C:/Program Files/Microsoft Visual Studio/2022/Enterprise/Common7/IDE/CommonExtensions/Microsoft/CMake/CMake/share/cmake-3.31/Modules/CheckCSourceCompiles.cmake:58 (cmake_check_source_compiles)"
      - "CMakeLists.txt:661 (check_c_source_compiles)"
    checks:
      - "Performing Test COMPILER_SUPPORTS_MMX"
    directories:
      source: "C:/Users/marco/Documents/avans/schooljaar 25_26/Project/box2d_poc/vcpkg_installed/vcpkg/blds/sdl3/x64-windows-rel/CMakeFiles/CMakeScratch/TryCompile-7wxabc"
      binary: "C:/Users/marco/Documents/avans/schooljaar 25_26/Project/box2d_poc/vcpkg_installed/vcpkg/blds/sdl3/x64-windows-rel/CMakeFiles/CMakeScratch/TryCompile-7wxabc"
    cmakeVariables:
      CMAKE_C_FLAGS: " /nologo /DWIN32 /D_WINDOWS /utf-8 /MP "
      CMAKE_C_FLAGS_DEBUG: "/MDd /Z7 /Ob0 /Od /RTC1 "
      CMAKE_EXE_LINKER_FLAGS: "/machine:x64"
      CMAKE_MODULE_PATH: "C:/Users/marco/Documents/avans/schooljaar 25_26/Project/box2d_poc/vcpkg_installed/vcpkg/blds/sdl3/src/ase-3.2.20-9007ca2745.clean/cmake"
      CMAKE_MSVC_DEBUG_INFORMATION_FORMAT: ""
      CMAKE_MSVC_RUNTIME_LIBRARY: "MultiThreaded$<$<CONFIG:Debug>:Debug>$<$<STREQUAL:dynamic,dynamic>:DLL>"
      VCPKG_CHAINLOAD_TOOLCHAIN_FILE: "C:/Program Files/Microsoft Visual Studio/2022/Enterprise/VC/vcpkg/scripts/toolchains/windows.cmake"
      VCPKG_CRT_LINKAGE: "dynamic"
      VCPKG_CXX_FLAGS: ""
      VCPKG_CXX_FLAGS_DEBUG: ""
      VCPKG_CXX_FLAGS_RELEASE: ""
      VCPKG_C_FLAGS: ""
      VCPKG_C_FLAGS_DEBUG: ""
      VCPKG_C_FLAGS_RELEASE: ""
      VCPKG_INSTALLED_DIR: "C:/Users/marco/Documents/avans/schooljaar 25_26/Project/box2d_poc/vcpkg_installed"
      VCPKG_LINKER_FLAGS: ""
      VCPKG_LINKER_FLAGS_DEBUG: ""
      VCPKG_LINKER_FLAGS_RELEASE: ""
      VCPKG_PLATFORM_TOOLSET: "v143"
      VCPKG_PREFER_SYSTEM_LIBS: "OFF"
      VCPKG_SET_CHARSET_FLAG: "ON"
      VCPKG_TARGET_ARCHITECTURE: "x64"
      VCPKG_TARGET_TRIPLET: "x64-windows"
      Z_VCPKG_ROOT_DIR: "C:/Program Files/Microsoft Visual Studio/2022/Enterprise/VC/vcpkg"
    buildResult:
      variable: "COMPILER_SUPPORTS_MMX"
      cached: true
      stdout: |
        Change Dir: 'C:/Users/marco/Documents/avans/schooljaar 25_26/Project/box2d_poc/vcpkg_installed/vcpkg/blds/sdl3/x64-windows-rel/CMakeFiles/CMakeScratch/TryCompile-7wxabc'
        
        Run Build Command(s): "C:/Program Files/Microsoft Visual Studio/2022/Enterprise/Common7/IDE/CommonExtensions/Microsoft/CMake/Ninja/ninja.exe" -v cmTC_5d486
        [1/2] C:\\PROGRA~1\\MICROS~2\\2022\\ENTERP~1\\VC\\Tools\\MSVC\\1444~1.352\\bin\\Hostx64\\x64\\cl.exe  /nologo -DCOMPILER_SUPPORTS_MMX  /nologo /DWIN32 /D_WINDOWS /utf-8 /MP   -D_GNU_SOURCE=1 /MDd /Z7 /Ob0 /Od /RTC1  -MDd /showIncludes /FoCMakeFiles\\cmTC_5d486.dir\\src.c.obj /FdCMakeFiles\\cmTC_5d486.dir\\ /FS -c "C:\\Users\\marco\\Documents\\avans\\schooljaar 25_26\\Project\\box2d_poc\\vcpkg_installed\\vcpkg\\blds\\sdl3\\x64-windows-rel\\CMakeFiles\\CMakeScratch\\TryCompile-7wxabc\\src.c"
        FAILED: CMakeFiles/cmTC_5d486.dir/src.c.obj 
        C:\\PROGRA~1\\MICROS~2\\2022\\ENTERP~1\\VC\\Tools\\MSVC\\1444~1.352\\bin\\Hostx64\\x64\\cl.exe  /nologo -DCOMPILER_SUPPORTS_MMX  /nologo /DWIN32 /D_WINDOWS /utf-8 /MP   -D_GNU_SOURCE=1 /MDd /Z7 /Ob0 /Od /RTC1  -MDd /showIncludes /FoCMakeFiles\\cmTC_5d486.dir\\src.c.obj /FdCMakeFiles\\cmTC_5d486.dir\\ /FS -c "C:\\Users\\marco\\Documents\\avans\\schooljaar 25_26\\Project\\box2d_poc\\vcpkg_installed\\vcpkg\\blds\\sdl3\\x64-windows-rel\\CMakeFiles\\CMakeScratch\\TryCompile-7wxabc\\src.c"
        C:\\Users\\marco\\Documents\\avans\\schooljaar 25_26\\Project\\box2d_poc\\vcpkg_installed\\vcpkg\\blds\\sdl3\\x64-windows-rel\\CMakeFiles\\CMakeScratch\\TryCompile-7wxabc\\src.c(5): error C2440: '=': cannot convert from 'int' to '__m64'
        ninja: build stopped: subcommand failed.
        
      exitCode: 1
  -
    kind: "try_compile-v1"
    backtrace:
      - "C:/Program Files/Microsoft Visual Studio/2022/Enterprise/Common7/IDE/CommonExtensions/Microsoft/CMake/CMake/share/cmake-3.31/Modules/Internal/CheckSourceCompiles.cmake:108 (try_compile)"
      - "C:/Program Files/Microsoft Visual Studio/2022/Enterprise/Common7/IDE/CommonExtensions/Microsoft/CMake/CMake/share/cmake-3.31/Modules/CheckCSourceCompiles.cmake:58 (cmake_check_source_compiles)"
      - "CMakeLists.txt:682 (check_c_source_compiles)"
    checks:
      - "Performing Test COMPILER_SUPPORTS_SSE"
    directories:
      source: "C:/Users/marco/Documents/avans/schooljaar 25_26/Project/box2d_poc/vcpkg_installed/vcpkg/blds/sdl3/x64-windows-rel/CMakeFiles/CMakeScratch/TryCompile-svaun4"
      binary: "C:/Users/marco/Documents/avans/schooljaar 25_26/Project/box2d_poc/vcpkg_installed/vcpkg/blds/sdl3/x64-windows-rel/CMakeFiles/CMakeScratch/TryCompile-svaun4"
    cmakeVariables:
      CMAKE_C_FLAGS: " /nologo /DWIN32 /D_WINDOWS /utf-8 /MP "
      CMAKE_C_FLAGS_DEBUG: "/MDd /Z7 /Ob0 /Od /RTC1 "
      CMAKE_EXE_LINKER_FLAGS: "/machine:x64"
      CMAKE_MODULE_PATH: "C:/Users/marco/Documents/avans/schooljaar 25_26/Project/box2d_poc/vcpkg_installed/vcpkg/blds/sdl3/src/ase-3.2.20-9007ca2745.clean/cmake"
      CMAKE_MSVC_DEBUG_INFORMATION_FORMAT: ""
      CMAKE_MSVC_RUNTIME_LIBRARY: "MultiThreaded$<$<CONFIG:Debug>:Debug>$<$<STREQUAL:dynamic,dynamic>:DLL>"
      VCPKG_CHAINLOAD_TOOLCHAIN_FILE: "C:/Program Files/Microsoft Visual Studio/2022/Enterprise/VC/vcpkg/scripts/toolchains/windows.cmake"
      VCPKG_CRT_LINKAGE: "dynamic"
      VCPKG_CXX_FLAGS: ""
      VCPKG_CXX_FLAGS_DEBUG: ""
      VCPKG_CXX_FLAGS_RELEASE: ""
      VCPKG_C_FLAGS: ""
      VCPKG_C_FLAGS_DEBUG: ""
      VCPKG_C_FLAGS_RELEASE: ""
      VCPKG_INSTALLED_DIR: "C:/Users/marco/Documents/avans/schooljaar 25_26/Project/box2d_poc/vcpkg_installed"
      VCPKG_LINKER_FLAGS: ""
      VCPKG_LINKER_FLAGS_DEBUG: ""
      VCPKG_LINKER_FLAGS_RELEASE: ""
      VCPKG_PLATFORM_TOOLSET: "v143"
      VCPKG_PREFER_SYSTEM_LIBS: "OFF"
      VCPKG_SET_CHARSET_FLAG: "ON"
      VCPKG_TARGET_ARCHITECTURE: "x64"
      VCPKG_TARGET_TRIPLET: "x64-windows"
      Z_VCPKG_ROOT_DIR: "C:/Program Files/Microsoft Visual Studio/2022/Enterprise/VC/vcpkg"
    buildResult:
      variable: "COMPILER_SUPPORTS_SSE"
      cached: true
      stdout: |
        Change Dir: 'C:/Users/marco/Documents/avans/schooljaar 25_26/Project/box2d_poc/vcpkg_installed/vcpkg/blds/sdl3/x64-windows-rel/CMakeFiles/CMakeScratch/TryCompile-svaun4'
        
        Run Build Command(s): "C:/Program Files/Microsoft Visual Studio/2022/Enterprise/Common7/IDE/CommonExtensions/Microsoft/CMake/Ninja/ninja.exe" -v cmTC_cdd4f
        [1/2] C:\\PROGRA~1\\MICROS~2\\2022\\ENTERP~1\\VC\\Tools\\MSVC\\1444~1.352\\bin\\Hostx64\\x64\\cl.exe  /nologo -DCOMPILER_SUPPORTS_SSE  /nologo /DWIN32 /D_WINDOWS /utf-8 /MP   -D_GNU_SOURCE=1 /MDd /Z7 /Ob0 /Od /RTC1  -MDd /showIncludes /FoCMakeFiles\\cmTC_cdd4f.dir\\src.c.obj /FdCMakeFiles\\cmTC_cdd4f.dir\\ /FS -c "C:\\Users\\marco\\Documents\\avans\\schooljaar 25_26\\Project\\box2d_poc\\vcpkg_installed\\vcpkg\\blds\\sdl3\\x64-windows-rel\\CMakeFiles\\CMakeScratch\\TryCompile-svaun4\\src.c"
        [2/2] C:\\WINDOWS\\system32\\cmd.exe /C "cd . && "C:\\Program Files\\Microsoft Visual Studio\\2022\\Enterprise\\Common7\\IDE\\CommonExtensions\\Microsoft\\CMake\\CMake\\bin\\cmake.exe" -E vs_link_exe --msvc-ver=1944 --intdir=CMakeFiles\\cmTC_cdd4f.dir --rc=C:\\PROGRA~2\\WI3CF2~1\\10\\bin\\100261~1.0\\x64\\rc.exe --mt=C:\\PROGRA~2\\WI3CF2~1\\10\\bin\\100261~1.0\\x64\\mt.exe --manifests  -- C:\\PROGRA~1\\MICROS~2\\2022\\ENTERP~1\\VC\\Tools\\MSVC\\1444~1.352\\bin\\Hostx64\\x64\\link.exe /nologo CMakeFiles\\cmTC_cdd4f.dir\\src.c.obj  /out:cmTC_cdd4f.exe /implib:cmTC_cdd4f.lib /pdb:cmTC_cdd4f.pdb /version:0.0 /machine:x64  /nologo    /debug /INCREMENTAL /subsystem:console  kernel32.lib user32.lib gdi32.lib winspool.lib shell32.lib ole32.lib oleaut32.lib uuid.lib comdlg32.lib advapi32.lib && cd ."
        
      exitCode: 0
  -
    kind: "try_compile-v1"
    backtrace:
      - "C:/Program Files/Microsoft Visual Studio/2022/Enterprise/Common7/IDE/CommonExtensions/Microsoft/CMake/CMake/share/cmake-3.31/Modules/Internal/CheckSourceCompiles.cmake:108 (try_compile)"
      - "C:/Program Files/Microsoft Visual Studio/2022/Enterprise/Common7/IDE/CommonExtensions/Microsoft/CMake/CMake/share/cmake-3.31/Modules/CheckCSourceCompiles.cmake:58 (cmake_check_source_compiles)"
      - "CMakeLists.txt:703 (check_c_source_compiles)"
    checks:
      - "Performing Test COMPILER_SUPPORTS_SSE2"
    directories:
      source: "C:/Users/marco/Documents/avans/schooljaar 25_26/Project/box2d_poc/vcpkg_installed/vcpkg/blds/sdl3/x64-windows-rel/CMakeFiles/CMakeScratch/TryCompile-izsfgu"
      binary: "C:/Users/marco/Documents/avans/schooljaar 25_26/Project/box2d_poc/vcpkg_installed/vcpkg/blds/sdl3/x64-windows-rel/CMakeFiles/CMakeScratch/TryCompile-izsfgu"
    cmakeVariables:
      CMAKE_C_FLAGS: " /nologo /DWIN32 /D_WINDOWS /utf-8 /MP "
      CMAKE_C_FLAGS_DEBUG: "/MDd /Z7 /Ob0 /Od /RTC1 "
      CMAKE_EXE_LINKER_FLAGS: "/machine:x64"
      CMAKE_MODULE_PATH: "C:/Users/marco/Documents/avans/schooljaar 25_26/Project/box2d_poc/vcpkg_installed/vcpkg/blds/sdl3/src/ase-3.2.20-9007ca2745.clean/cmake"
      CMAKE_MSVC_DEBUG_INFORMATION_FORMAT: ""
      CMAKE_MSVC_RUNTIME_LIBRARY: "MultiThreaded$<$<CONFIG:Debug>:Debug>$<$<STREQUAL:dynamic,dynamic>:DLL>"
      VCPKG_CHAINLOAD_TOOLCHAIN_FILE: "C:/Program Files/Microsoft Visual Studio/2022/Enterprise/VC/vcpkg/scripts/toolchains/windows.cmake"
      VCPKG_CRT_LINKAGE: "dynamic"
      VCPKG_CXX_FLAGS: ""
      VCPKG_CXX_FLAGS_DEBUG: ""
      VCPKG_CXX_FLAGS_RELEASE: ""
      VCPKG_C_FLAGS: ""
      VCPKG_C_FLAGS_DEBUG: ""
      VCPKG_C_FLAGS_RELEASE: ""
      VCPKG_INSTALLED_DIR: "C:/Users/marco/Documents/avans/schooljaar 25_26/Project/box2d_poc/vcpkg_installed"
      VCPKG_LINKER_FLAGS: ""
      VCPKG_LINKER_FLAGS_DEBUG: ""
      VCPKG_LINKER_FLAGS_RELEASE: ""
      VCPKG_PLATFORM_TOOLSET: "v143"
      VCPKG_PREFER_SYSTEM_LIBS: "OFF"
      VCPKG_SET_CHARSET_FLAG: "ON"
      VCPKG_TARGET_ARCHITECTURE: "x64"
      VCPKG_TARGET_TRIPLET: "x64-windows"
      Z_VCPKG_ROOT_DIR: "C:/Program Files/Microsoft Visual Studio/2022/Enterprise/VC/vcpkg"
    buildResult:
      variable: "COMPILER_SUPPORTS_SSE2"
      cached: true
      stdout: |
        Change Dir: 'C:/Users/marco/Documents/avans/schooljaar 25_26/Project/box2d_poc/vcpkg_installed/vcpkg/blds/sdl3/x64-windows-rel/CMakeFiles/CMakeScratch/TryCompile-izsfgu'
        
        Run Build Command(s): "C:/Program Files/Microsoft Visual Studio/2022/Enterprise/Common7/IDE/CommonExtensions/Microsoft/CMake/Ninja/ninja.exe" -v cmTC_95e19
        [1/2] C:\\PROGRA~1\\MICROS~2\\2022\\ENTERP~1\\VC\\Tools\\MSVC\\1444~1.352\\bin\\Hostx64\\x64\\cl.exe  /nologo -DCOMPILER_SUPPORTS_SSE2  /nologo /DWIN32 /D_WINDOWS /utf-8 /MP   -D_GNU_SOURCE=1 /MDd /Z7 /Ob0 /Od /RTC1  -MDd /showIncludes /FoCMakeFiles\\cmTC_95e19.dir\\src.c.obj /FdCMakeFiles\\cmTC_95e19.dir\\ /FS -c "C:\\Users\\marco\\Documents\\avans\\schooljaar 25_26\\Project\\box2d_poc\\vcpkg_installed\\vcpkg\\blds\\sdl3\\x64-windows-rel\\CMakeFiles\\CMakeScratch\\TryCompile-izsfgu\\src.c"
        [2/2] C:\\WINDOWS\\system32\\cmd.exe /C "cd . && "C:\\Program Files\\Microsoft Visual Studio\\2022\\Enterprise\\Common7\\IDE\\CommonExtensions\\Microsoft\\CMake\\CMake\\bin\\cmake.exe" -E vs_link_exe --msvc-ver=1944 --intdir=CMakeFiles\\cmTC_95e19.dir --rc=C:\\PROGRA~2\\WI3CF2~1\\10\\bin\\100261~1.0\\x64\\rc.exe --mt=C:\\PROGRA~2\\WI3CF2~1\\10\\bin\\100261~1.0\\x64\\mt.exe --manifests  -- C:\\PROGRA~1\\MICROS~2\\2022\\ENTERP~1\\VC\\Tools\\MSVC\\1444~1.352\\bin\\Hostx64\\x64\\link.exe /nologo CMakeFiles\\cmTC_95e19.dir\\src.c.obj  /out:cmTC_95e19.exe /implib:cmTC_95e19.lib /pdb:cmTC_95e19.pdb /version:0.0 /machine:x64  /nologo    /debug /INCREMENTAL /subsystem:console  kernel32.lib user32.lib gdi32.lib winspool.lib shell32.lib ole32.lib oleaut32.lib uuid.lib comdlg32.lib advapi32.lib && cd ."
        
      exitCode: 0
  -
    kind: "try_compile-v1"
    backtrace:
      - "C:/Program Files/Microsoft Visual Studio/2022/Enterprise/Common7/IDE/CommonExtensions/Microsoft/CMake/CMake/share/cmake-3.31/Modules/Internal/CheckSourceCompiles.cmake:108 (try_compile)"
      - "C:/Program Files/Microsoft Visual Studio/2022/Enterprise/Common7/IDE/CommonExtensions/Microsoft/CMake/CMake/share/cmake-3.31/Modules/CheckCSourceCompiles.cmake:58 (cmake_check_source_compiles)"
      - "CMakeLists.txt:724 (check_c_source_compiles)"
    checks:
      - "Performing Test COMPILER_SUPPORTS_SSE3"
    directories:
      source: "C:/Users/marco/Documents/avans/schooljaar 25_26/Project/box2d_poc/vcpkg_installed/vcpkg/blds/sdl3/x64-windows-rel/CMakeFiles/CMakeScratch/TryCompile-ttvjbt"
      binary: "C:/Users/marco/Documents/avans/schooljaar 25_26/Project/box2d_poc/vcpkg_installed/vcpkg/blds/sdl3/x64-windows-rel/CMakeFiles/CMakeScratch/TryCompile-ttvjbt"
    cmakeVariables:
      CMAKE_C_FLAGS: " /nologo /DWIN32 /D_WINDOWS /utf-8 /MP "
      CMAKE_C_FLAGS_DEBUG: "/MDd /Z7 /Ob0 /Od /RTC1 "
      CMAKE_EXE_LINKER_FLAGS: "/machine:x64"
      CMAKE_MODULE_PATH: "C:/Users/marco/Documents/avans/schooljaar 25_26/Project/box2d_poc/vcpkg_installed/vcpkg/blds/sdl3/src/ase-3.2.20-9007ca2745.clean/cmake"
      CMAKE_MSVC_DEBUG_INFORMATION_FORMAT: ""
      CMAKE_MSVC_RUNTIME_LIBRARY: "MultiThreaded$<$<CONFIG:Debug>:Debug>$<$<STREQUAL:dynamic,dynamic>:DLL>"
      VCPKG_CHAINLOAD_TOOLCHAIN_FILE: "C:/Program Files/Microsoft Visual Studio/2022/Enterprise/VC/vcpkg/scripts/toolchains/windows.cmake"
      VCPKG_CRT_LINKAGE: "dynamic"
      VCPKG_CXX_FLAGS: ""
      VCPKG_CXX_FLAGS_DEBUG: ""
      VCPKG_CXX_FLAGS_RELEASE: ""
      VCPKG_C_FLAGS: ""
      VCPKG_C_FLAGS_DEBUG: ""
      VCPKG_C_FLAGS_RELEASE: ""
      VCPKG_INSTALLED_DIR: "C:/Users/marco/Documents/avans/schooljaar 25_26/Project/box2d_poc/vcpkg_installed"
      VCPKG_LINKER_FLAGS: ""
      VCPKG_LINKER_FLAGS_DEBUG: ""
      VCPKG_LINKER_FLAGS_RELEASE: ""
      VCPKG_PLATFORM_TOOLSET: "v143"
      VCPKG_PREFER_SYSTEM_LIBS: "OFF"
      VCPKG_SET_CHARSET_FLAG: "ON"
      VCPKG_TARGET_ARCHITECTURE: "x64"
      VCPKG_TARGET_TRIPLET: "x64-windows"
      Z_VCPKG_ROOT_DIR: "C:/Program Files/Microsoft Visual Studio/2022/Enterprise/VC/vcpkg"
    buildResult:
      variable: "COMPILER_SUPPORTS_SSE3"
      cached: true
      stdout: |
        Change Dir: 'C:/Users/marco/Documents/avans/schooljaar 25_26/Project/box2d_poc/vcpkg_installed/vcpkg/blds/sdl3/x64-windows-rel/CMakeFiles/CMakeScratch/TryCompile-ttvjbt'
        
        Run Build Command(s): "C:/Program Files/Microsoft Visual Studio/2022/Enterprise/Common7/IDE/CommonExtensions/Microsoft/CMake/Ninja/ninja.exe" -v cmTC_326e4
        [1/2] C:\\PROGRA~1\\MICROS~2\\2022\\ENTERP~1\\VC\\Tools\\MSVC\\1444~1.352\\bin\\Hostx64\\x64\\cl.exe  /nologo -DCOMPILER_SUPPORTS_SSE3  /nologo /DWIN32 /D_WINDOWS /utf-8 /MP   -D_GNU_SOURCE=1 /MDd /Z7 /Ob0 /Od /RTC1  -MDd /showIncludes /FoCMakeFiles\\cmTC_326e4.dir\\src.c.obj /FdCMakeFiles\\cmTC_326e4.dir\\ /FS -c "C:\\Users\\marco\\Documents\\avans\\schooljaar 25_26\\Project\\box2d_poc\\vcpkg_installed\\vcpkg\\blds\\sdl3\\x64-windows-rel\\CMakeFiles\\CMakeScratch\\TryCompile-ttvjbt\\src.c"
        [2/2] C:\\WINDOWS\\system32\\cmd.exe /C "cd . && "C:\\Program Files\\Microsoft Visual Studio\\2022\\Enterprise\\Common7\\IDE\\CommonExtensions\\Microsoft\\CMake\\CMake\\bin\\cmake.exe" -E vs_link_exe --msvc-ver=1944 --intdir=CMakeFiles\\cmTC_326e4.dir --rc=C:\\PROGRA~2\\WI3CF2~1\\10\\bin\\100261~1.0\\x64\\rc.exe --mt=C:\\PROGRA~2\\WI3CF2~1\\10\\bin\\100261~1.0\\x64\\mt.exe --manifests  -- C:\\PROGRA~1\\MICROS~2\\2022\\ENTERP~1\\VC\\Tools\\MSVC\\1444~1.352\\bin\\Hostx64\\x64\\link.exe /nologo CMakeFiles\\cmTC_326e4.dir\\src.c.obj  /out:cmTC_326e4.exe /implib:cmTC_326e4.lib /pdb:cmTC_326e4.pdb /version:0.0 /machine:x64  /nologo    /debug /INCREMENTAL /subsystem:console  kernel32.lib user32.lib gdi32.lib winspool.lib shell32.lib ole32.lib oleaut32.lib uuid.lib comdlg32.lib advapi32.lib && cd ."
        
      exitCode: 0
  -
    kind: "try_compile-v1"
    backtrace:
      - "C:/Program Files/Microsoft Visual Studio/2022/Enterprise/Common7/IDE/CommonExtensions/Microsoft/CMake/CMake/share/cmake-3.31/Modules/Internal/CheckSourceCompiles.cmake:108 (try_compile)"
      - "C:/Program Files/Microsoft Visual Studio/2022/Enterprise/Common7/IDE/CommonExtensions/Microsoft/CMake/CMake/share/cmake-3.31/Modules/CheckCSourceCompiles.cmake:58 (cmake_check_source_compiles)"
      - "CMakeLists.txt:745 (check_c_source_compiles)"
    checks:
      - "Performing Test COMPILER_SUPPORTS_SSE4_1"
    directories:
      source: "C:/Users/marco/Documents/avans/schooljaar 25_26/Project/box2d_poc/vcpkg_installed/vcpkg/blds/sdl3/x64-windows-rel/CMakeFiles/CMakeScratch/TryCompile-ym8hv2"
      binary: "C:/Users/marco/Documents/avans/schooljaar 25_26/Project/box2d_poc/vcpkg_installed/vcpkg/blds/sdl3/x64-windows-rel/CMakeFiles/CMakeScratch/TryCompile-ym8hv2"
    cmakeVariables:
      CMAKE_C_FLAGS: " /nologo /DWIN32 /D_WINDOWS /utf-8 /MP "
      CMAKE_C_FLAGS_DEBUG: "/MDd /Z7 /Ob0 /Od /RTC1 "
      CMAKE_EXE_LINKER_FLAGS: "/machine:x64"
      CMAKE_MODULE_PATH: "C:/Users/marco/Documents/avans/schooljaar 25_26/Project/box2d_poc/vcpkg_installed/vcpkg/blds/sdl3/src/ase-3.2.20-9007ca2745.clean/cmake"
      CMAKE_MSVC_DEBUG_INFORMATION_FORMAT: ""
      CMAKE_MSVC_RUNTIME_LIBRARY: "MultiThreaded$<$<CONFIG:Debug>:Debug>$<$<STREQUAL:dynamic,dynamic>:DLL>"
      VCPKG_CHAINLOAD_TOOLCHAIN_FILE: "C:/Program Files/Microsoft Visual Studio/2022/Enterprise/VC/vcpkg/scripts/toolchains/windows.cmake"
      VCPKG_CRT_LINKAGE: "dynamic"
      VCPKG_CXX_FLAGS: ""
      VCPKG_CXX_FLAGS_DEBUG: ""
      VCPKG_CXX_FLAGS_RELEASE: ""
      VCPKG_C_FLAGS: ""
      VCPKG_C_FLAGS_DEBUG: ""
      VCPKG_C_FLAGS_RELEASE: ""
      VCPKG_INSTALLED_DIR: "C:/Users/marco/Documents/avans/schooljaar 25_26/Project/box2d_poc/vcpkg_installed"
      VCPKG_LINKER_FLAGS: ""
      VCPKG_LINKER_FLAGS_DEBUG: ""
      VCPKG_LINKER_FLAGS_RELEASE: ""
      VCPKG_PLATFORM_TOOLSET: "v143"
      VCPKG_PREFER_SYSTEM_LIBS: "OFF"
      VCPKG_SET_CHARSET_FLAG: "ON"
      VCPKG_TARGET_ARCHITECTURE: "x64"
      VCPKG_TARGET_TRIPLET: "x64-windows"
      Z_VCPKG_ROOT_DIR: "C:/Program Files/Microsoft Visual Studio/2022/Enterprise/VC/vcpkg"
    buildResult:
      variable: "COMPILER_SUPPORTS_SSE4_1"
      cached: true
      stdout: |
        Change Dir: 'C:/Users/marco/Documents/avans/schooljaar 25_26/Project/box2d_poc/vcpkg_installed/vcpkg/blds/sdl3/x64-windows-rel/CMakeFiles/CMakeScratch/TryCompile-ym8hv2'
        
        Run Build Command(s): "C:/Program Files/Microsoft Visual Studio/2022/Enterprise/Common7/IDE/CommonExtensions/Microsoft/CMake/Ninja/ninja.exe" -v cmTC_d02a1
        [1/2] C:\\PROGRA~1\\MICROS~2\\2022\\ENTERP~1\\VC\\Tools\\MSVC\\1444~1.352\\bin\\Hostx64\\x64\\cl.exe  /nologo -DCOMPILER_SUPPORTS_SSE4_1  /nologo /DWIN32 /D_WINDOWS /utf-8 /MP   -D_GNU_SOURCE=1 /MDd /Z7 /Ob0 /Od /RTC1  -MDd /showIncludes /FoCMakeFiles\\cmTC_d02a1.dir\\src.c.obj /FdCMakeFiles\\cmTC_d02a1.dir\\ /FS -c "C:\\Users\\marco\\Documents\\avans\\schooljaar 25_26\\Project\\box2d_poc\\vcpkg_installed\\vcpkg\\blds\\sdl3\\x64-windows-rel\\CMakeFiles\\CMakeScratch\\TryCompile-ym8hv2\\src.c"
        [2/2] C:\\WINDOWS\\system32\\cmd.exe /C "cd . && "C:\\Program Files\\Microsoft Visual Studio\\2022\\Enterprise\\Common7\\IDE\\CommonExtensions\\Microsoft\\CMake\\CMake\\bin\\cmake.exe" -E vs_link_exe --msvc-ver=1944 --intdir=CMakeFiles\\cmTC_d02a1.dir --rc=C:\\PROGRA~2\\WI3CF2~1\\10\\bin\\100261~1.0\\x64\\rc.exe --mt=C:\\PROGRA~2\\WI3CF2~1\\10\\bin\\100261~1.0\\x64\\mt.exe --manifests  -- C:\\PROGRA~1\\MICROS~2\\2022\\ENTERP~1\\VC\\Tools\\MSVC\\1444~1.352\\bin\\Hostx64\\x64\\link.exe /nologo CMakeFiles\\cmTC_d02a1.dir\\src.c.obj  /out:cmTC_d02a1.exe /implib:cmTC_d02a1.lib /pdb:cmTC_d02a1.pdb /version:0.0 /machine:x64  /nologo    /debug /INCREMENTAL /subsystem:console  kernel32.lib user32.lib gdi32.lib winspool.lib shell32.lib ole32.lib oleaut32.lib uuid.lib comdlg32.lib advapi32.lib && cd ."
        
      exitCode: 0
  -
    kind: "try_compile-v1"
    backtrace:
      - "C:/Program Files/Microsoft Visual Studio/2022/Enterprise/Common7/IDE/CommonExtensions/Microsoft/CMake/CMake/share/cmake-3.31/Modules/Internal/CheckSourceCompiles.cmake:108 (try_compile)"
      - "C:/Program Files/Microsoft Visual Studio/2022/Enterprise/Common7/IDE/CommonExtensions/Microsoft/CMake/CMake/share/cmake-3.31/Modules/CheckCSourceCompiles.cmake:58 (cmake_check_source_compiles)"
      - "CMakeLists.txt:766 (check_c_source_compiles)"
    checks:
      - "Performing Test COMPILER_SUPPORTS_SSE4_2"
    directories:
      source: "C:/Users/marco/Documents/avans/schooljaar 25_26/Project/box2d_poc/vcpkg_installed/vcpkg/blds/sdl3/x64-windows-rel/CMakeFiles/CMakeScratch/TryCompile-l48cnb"
      binary: "C:/Users/marco/Documents/avans/schooljaar 25_26/Project/box2d_poc/vcpkg_installed/vcpkg/blds/sdl3/x64-windows-rel/CMakeFiles/CMakeScratch/TryCompile-l48cnb"
    cmakeVariables:
      CMAKE_C_FLAGS: " /nologo /DWIN32 /D_WINDOWS /utf-8 /MP "
      CMAKE_C_FLAGS_DEBUG: "/MDd /Z7 /Ob0 /Od /RTC1 "
      CMAKE_EXE_LINKER_FLAGS: "/machine:x64"
      CMAKE_MODULE_PATH: "C:/Users/marco/Documents/avans/schooljaar 25_26/Project/box2d_poc/vcpkg_installed/vcpkg/blds/sdl3/src/ase-3.2.20-9007ca2745.clean/cmake"
      CMAKE_MSVC_DEBUG_INFORMATION_FORMAT: ""
      CMAKE_MSVC_RUNTIME_LIBRARY: "MultiThreaded$<$<CONFIG:Debug>:Debug>$<$<STREQUAL:dynamic,dynamic>:DLL>"
      VCPKG_CHAINLOAD_TOOLCHAIN_FILE: "C:/Program Files/Microsoft Visual Studio/2022/Enterprise/VC/vcpkg/scripts/toolchains/windows.cmake"
      VCPKG_CRT_LINKAGE: "dynamic"
      VCPKG_CXX_FLAGS: ""
      VCPKG_CXX_FLAGS_DEBUG: ""
      VCPKG_CXX_FLAGS_RELEASE: ""
      VCPKG_C_FLAGS: ""
      VCPKG_C_FLAGS_DEBUG: ""
      VCPKG_C_FLAGS_RELEASE: ""
      VCPKG_INSTALLED_DIR: "C:/Users/marco/Documents/avans/schooljaar 25_26/Project/box2d_poc/vcpkg_installed"
      VCPKG_LINKER_FLAGS: ""
      VCPKG_LINKER_FLAGS_DEBUG: ""
      VCPKG_LINKER_FLAGS_RELEASE: ""
      VCPKG_PLATFORM_TOOLSET: "v143"
      VCPKG_PREFER_SYSTEM_LIBS: "OFF"
      VCPKG_SET_CHARSET_FLAG: "ON"
      VCPKG_TARGET_ARCHITECTURE: "x64"
      VCPKG_TARGET_TRIPLET: "x64-windows"
      Z_VCPKG_ROOT_DIR: "C:/Program Files/Microsoft Visual Studio/2022/Enterprise/VC/vcpkg"
    buildResult:
      variable: "COMPILER_SUPPORTS_SSE4_2"
      cached: true
      stdout: |
        Change Dir: 'C:/Users/marco/Documents/avans/schooljaar 25_26/Project/box2d_poc/vcpkg_installed/vcpkg/blds/sdl3/x64-windows-rel/CMakeFiles/CMakeScratch/TryCompile-l48cnb'
        
        Run Build Command(s): "C:/Program Files/Microsoft Visual Studio/2022/Enterprise/Common7/IDE/CommonExtensions/Microsoft/CMake/Ninja/ninja.exe" -v cmTC_ae0de
        [1/2] C:\\PROGRA~1\\MICROS~2\\2022\\ENTERP~1\\VC\\Tools\\MSVC\\1444~1.352\\bin\\Hostx64\\x64\\cl.exe  /nologo -DCOMPILER_SUPPORTS_SSE4_2  /nologo /DWIN32 /D_WINDOWS /utf-8 /MP   -D_GNU_SOURCE=1 /MDd /Z7 /Ob0 /Od /RTC1  -MDd /showIncludes /FoCMakeFiles\\cmTC_ae0de.dir\\src.c.obj /FdCMakeFiles\\cmTC_ae0de.dir\\ /FS -c "C:\\Users\\marco\\Documents\\avans\\schooljaar 25_26\\Project\\box2d_poc\\vcpkg_installed\\vcpkg\\blds\\sdl3\\x64-windows-rel\\CMakeFiles\\CMakeScratch\\TryCompile-l48cnb\\src.c"
        [2/2] C:\\WINDOWS\\system32\\cmd.exe /C "cd . && "C:\\Program Files\\Microsoft Visual Studio\\2022\\Enterprise\\Common7\\IDE\\CommonExtensions\\Microsoft\\CMake\\CMake\\bin\\cmake.exe" -E vs_link_exe --msvc-ver=1944 --intdir=CMakeFiles\\cmTC_ae0de.dir --rc=C:\\PROGRA~2\\WI3CF2~1\\10\\bin\\100261~1.0\\x64\\rc.exe --mt=C:\\PROGRA~2\\WI3CF2~1\\10\\bin\\100261~1.0\\x64\\mt.exe --manifests  -- C:\\PROGRA~1\\MICROS~2\\2022\\ENTERP~1\\VC\\Tools\\MSVC\\1444~1.352\\bin\\Hostx64\\x64\\link.exe /nologo CMakeFiles\\cmTC_ae0de.dir\\src.c.obj  /out:cmTC_ae0de.exe /implib:cmTC_ae0de.lib /pdb:cmTC_ae0de.pdb /version:0.0 /machine:x64  /nologo    /debug /INCREMENTAL /subsystem:console  kernel32.lib user32.lib gdi32.lib winspool.lib shell32.lib ole32.lib oleaut32.lib uuid.lib comdlg32.lib advapi32.lib && cd ."
        
      exitCode: 0
  -
    kind: "try_compile-v1"
    backtrace:
      - "C:/Program Files/Microsoft Visual Studio/2022/Enterprise/Common7/IDE/CommonExtensions/Microsoft/CMake/CMake/share/cmake-3.31/Modules/Internal/CheckSourceCompiles.cmake:108 (try_compile)"
      - "C:/Program Files/Microsoft Visual Studio/2022/Enterprise/Common7/IDE/CommonExtensions/Microsoft/CMake/CMake/share/cmake-3.31/Modules/CheckCSourceCompiles.cmake:58 (cmake_check_source_compiles)"
      - "CMakeLists.txt:789 (check_c_source_compiles)"
    checks:
      - "Performing Test COMPILER_SUPPORTS_AVX"
    directories:
      source: "C:/Users/marco/Documents/avans/schooljaar 25_26/Project/box2d_poc/vcpkg_installed/vcpkg/blds/sdl3/x64-windows-rel/CMakeFiles/CMakeScratch/TryCompile-j16tm2"
      binary: "C:/Users/marco/Documents/avans/schooljaar 25_26/Project/box2d_poc/vcpkg_installed/vcpkg/blds/sdl3/x64-windows-rel/CMakeFiles/CMakeScratch/TryCompile-j16tm2"
    cmakeVariables:
      CMAKE_C_FLAGS: " /nologo /DWIN32 /D_WINDOWS /utf-8 /MP "
      CMAKE_C_FLAGS_DEBUG: "/MDd /Z7 /Ob0 /Od /RTC1 "
      CMAKE_EXE_LINKER_FLAGS: "/machine:x64"
      CMAKE_MODULE_PATH: "C:/Users/marco/Documents/avans/schooljaar 25_26/Project/box2d_poc/vcpkg_installed/vcpkg/blds/sdl3/src/ase-3.2.20-9007ca2745.clean/cmake"
      CMAKE_MSVC_DEBUG_INFORMATION_FORMAT: ""
      CMAKE_MSVC_RUNTIME_LIBRARY: "MultiThreaded$<$<CONFIG:Debug>:Debug>$<$<STREQUAL:dynamic,dynamic>:DLL>"
      VCPKG_CHAINLOAD_TOOLCHAIN_FILE: "C:/Program Files/Microsoft Visual Studio/2022/Enterprise/VC/vcpkg/scripts/toolchains/windows.cmake"
      VCPKG_CRT_LINKAGE: "dynamic"
      VCPKG_CXX_FLAGS: ""
      VCPKG_CXX_FLAGS_DEBUG: ""
      VCPKG_CXX_FLAGS_RELEASE: ""
      VCPKG_C_FLAGS: ""
      VCPKG_C_FLAGS_DEBUG: ""
      VCPKG_C_FLAGS_RELEASE: ""
      VCPKG_INSTALLED_DIR: "C:/Users/marco/Documents/avans/schooljaar 25_26/Project/box2d_poc/vcpkg_installed"
      VCPKG_LINKER_FLAGS: ""
      VCPKG_LINKER_FLAGS_DEBUG: ""
      VCPKG_LINKER_FLAGS_RELEASE: ""
      VCPKG_PLATFORM_TOOLSET: "v143"
      VCPKG_PREFER_SYSTEM_LIBS: "OFF"
      VCPKG_SET_CHARSET_FLAG: "ON"
      VCPKG_TARGET_ARCHITECTURE: "x64"
      VCPKG_TARGET_TRIPLET: "x64-windows"
      Z_VCPKG_ROOT_DIR: "C:/Program Files/Microsoft Visual Studio/2022/Enterprise/VC/vcpkg"
    buildResult:
      variable: "COMPILER_SUPPORTS_AVX"
      cached: true
      stdout: |
        Change Dir: 'C:/Users/marco/Documents/avans/schooljaar 25_26/Project/box2d_poc/vcpkg_installed/vcpkg/blds/sdl3/x64-windows-rel/CMakeFiles/CMakeScratch/TryCompile-j16tm2'
        
        Run Build Command(s): "C:/Program Files/Microsoft Visual Studio/2022/Enterprise/Common7/IDE/CommonExtensions/Microsoft/CMake/Ninja/ninja.exe" -v cmTC_05276
        [1/2] C:\\PROGRA~1\\MICROS~2\\2022\\ENTERP~1\\VC\\Tools\\MSVC\\1444~1.352\\bin\\Hostx64\\x64\\cl.exe  /nologo -DCOMPILER_SUPPORTS_AVX  /nologo /DWIN32 /D_WINDOWS /utf-8 /MP   -D_GNU_SOURCE=1 /MDd /Z7 /Ob0 /Od /RTC1  -MDd /showIncludes /FoCMakeFiles\\cmTC_05276.dir\\src.c.obj /FdCMakeFiles\\cmTC_05276.dir\\ /FS -c "C:\\Users\\marco\\Documents\\avans\\schooljaar 25_26\\Project\\box2d_poc\\vcpkg_installed\\vcpkg\\blds\\sdl3\\x64-windows-rel\\CMakeFiles\\CMakeScratch\\TryCompile-j16tm2\\src.c"
        [2/2] C:\\WINDOWS\\system32\\cmd.exe /C "cd . && "C:\\Program Files\\Microsoft Visual Studio\\2022\\Enterprise\\Common7\\IDE\\CommonExtensions\\Microsoft\\CMake\\CMake\\bin\\cmake.exe" -E vs_link_exe --msvc-ver=1944 --intdir=CMakeFiles\\cmTC_05276.dir --rc=C:\\PROGRA~2\\WI3CF2~1\\10\\bin\\100261~1.0\\x64\\rc.exe --mt=C:\\PROGRA~2\\WI3CF2~1\\10\\bin\\100261~1.0\\x64\\mt.exe --manifests  -- C:\\PROGRA~1\\MICROS~2\\2022\\ENTERP~1\\VC\\Tools\\MSVC\\1444~1.352\\bin\\Hostx64\\x64\\link.exe /nologo CMakeFiles\\cmTC_05276.dir\\src.c.obj  /out:cmTC_05276.exe /implib:cmTC_05276.lib /pdb:cmTC_05276.pdb /version:0.0 /machine:x64  /nologo    /debug /INCREMENTAL /subsystem:console  kernel32.lib user32.lib gdi32.lib winspool.lib shell32.lib ole32.lib oleaut32.lib uuid.lib comdlg32.lib advapi32.lib && cd ."
        
      exitCode: 0
  -
    kind: "try_compile-v1"
    backtrace:
      - "C:/Program Files/Microsoft Visual Studio/2022/Enterprise/Common7/IDE/CommonExtensions/Microsoft/CMake/CMake/share/cmake-3.31/Modules/Internal/CheckSourceCompiles.cmake:108 (try_compile)"
      - "C:/Program Files/Microsoft Visual Studio/2022/Enterprise/Common7/IDE/CommonExtensions/Microsoft/CMake/CMake/share/cmake-3.31/Modules/CheckCSourceCompiles.cmake:58 (cmake_check_source_compiles)"
      - "CMakeLists.txt:810 (check_c_source_compiles)"
    checks:
      - "Performing Test COMPILER_SUPPORTS_AVX2"
    directories:
      source: "C:/Users/marco/Documents/avans/schooljaar 25_26/Project/box2d_poc/vcpkg_installed/vcpkg/blds/sdl3/x64-windows-rel/CMakeFiles/CMakeScratch/TryCompile-uourwk"
      binary: "C:/Users/marco/Documents/avans/schooljaar 25_26/Project/box2d_poc/vcpkg_installed/vcpkg/blds/sdl3/x64-windows-rel/CMakeFiles/CMakeScratch/TryCompile-uourwk"
    cmakeVariables:
      CMAKE_C_FLAGS: " /nologo /DWIN32 /D_WINDOWS /utf-8 /MP "
      CMAKE_C_FLAGS_DEBUG: "/MDd /Z7 /Ob0 /Od /RTC1 "
      CMAKE_EXE_LINKER_FLAGS: "/machine:x64"
      CMAKE_MODULE_PATH: "C:/Users/marco/Documents/avans/schooljaar 25_26/Project/box2d_poc/vcpkg_installed/vcpkg/blds/sdl3/src/ase-3.2.20-9007ca2745.clean/cmake"
      CMAKE_MSVC_DEBUG_INFORMATION_FORMAT: ""
      CMAKE_MSVC_RUNTIME_LIBRARY: "MultiThreaded$<$<CONFIG:Debug>:Debug>$<$<STREQUAL:dynamic,dynamic>:DLL>"
      VCPKG_CHAINLOAD_TOOLCHAIN_FILE: "C:/Program Files/Microsoft Visual Studio/2022/Enterprise/VC/vcpkg/scripts/toolchains/windows.cmake"
      VCPKG_CRT_LINKAGE: "dynamic"
      VCPKG_CXX_FLAGS: ""
      VCPKG_CXX_FLAGS_DEBUG: ""
      VCPKG_CXX_FLAGS_RELEASE: ""
      VCPKG_C_FLAGS: ""
      VCPKG_C_FLAGS_DEBUG: ""
      VCPKG_C_FLAGS_RELEASE: ""
      VCPKG_INSTALLED_DIR: "C:/Users/marco/Documents/avans/schooljaar 25_26/Project/box2d_poc/vcpkg_installed"
      VCPKG_LINKER_FLAGS: ""
      VCPKG_LINKER_FLAGS_DEBUG: ""
      VCPKG_LINKER_FLAGS_RELEASE: ""
      VCPKG_PLATFORM_TOOLSET: "v143"
      VCPKG_PREFER_SYSTEM_LIBS: "OFF"
      VCPKG_SET_CHARSET_FLAG: "ON"
      VCPKG_TARGET_ARCHITECTURE: "x64"
      VCPKG_TARGET_TRIPLET: "x64-windows"
      Z_VCPKG_ROOT_DIR: "C:/Program Files/Microsoft Visual Studio/2022/Enterprise/VC/vcpkg"
    buildResult:
      variable: "COMPILER_SUPPORTS_AVX2"
      cached: true
      stdout: |
        Change Dir: 'C:/Users/marco/Documents/avans/schooljaar 25_26/Project/box2d_poc/vcpkg_installed/vcpkg/blds/sdl3/x64-windows-rel/CMakeFiles/CMakeScratch/TryCompile-uourwk'
        
        Run Build Command(s): "C:/Program Files/Microsoft Visual Studio/2022/Enterprise/Common7/IDE/CommonExtensions/Microsoft/CMake/Ninja/ninja.exe" -v cmTC_9cdb5
        [1/2] C:\\PROGRA~1\\MICROS~2\\2022\\ENTERP~1\\VC\\Tools\\MSVC\\1444~1.352\\bin\\Hostx64\\x64\\cl.exe  /nologo -DCOMPILER_SUPPORTS_AVX2  /nologo /DWIN32 /D_WINDOWS /utf-8 /MP   -D_GNU_SOURCE=1 /MDd /Z7 /Ob0 /Od /RTC1  -MDd /showIncludes /FoCMakeFiles\\cmTC_9cdb5.dir\\src.c.obj /FdCMakeFiles\\cmTC_9cdb5.dir\\ /FS -c "C:\\Users\\marco\\Documents\\avans\\schooljaar 25_26\\Project\\box2d_poc\\vcpkg_installed\\vcpkg\\blds\\sdl3\\x64-windows-rel\\CMakeFiles\\CMakeScratch\\TryCompile-uourwk\\src.c"
        [2/2] C:\\WINDOWS\\system32\\cmd.exe /C "cd . && "C:\\Program Files\\Microsoft Visual Studio\\2022\\Enterprise\\Common7\\IDE\\CommonExtensions\\Microsoft\\CMake\\CMake\\bin\\cmake.exe" -E vs_link_exe --msvc-ver=1944 --intdir=CMakeFiles\\cmTC_9cdb5.dir --rc=C:\\PROGRA~2\\WI3CF2~1\\10\\bin\\100261~1.0\\x64\\rc.exe --mt=C:\\PROGRA~2\\WI3CF2~1\\10\\bin\\100261~1.0\\x64\\mt.exe --manifests  -- C:\\PROGRA~1\\MICROS~2\\2022\\ENTERP~1\\VC\\Tools\\MSVC\\1444~1.352\\bin\\Hostx64\\x64\\link.exe /nologo CMakeFiles\\cmTC_9cdb5.dir\\src.c.obj  /out:cmTC_9cdb5.exe /implib:cmTC_9cdb5.lib /pdb:cmTC_9cdb5.pdb /version:0.0 /machine:x64  /nologo    /debug /INCREMENTAL /subsystem:console  kernel32.lib user32.lib gdi32.lib winspool.lib shell32.lib ole32.lib oleaut32.lib uuid.lib comdlg32.lib advapi32.lib && cd ."
        
      exitCode: 0
  -
    kind: "try_compile-v1"
    backtrace:
      - "C:/Program Files/Microsoft Visual Studio/2022/Enterprise/Common7/IDE/CommonExtensions/Microsoft/CMake/CMake/share/cmake-3.31/Modules/Internal/CheckSourceCompiles.cmake:108 (try_compile)"
      - "C:/Program Files/Microsoft Visual Studio/2022/Enterprise/Common7/IDE/CommonExtensions/Microsoft/CMake/CMake/share/cmake-3.31/Modules/CheckCSourceCompiles.cmake:58 (cmake_check_source_compiles)"
      - "CMakeLists.txt:831 (check_c_source_compiles)"
    checks:
      - "Performing Test COMPILER_SUPPORTS_AVX512F"
    directories:
      source: "C:/Users/marco/Documents/avans/schooljaar 25_26/Project/box2d_poc/vcpkg_installed/vcpkg/blds/sdl3/x64-windows-rel/CMakeFiles/CMakeScratch/TryCompile-ukeg93"
      binary: "C:/Users/marco/Documents/avans/schooljaar 25_26/Project/box2d_poc/vcpkg_installed/vcpkg/blds/sdl3/x64-windows-rel/CMakeFiles/CMakeScratch/TryCompile-ukeg93"
    cmakeVariables:
      CMAKE_C_FLAGS: " /nologo /DWIN32 /D_WINDOWS /utf-8 /MP "
      CMAKE_C_FLAGS_DEBUG: "/MDd /Z7 /Ob0 /Od /RTC1 "
      CMAKE_EXE_LINKER_FLAGS: "/machine:x64"
      CMAKE_MODULE_PATH: "C:/Users/marco/Documents/avans/schooljaar 25_26/Project/box2d_poc/vcpkg_installed/vcpkg/blds/sdl3/src/ase-3.2.20-9007ca2745.clean/cmake"
      CMAKE_MSVC_DEBUG_INFORMATION_FORMAT: ""
      CMAKE_MSVC_RUNTIME_LIBRARY: "MultiThreaded$<$<CONFIG:Debug>:Debug>$<$<STREQUAL:dynamic,dynamic>:DLL>"
      VCPKG_CHAINLOAD_TOOLCHAIN_FILE: "C:/Program Files/Microsoft Visual Studio/2022/Enterprise/VC/vcpkg/scripts/toolchains/windows.cmake"
      VCPKG_CRT_LINKAGE: "dynamic"
      VCPKG_CXX_FLAGS: ""
      VCPKG_CXX_FLAGS_DEBUG: ""
      VCPKG_CXX_FLAGS_RELEASE: ""
      VCPKG_C_FLAGS: ""
      VCPKG_C_FLAGS_DEBUG: ""
      VCPKG_C_FLAGS_RELEASE: ""
      VCPKG_INSTALLED_DIR: "C:/Users/marco/Documents/avans/schooljaar 25_26/Project/box2d_poc/vcpkg_installed"
      VCPKG_LINKER_FLAGS: ""
      VCPKG_LINKER_FLAGS_DEBUG: ""
      VCPKG_LINKER_FLAGS_RELEASE: ""
      VCPKG_PLATFORM_TOOLSET: "v143"
      VCPKG_PREFER_SYSTEM_LIBS: "OFF"
      VCPKG_SET_CHARSET_FLAG: "ON"
      VCPKG_TARGET_ARCHITECTURE: "x64"
      VCPKG_TARGET_TRIPLET: "x64-windows"
      Z_VCPKG_ROOT_DIR: "C:/Program Files/Microsoft Visual Studio/2022/Enterprise/VC/vcpkg"
    buildResult:
      variable: "COMPILER_SUPPORTS_AVX512F"
      cached: true
      stdout: |
        Change Dir: 'C:/Users/marco/Documents/avans/schooljaar 25_26/Project/box2d_poc/vcpkg_installed/vcpkg/blds/sdl3/x64-windows-rel/CMakeFiles/CMakeScratch/TryCompile-ukeg93'
        
        Run Build Command(s): "C:/Program Files/Microsoft Visual Studio/2022/Enterprise/Common7/IDE/CommonExtensions/Microsoft/CMake/Ninja/ninja.exe" -v cmTC_5ca53
        [1/2] C:\\PROGRA~1\\MICROS~2\\2022\\ENTERP~1\\VC\\Tools\\MSVC\\1444~1.352\\bin\\Hostx64\\x64\\cl.exe  /nologo -DCOMPILER_SUPPORTS_AVX512F  /nologo /DWIN32 /D_WINDOWS /utf-8 /MP   -D_GNU_SOURCE=1 /MDd /Z7 /Ob0 /Od /RTC1  -MDd /showIncludes /FoCMakeFiles\\cmTC_5ca53.dir\\src.c.obj /FdCMakeFiles\\cmTC_5ca53.dir\\ /FS -c "C:\\Users\\marco\\Documents\\avans\\schooljaar 25_26\\Project\\box2d_poc\\vcpkg_installed\\vcpkg\\blds\\sdl3\\x64-windows-rel\\CMakeFiles\\CMakeScratch\\TryCompile-ukeg93\\src.c"
        [2/2] C:\\WINDOWS\\system32\\cmd.exe /C "cd . && "C:\\Program Files\\Microsoft Visual Studio\\2022\\Enterprise\\Common7\\IDE\\CommonExtensions\\Microsoft\\CMake\\CMake\\bin\\cmake.exe" -E vs_link_exe --msvc-ver=1944 --intdir=CMakeFiles\\cmTC_5ca53.dir --rc=C:\\PROGRA~2\\WI3CF2~1\\10\\bin\\100261~1.0\\x64\\rc.exe --mt=C:\\PROGRA~2\\WI3CF2~1\\10\\bin\\100261~1.0\\x64\\mt.exe --manifests  -- C:\\PROGRA~1\\MICROS~2\\2022\\ENTERP~1\\VC\\Tools\\MSVC\\1444~1.352\\bin\\Hostx64\\x64\\link.exe /nologo CMakeFiles\\cmTC_5ca53.dir\\src.c.obj  /out:cmTC_5ca53.exe /implib:cmTC_5ca53.lib /pdb:cmTC_5ca53.pdb /version:0.0 /machine:x64  /nologo    /debug /INCREMENTAL /subsystem:console  kernel32.lib user32.lib gdi32.lib winspool.lib shell32.lib ole32.lib oleaut32.lib uuid.lib comdlg32.lib advapi32.lib && cd ."
        
      exitCode: 0
  -
    kind: "try_compile-v1"
    backtrace:
      - "C:/Program Files/Microsoft Visual Studio/2022/Enterprise/Common7/IDE/CommonExtensions/Microsoft/CMake/CMake/share/cmake-3.31/Modules/CheckIncludeFile.cmake:99 (try_compile)"
      - "CMakeLists.txt:974 (check_include_file)"
    checks:
      - "Looking for malloc.h"
    directories:
      source: "C:/Users/marco/Documents/avans/schooljaar 25_26/Project/box2d_poc/vcpkg_installed/vcpkg/blds/sdl3/x64-windows-rel/CMakeFiles/CMakeScratch/TryCompile-hw4vqh"
      binary: "C:/Users/marco/Documents/avans/schooljaar 25_26/Project/box2d_poc/vcpkg_installed/vcpkg/blds/sdl3/x64-windows-rel/CMakeFiles/CMakeScratch/TryCompile-hw4vqh"
    cmakeVariables:
      CMAKE_C_FLAGS: " /nologo /DWIN32 /D_WINDOWS /utf-8 /MP "
      CMAKE_C_FLAGS_DEBUG: "/MDd /Z7 /Ob0 /Od /RTC1 "
      CMAKE_EXE_LINKER_FLAGS: "/machine:x64"
      CMAKE_MODULE_PATH: "C:/Users/marco/Documents/avans/schooljaar 25_26/Project/box2d_poc/vcpkg_installed/vcpkg/blds/sdl3/src/ase-3.2.20-9007ca2745.clean/cmake"
      CMAKE_MSVC_DEBUG_INFORMATION_FORMAT: ""
      CMAKE_MSVC_RUNTIME_LIBRARY: "MultiThreaded$<$<CONFIG:Debug>:Debug>$<$<STREQUAL:dynamic,dynamic>:DLL>"
      VCPKG_CHAINLOAD_TOOLCHAIN_FILE: "C:/Program Files/Microsoft Visual Studio/2022/Enterprise/VC/vcpkg/scripts/toolchains/windows.cmake"
      VCPKG_CRT_LINKAGE: "dynamic"
      VCPKG_CXX_FLAGS: ""
      VCPKG_CXX_FLAGS_DEBUG: ""
      VCPKG_CXX_FLAGS_RELEASE: ""
      VCPKG_C_FLAGS: ""
      VCPKG_C_FLAGS_DEBUG: ""
      VCPKG_C_FLAGS_RELEASE: ""
      VCPKG_INSTALLED_DIR: "C:/Users/marco/Documents/avans/schooljaar 25_26/Project/box2d_poc/vcpkg_installed"
      VCPKG_LINKER_FLAGS: ""
      VCPKG_LINKER_FLAGS_DEBUG: ""
      VCPKG_LINKER_FLAGS_RELEASE: ""
      VCPKG_PLATFORM_TOOLSET: "v143"
      VCPKG_PREFER_SYSTEM_LIBS: "OFF"
      VCPKG_SET_CHARSET_FLAG: "ON"
      VCPKG_TARGET_ARCHITECTURE: "x64"
      VCPKG_TARGET_TRIPLET: "x64-windows"
      Z_VCPKG_ROOT_DIR: "C:/Program Files/Microsoft Visual Studio/2022/Enterprise/VC/vcpkg"
    buildResult:
      variable: "HAVE_MALLOC_H"
      cached: true
      stdout: |
        Change Dir: 'C:/Users/marco/Documents/avans/schooljaar 25_26/Project/box2d_poc/vcpkg_installed/vcpkg/blds/sdl3/x64-windows-rel/CMakeFiles/CMakeScratch/TryCompile-hw4vqh'
        
        Run Build Command(s): "C:/Program Files/Microsoft Visual Studio/2022/Enterprise/Common7/IDE/CommonExtensions/Microsoft/CMake/Ninja/ninja.exe" -v cmTC_3381b
        [1/2] C:\\PROGRA~1\\MICROS~2\\2022\\ENTERP~1\\VC\\Tools\\MSVC\\1444~1.352\\bin\\Hostx64\\x64\\cl.exe  /nologo   /nologo /DWIN32 /D_WINDOWS /utf-8 /MP   -D_GNU_SOURCE=1 /MDd /Z7 /Ob0 /Od /RTC1  -MDd /showIncludes /FoCMakeFiles\\cmTC_3381b.dir\\CheckIncludeFile.c.obj /FdCMakeFiles\\cmTC_3381b.dir\\ /FS -c "C:\\Users\\marco\\Documents\\avans\\schooljaar 25_26\\Project\\box2d_poc\\vcpkg_installed\\vcpkg\\blds\\sdl3\\x64-windows-rel\\CMakeFiles\\CMakeScratch\\TryCompile-hw4vqh\\CheckIncludeFile.c"
        [2/2] C:\\WINDOWS\\system32\\cmd.exe /C "cd . && "C:\\Program Files\\Microsoft Visual Studio\\2022\\Enterprise\\Common7\\IDE\\CommonExtensions\\Microsoft\\CMake\\CMake\\bin\\cmake.exe" -E vs_link_exe --msvc-ver=1944 --intdir=CMakeFiles\\cmTC_3381b.dir --rc=C:\\PROGRA~2\\WI3CF2~1\\10\\bin\\100261~1.0\\x64\\rc.exe --mt=C:\\PROGRA~2\\WI3CF2~1\\10\\bin\\100261~1.0\\x64\\mt.exe --manifests  -- C:\\PROGRA~1\\MICROS~2\\2022\\ENTERP~1\\VC\\Tools\\MSVC\\1444~1.352\\bin\\Hostx64\\x64\\link.exe /nologo CMakeFiles\\cmTC_3381b.dir\\CheckIncludeFile.c.obj  /out:cmTC_3381b.exe /implib:cmTC_3381b.lib /pdb:cmTC_3381b.pdb /version:0.0 /machine:x64  /nologo    /debug /INCREMENTAL /subsystem:console  kernel32.lib user32.lib gdi32.lib winspool.lib shell32.lib ole32.lib oleaut32.lib uuid.lib comdlg32.lib advapi32.lib && cd ."
        
      exitCode: 0
  -
    kind: "try_compile-v1"
    backtrace:
      - "C:/Program Files/Microsoft Visual Studio/2022/Enterprise/Common7/IDE/CommonExtensions/Microsoft/CMake/CMake/share/cmake-3.31/Modules/CheckSymbolExists.cmake:163 (try_compile)"
      - "C:/Program Files/Microsoft Visual Studio/2022/Enterprise/Common7/IDE/CommonExtensions/Microsoft/CMake/CMake/share/cmake-3.31/Modules/CheckSymbolExists.cmake:68 (__CHECK_SYMBOL_EXISTS_IMPL)"
      - "CMakeLists.txt:1055 (check_symbol_exists)"
    checks:
      - "Looking for _copysign"
    directories:
      source: "C:/Users/marco/Documents/avans/schooljaar 25_26/Project/box2d_poc/vcpkg_installed/vcpkg/blds/sdl3/x64-windows-rel/CMakeFiles/CMakeScratch/TryCompile-kn1fhh"
      binary: "C:/Users/marco/Documents/avans/schooljaar 25_26/Project/box2d_poc/vcpkg_installed/vcpkg/blds/sdl3/x64-windows-rel/CMakeFiles/CMakeScratch/TryCompile-kn1fhh"
    cmakeVariables:
      CMAKE_C_FLAGS: " /nologo /DWIN32 /D_WINDOWS /utf-8 /MP "
      CMAKE_C_FLAGS_DEBUG: "/MDd /Z7 /Ob0 /Od /RTC1 "
      CMAKE_EXE_LINKER_FLAGS: "/machine:x64"
      CMAKE_MODULE_PATH: "C:/Users/marco/Documents/avans/schooljaar 25_26/Project/box2d_poc/vcpkg_installed/vcpkg/blds/sdl3/src/ase-3.2.20-9007ca2745.clean/cmake"
      CMAKE_MSVC_DEBUG_INFORMATION_FORMAT: ""
      CMAKE_MSVC_RUNTIME_LIBRARY: "MultiThreaded$<$<CONFIG:Debug>:Debug>$<$<STREQUAL:dynamic,dynamic>:DLL>"
      VCPKG_CHAINLOAD_TOOLCHAIN_FILE: "C:/Program Files/Microsoft Visual Studio/2022/Enterprise/VC/vcpkg/scripts/toolchains/windows.cmake"
      VCPKG_CRT_LINKAGE: "dynamic"
      VCPKG_CXX_FLAGS: ""
      VCPKG_CXX_FLAGS_DEBUG: ""
      VCPKG_CXX_FLAGS_RELEASE: ""
      VCPKG_C_FLAGS: ""
      VCPKG_C_FLAGS_DEBUG: ""
      VCPKG_C_FLAGS_RELEASE: ""
      VCPKG_INSTALLED_DIR: "C:/Users/marco/Documents/avans/schooljaar 25_26/Project/box2d_poc/vcpkg_installed"
      VCPKG_LINKER_FLAGS: ""
      VCPKG_LINKER_FLAGS_DEBUG: ""
      VCPKG_LINKER_FLAGS_RELEASE: ""
      VCPKG_PLATFORM_TOOLSET: "v143"
      VCPKG_PREFER_SYSTEM_LIBS: "OFF"
      VCPKG_SET_CHARSET_FLAG: "ON"
      VCPKG_TARGET_ARCHITECTURE: "x64"
      VCPKG_TARGET_TRIPLET: "x64-windows"
      Z_VCPKG_ROOT_DIR: "C:/Program Files/Microsoft Visual Studio/2022/Enterprise/VC/vcpkg"
    buildResult:
      variable: "LIBC_HAS__COPYSIGN"
      cached: true
      stdout: |
        Change Dir: 'C:/Users/marco/Documents/avans/schooljaar 25_26/Project/box2d_poc/vcpkg_installed/vcpkg/blds/sdl3/x64-windows-rel/CMakeFiles/CMakeScratch/TryCompile-kn1fhh'
        
        Run Build Command(s): "C:/Program Files/Microsoft Visual Studio/2022/Enterprise/Common7/IDE/CommonExtensions/Microsoft/CMake/Ninja/ninja.exe" -v cmTC_8305a
        [1/2] C:\\PROGRA~1\\MICROS~2\\2022\\ENTERP~1\\VC\\Tools\\MSVC\\1444~1.352\\bin\\Hostx64\\x64\\cl.exe  /nologo   /nologo /DWIN32 /D_WINDOWS /utf-8 /MP   -D_GNU_SOURCE=1 /MDd /Z7 /Ob0 /Od /RTC1  -MDd /showIncludes /FoCMakeFiles\\cmTC_8305a.dir\\CheckSymbolExists.c.obj /FdCMakeFiles\\cmTC_8305a.dir\\ /FS -c "C:\\Users\\marco\\Documents\\avans\\schooljaar 25_26\\Project\\box2d_poc\\vcpkg_installed\\vcpkg\\blds\\sdl3\\x64-windows-rel\\CMakeFiles\\CMakeScratch\\TryCompile-kn1fhh\\CheckSymbolExists.c"
        [2/2] C:\\WINDOWS\\system32\\cmd.exe /C "cd . && "C:\\Program Files\\Microsoft Visual Studio\\2022\\Enterprise\\Common7\\IDE\\CommonExtensions\\Microsoft\\CMake\\CMake\\bin\\cmake.exe" -E vs_link_exe --msvc-ver=1944 --intdir=CMakeFiles\\cmTC_8305a.dir --rc=C:\\PROGRA~2\\WI3CF2~1\\10\\bin\\100261~1.0\\x64\\rc.exe --mt=C:\\PROGRA~2\\WI3CF2~1\\10\\bin\\100261~1.0\\x64\\mt.exe --manifests  -- C:\\PROGRA~1\\MICROS~2\\2022\\ENTERP~1\\VC\\Tools\\MSVC\\1444~1.352\\bin\\Hostx64\\x64\\link.exe /nologo CMakeFiles\\cmTC_8305a.dir\\CheckSymbolExists.c.obj  /out:cmTC_8305a.exe /implib:cmTC_8305a.lib /pdb:cmTC_8305a.pdb /version:0.0 /machine:x64  /nologo    /debug /INCREMENTAL /subsystem:console  kernel32.lib user32.lib gdi32.lib winspool.lib shell32.lib ole32.lib oleaut32.lib uuid.lib comdlg32.lib advapi32.lib && cd ."
        
      exitCode: 0
  -
    kind: "try_compile-v1"
    backtrace:
      - "C:/Program Files/Microsoft Visual Studio/2022/Enterprise/Common7/IDE/CommonExtensions/Microsoft/CMake/CMake/share/cmake-3.31/Modules/CheckSymbolExists.cmake:163 (try_compile)"
      - "C:/Program Files/Microsoft Visual Studio/2022/Enterprise/Common7/IDE/CommonExtensions/Microsoft/CMake/CMake/share/cmake-3.31/Modules/CheckSymbolExists.cmake:68 (__CHECK_SYMBOL_EXISTS_IMPL)"
      - "CMakeLists.txt:1055 (check_symbol_exists)"
    checks:
      - "Looking for _fseeki64"
    directories:
      source: "C:/Users/marco/Documents/avans/schooljaar 25_26/Project/box2d_poc/vcpkg_installed/vcpkg/blds/sdl3/x64-windows-rel/CMakeFiles/CMakeScratch/TryCompile-g9873y"
      binary: "C:/Users/marco/Documents/avans/schooljaar 25_26/Project/box2d_poc/vcpkg_installed/vcpkg/blds/sdl3/x64-windows-rel/CMakeFiles/CMakeScratch/TryCompile-g9873y"
    cmakeVariables:
      CMAKE_C_FLAGS: " /nologo /DWIN32 /D_WINDOWS /utf-8 /MP "
      CMAKE_C_FLAGS_DEBUG: "/MDd /Z7 /Ob0 /Od /RTC1 "
      CMAKE_EXE_LINKER_FLAGS: "/machine:x64"
      CMAKE_MODULE_PATH: "C:/Users/marco/Documents/avans/schooljaar 25_26/Project/box2d_poc/vcpkg_installed/vcpkg/blds/sdl3/src/ase-3.2.20-9007ca2745.clean/cmake"
      CMAKE_MSVC_DEBUG_INFORMATION_FORMAT: ""
      CMAKE_MSVC_RUNTIME_LIBRARY: "MultiThreaded$<$<CONFIG:Debug>:Debug>$<$<STREQUAL:dynamic,dynamic>:DLL>"
      VCPKG_CHAINLOAD_TOOLCHAIN_FILE: "C:/Program Files/Microsoft Visual Studio/2022/Enterprise/VC/vcpkg/scripts/toolchains/windows.cmake"
      VCPKG_CRT_LINKAGE: "dynamic"
      VCPKG_CXX_FLAGS: ""
      VCPKG_CXX_FLAGS_DEBUG: ""
      VCPKG_CXX_FLAGS_RELEASE: ""
      VCPKG_C_FLAGS: ""
      VCPKG_C_FLAGS_DEBUG: ""
      VCPKG_C_FLAGS_RELEASE: ""
      VCPKG_INSTALLED_DIR: "C:/Users/marco/Documents/avans/schooljaar 25_26/Project/box2d_poc/vcpkg_installed"
      VCPKG_LINKER_FLAGS: ""
      VCPKG_LINKER_FLAGS_DEBUG: ""
      VCPKG_LINKER_FLAGS_RELEASE: ""
      VCPKG_PLATFORM_TOOLSET: "v143"
      VCPKG_PREFER_SYSTEM_LIBS: "OFF"
      VCPKG_SET_CHARSET_FLAG: "ON"
      VCPKG_TARGET_ARCHITECTURE: "x64"
      VCPKG_TARGET_TRIPLET: "x64-windows"
      Z_VCPKG_ROOT_DIR: "C:/Program Files/Microsoft Visual Studio/2022/Enterprise/VC/vcpkg"
    buildResult:
      variable: "LIBC_HAS__FSEEKI64"
      cached: true
      stdout: |
        Change Dir: 'C:/Users/marco/Documents/avans/schooljaar 25_26/Project/box2d_poc/vcpkg_installed/vcpkg/blds/sdl3/x64-windows-rel/CMakeFiles/CMakeScratch/TryCompile-g9873y'
        
        Run Build Command(s): "C:/Program Files/Microsoft Visual Studio/2022/Enterprise/Common7/IDE/CommonExtensions/Microsoft/CMake/Ninja/ninja.exe" -v cmTC_29043
        [1/2] C:\\PROGRA~1\\MICROS~2\\2022\\ENTERP~1\\VC\\Tools\\MSVC\\1444~1.352\\bin\\Hostx64\\x64\\cl.exe  /nologo   /nologo /DWIN32 /D_WINDOWS /utf-8 /MP   -D_GNU_SOURCE=1 /MDd /Z7 /Ob0 /Od /RTC1  -MDd /showIncludes /FoCMakeFiles\\cmTC_29043.dir\\CheckSymbolExists.c.obj /FdCMakeFiles\\cmTC_29043.dir\\ /FS -c "C:\\Users\\marco\\Documents\\avans\\schooljaar 25_26\\Project\\box2d_poc\\vcpkg_installed\\vcpkg\\blds\\sdl3\\x64-windows-rel\\CMakeFiles\\CMakeScratch\\TryCompile-g9873y\\CheckSymbolExists.c"
        [2/2] C:\\WINDOWS\\system32\\cmd.exe /C "cd . && "C:\\Program Files\\Microsoft Visual Studio\\2022\\Enterprise\\Common7\\IDE\\CommonExtensions\\Microsoft\\CMake\\CMake\\bin\\cmake.exe" -E vs_link_exe --msvc-ver=1944 --intdir=CMakeFiles\\cmTC_29043.dir --rc=C:\\PROGRA~2\\WI3CF2~1\\10\\bin\\100261~1.0\\x64\\rc.exe --mt=C:\\PROGRA~2\\WI3CF2~1\\10\\bin\\100261~1.0\\x64\\mt.exe --manifests  -- C:\\PROGRA~1\\MICROS~2\\2022\\ENTERP~1\\VC\\Tools\\MSVC\\1444~1.352\\bin\\Hostx64\\x64\\link.exe /nologo CMakeFiles\\cmTC_29043.dir\\CheckSymbolExists.c.obj  /out:cmTC_29043.exe /implib:cmTC_29043.lib /pdb:cmTC_29043.pdb /version:0.0 /machine:x64  /nologo    /debug /INCREMENTAL /subsystem:console  kernel32.lib user32.lib gdi32.lib winspool.lib shell32.lib ole32.lib oleaut32.lib uuid.lib comdlg32.lib advapi32.lib && cd ."
        
      exitCode: 0
  -
    kind: "try_compile-v1"
    backtrace:
      - "C:/Program Files/Microsoft Visual Studio/2022/Enterprise/Common7/IDE/CommonExtensions/Microsoft/CMake/CMake/share/cmake-3.31/Modules/Internal/CheckSourceCompiles.cmake:108 (try_compile)"
      - "C:/Program Files/Microsoft Visual Studio/2022/Enterprise/Common7/IDE/CommonExtensions/Microsoft/CMake/CMake/share/cmake-3.31/Modules/CheckCSourceCompiles.cmake:58 (cmake_check_source_compiles)"
      - "CMakeLists.txt:1979 (check_c_source_compiles)"
    checks:
      - "Performing Test HAVE_GAMEINPUT_H"
    directories:
      source: "C:/Users/marco/Documents/avans/schooljaar 25_26/Project/box2d_poc/vcpkg_installed/vcpkg/blds/sdl3/x64-windows-rel/CMakeFiles/CMakeScratch/TryCompile-5rk9qh"
      binary: "C:/Users/marco/Documents/avans/schooljaar 25_26/Project/box2d_poc/vcpkg_installed/vcpkg/blds/sdl3/x64-windows-rel/CMakeFiles/CMakeScratch/TryCompile-5rk9qh"
    cmakeVariables:
      CMAKE_C_FLAGS: " /nologo /DWIN32 /D_WINDOWS /utf-8 /MP "
      CMAKE_C_FLAGS_DEBUG: "/MDd /Z7 /Ob0 /Od /RTC1 "
      CMAKE_EXE_LINKER_FLAGS: "/machine:x64"
      CMAKE_MODULE_PATH: "C:/Users/marco/Documents/avans/schooljaar 25_26/Project/box2d_poc/vcpkg_installed/vcpkg/blds/sdl3/src/ase-3.2.20-9007ca2745.clean/cmake"
      CMAKE_MSVC_DEBUG_INFORMATION_FORMAT: ""
      CMAKE_MSVC_RUNTIME_LIBRARY: "MultiThreaded$<$<CONFIG:Debug>:Debug>$<$<STREQUAL:dynamic,dynamic>:DLL>"
      VCPKG_CHAINLOAD_TOOLCHAIN_FILE: "C:/Program Files/Microsoft Visual Studio/2022/Enterprise/VC/vcpkg/scripts/toolchains/windows.cmake"
      VCPKG_CRT_LINKAGE: "dynamic"
      VCPKG_CXX_FLAGS: ""
      VCPKG_CXX_FLAGS_DEBUG: ""
      VCPKG_CXX_FLAGS_RELEASE: ""
      VCPKG_C_FLAGS: ""
      VCPKG_C_FLAGS_DEBUG: ""
      VCPKG_C_FLAGS_RELEASE: ""
      VCPKG_INSTALLED_DIR: "C:/Users/marco/Documents/avans/schooljaar 25_26/Project/box2d_poc/vcpkg_installed"
      VCPKG_LINKER_FLAGS: ""
      VCPKG_LINKER_FLAGS_DEBUG: ""
      VCPKG_LINKER_FLAGS_RELEASE: ""
      VCPKG_PLATFORM_TOOLSET: "v143"
      VCPKG_PREFER_SYSTEM_LIBS: "OFF"
      VCPKG_SET_CHARSET_FLAG: "ON"
      VCPKG_TARGET_ARCHITECTURE: "x64"
      VCPKG_TARGET_TRIPLET: "x64-windows"
      Z_VCPKG_ROOT_DIR: "C:/Program Files/Microsoft Visual Studio/2022/Enterprise/VC/vcpkg"
    buildResult:
      variable: "HAVE_GAMEINPUT_H"
      cached: true
      stdout: |
        Change Dir: 'C:/Users/marco/Documents/avans/schooljaar 25_26/Project/box2d_poc/vcpkg_installed/vcpkg/blds/sdl3/x64-windows-rel/CMakeFiles/CMakeScratch/TryCompile-5rk9qh'
        
        Run Build Command(s): "C:/Program Files/Microsoft Visual Studio/2022/Enterprise/Common7/IDE/CommonExtensions/Microsoft/CMake/Ninja/ninja.exe" -v cmTC_0129c
        [1/2] C:\\PROGRA~1\\MICROS~2\\2022\\ENTERP~1\\VC\\Tools\\MSVC\\1444~1.352\\bin\\Hostx64\\x64\\cl.exe  /nologo -DHAVE_GAMEINPUT_H  /nologo /DWIN32 /D_WINDOWS /utf-8 /MP   -D_GNU_SOURCE=1 /MDd /Z7 /Ob0 /Od /RTC1  -MDd /showIncludes /FoCMakeFiles\\cmTC_0129c.dir\\src.c.obj /FdCMakeFiles\\cmTC_0129c.dir\\ /FS -c "C:\\Users\\marco\\Documents\\avans\\schooljaar 25_26\\Project\\box2d_poc\\vcpkg_installed\\vcpkg\\blds\\sdl3\\x64-windows-rel\\CMakeFiles\\CMakeScratch\\TryCompile-5rk9qh\\src.c"
        [2/2] C:\\WINDOWS\\system32\\cmd.exe /C "cd . && "C:\\Program Files\\Microsoft Visual Studio\\2022\\Enterprise\\Common7\\IDE\\CommonExtensions\\Microsoft\\CMake\\CMake\\bin\\cmake.exe" -E vs_link_exe --msvc-ver=1944 --intdir=CMakeFiles\\cmTC_0129c.dir --rc=C:\\PROGRA~2\\WI3CF2~1\\10\\bin\\100261~1.0\\x64\\rc.exe --mt=C:\\PROGRA~2\\WI3CF2~1\\10\\bin\\100261~1.0\\x64\\mt.exe --manifests  -- C:\\PROGRA~1\\MICROS~2\\2022\\ENTERP~1\\VC\\Tools\\MSVC\\1444~1.352\\bin\\Hostx64\\x64\\link.exe /nologo CMakeFiles\\cmTC_0129c.dir\\src.c.obj  /out:cmTC_0129c.exe /implib:cmTC_0129c.lib /pdb:cmTC_0129c.pdb /version:0.0 /machine:x64  /nologo    /debug /INCREMENTAL /subsystem:console  kernel32.lib user32.lib gdi32.lib winspool.lib shell32.lib ole32.lib oleaut32.lib uuid.lib comdlg32.lib advapi32.lib && cd ."
        
      exitCode: 0
  -
    kind: "try_compile-v1"
    backtrace:
      - "C:/Program Files/Microsoft Visual Studio/2022/Enterprise/Common7/IDE/CommonExtensions/Microsoft/CMake/CMake/share/cmake-3.31/Modules/CheckIncludeFile.cmake:99 (try_compile)"
      - "CMakeLists.txt:1985 (check_include_file)"
    checks:
      - "Looking for dxgi1_6.h"
    directories:
      source: "C:/Users/marco/Documents/avans/schooljaar 25_26/Project/box2d_poc/vcpkg_installed/vcpkg/blds/sdl3/x64-windows-rel/CMakeFiles/CMakeScratch/TryCompile-ymffa4"
      binary: "C:/Users/marco/Documents/avans/schooljaar 25_26/Project/box2d_poc/vcpkg_installed/vcpkg/blds/sdl3/x64-windows-rel/CMakeFiles/CMakeScratch/TryCompile-ymffa4"
    cmakeVariables:
      CMAKE_C_FLAGS: " /nologo /DWIN32 /D_WINDOWS /utf-8 /MP "
      CMAKE_C_FLAGS_DEBUG: "/MDd /Z7 /Ob0 /Od /RTC1 "
      CMAKE_EXE_LINKER_FLAGS: "/machine:x64"
      CMAKE_MODULE_PATH: "C:/Users/marco/Documents/avans/schooljaar 25_26/Project/box2d_poc/vcpkg_installed/vcpkg/blds/sdl3/src/ase-3.2.20-9007ca2745.clean/cmake"
      CMAKE_MSVC_DEBUG_INFORMATION_FORMAT: ""
      CMAKE_MSVC_RUNTIME_LIBRARY: "MultiThreaded$<$<CONFIG:Debug>:Debug>$<$<STREQUAL:dynamic,dynamic>:DLL>"
      VCPKG_CHAINLOAD_TOOLCHAIN_FILE: "C:/Program Files/Microsoft Visual Studio/2022/Enterprise/VC/vcpkg/scripts/toolchains/windows.cmake"
      VCPKG_CRT_LINKAGE: "dynamic"
      VCPKG_CXX_FLAGS: ""
      VCPKG_CXX_FLAGS_DEBUG: ""
      VCPKG_CXX_FLAGS_RELEASE: ""
      VCPKG_C_FLAGS: ""
      VCPKG_C_FLAGS_DEBUG: ""
      VCPKG_C_FLAGS_RELEASE: ""
      VCPKG_INSTALLED_DIR: "C:/Users/marco/Documents/avans/schooljaar 25_26/Project/box2d_poc/vcpkg_installed"
      VCPKG_LINKER_FLAGS: ""
      VCPKG_LINKER_FLAGS_DEBUG: ""
      VCPKG_LINKER_FLAGS_RELEASE: ""
      VCPKG_PLATFORM_TOOLSET: "v143"
      VCPKG_PREFER_SYSTEM_LIBS: "OFF"
      VCPKG_SET_CHARSET_FLAG: "ON"
      VCPKG_TARGET_ARCHITECTURE: "x64"
      VCPKG_TARGET_TRIPLET: "x64-windows"
      Z_VCPKG_ROOT_DIR: "C:/Program Files/Microsoft Visual Studio/2022/Enterprise/VC/vcpkg"
    buildResult:
      variable: "HAVE_DXGI1_6_H"
      cached: true
      stdout: |
        Change Dir: 'C:/Users/marco/Documents/avans/schooljaar 25_26/Project/box2d_poc/vcpkg_installed/vcpkg/blds/sdl3/x64-windows-rel/CMakeFiles/CMakeScratch/TryCompile-ymffa4'
        
        Run Build Command(s): "C:/Program Files/Microsoft Visual Studio/2022/Enterprise/Common7/IDE/CommonExtensions/Microsoft/CMake/Ninja/ninja.exe" -v cmTC_adfbd
        [1/2] C:\\PROGRA~1\\MICROS~2\\2022\\ENTERP~1\\VC\\Tools\\MSVC\\1444~1.352\\bin\\Hostx64\\x64\\cl.exe  /nologo   /nologo /DWIN32 /D_WINDOWS /utf-8 /MP   -D_GNU_SOURCE=1 /MDd /Z7 /Ob0 /Od /RTC1  -MDd /showIncludes /FoCMakeFiles\\cmTC_adfbd.dir\\CheckIncludeFile.c.obj /FdCMakeFiles\\cmTC_adfbd.dir\\ /FS -c "C:\\Users\\marco\\Documents\\avans\\schooljaar 25_26\\Project\\box2d_poc\\vcpkg_installed\\vcpkg\\blds\\sdl3\\x64-windows-rel\\CMakeFiles\\CMakeScratch\\TryCompile-ymffa4\\CheckIncludeFile.c"
        [2/2] C:\\WINDOWS\\system32\\cmd.exe /C "cd . && "C:\\Program Files\\Microsoft Visual Studio\\2022\\Enterprise\\Common7\\IDE\\CommonExtensions\\Microsoft\\CMake\\CMake\\bin\\cmake.exe" -E vs_link_exe --msvc-ver=1944 --intdir=CMakeFiles\\cmTC_adfbd.dir --rc=C:\\PROGRA~2\\WI3CF2~1\\10\\bin\\100261~1.0\\x64\\rc.exe --mt=C:\\PROGRA~2\\WI3CF2~1\\10\\bin\\100261~1.0\\x64\\mt.exe --manifests  -- C:\\PROGRA~1\\MICROS~2\\2022\\ENTERP~1\\VC\\Tools\\MSVC\\1444~1.352\\bin\\Hostx64\\x64\\link.exe /nologo CMakeFiles\\cmTC_adfbd.dir\\CheckIncludeFile.c.obj  /out:cmTC_adfbd.exe /implib:cmTC_adfbd.lib /pdb:cmTC_adfbd.pdb /version:0.0 /machine:x64  /nologo    /debug /INCREMENTAL /subsystem:console  kernel32.lib user32.lib gdi32.lib winspool.lib shell32.lib ole32.lib oleaut32.lib uuid.lib comdlg32.lib advapi32.lib && cd ."
        
      exitCode: 0
  -
    kind: "try_compile-v1"
    backtrace:
      - "C:/Program Files/Microsoft Visual Studio/2022/Enterprise/Common7/IDE/CommonExtensions/Microsoft/CMake/CMake/share/cmake-3.31/Modules/Internal/CheckSourceCompiles.cmake:108 (try_compile)"
      - "C:/Program Files/Microsoft Visual Studio/2022/Enterprise/Common7/IDE/CommonExtensions/Microsoft/CMake/CMake/share/cmake-3.31/Modules/CheckCSourceCompiles.cmake:58 (cmake_check_source_compiles)"
      - "CMakeLists.txt:1992 (check_c_source_compiles)"
    checks:
      - "Performing Test HAVE_MFAPI_H"
    directories:
      source: "C:/Users/marco/Documents/avans/schooljaar 25_26/Project/box2d_poc/vcpkg_installed/vcpkg/blds/sdl3/x64-windows-rel/CMakeFiles/CMakeScratch/TryCompile-1u5gka"
      binary: "C:/Users/marco/Documents/avans/schooljaar 25_26/Project/box2d_poc/vcpkg_installed/vcpkg/blds/sdl3/x64-windows-rel/CMakeFiles/CMakeScratch/TryCompile-1u5gka"
    cmakeVariables:
      CMAKE_C_FLAGS: " /nologo /DWIN32 /D_WINDOWS /utf-8 /MP "
      CMAKE_C_FLAGS_DEBUG: "/MDd /Z7 /Ob0 /Od /RTC1 "
      CMAKE_EXE_LINKER_FLAGS: "/machine:x64"
      CMAKE_MODULE_PATH: "C:/Users/marco/Documents/avans/schooljaar 25_26/Project/box2d_poc/vcpkg_installed/vcpkg/blds/sdl3/src/ase-3.2.20-9007ca2745.clean/cmake"
      CMAKE_MSVC_DEBUG_INFORMATION_FORMAT: ""
      CMAKE_MSVC_RUNTIME_LIBRARY: "MultiThreaded$<$<CONFIG:Debug>:Debug>$<$<STREQUAL:dynamic,dynamic>:DLL>"
      VCPKG_CHAINLOAD_TOOLCHAIN_FILE: "C:/Program Files/Microsoft Visual Studio/2022/Enterprise/VC/vcpkg/scripts/toolchains/windows.cmake"
      VCPKG_CRT_LINKAGE: "dynamic"
      VCPKG_CXX_FLAGS: ""
      VCPKG_CXX_FLAGS_DEBUG: ""
      VCPKG_CXX_FLAGS_RELEASE: ""
      VCPKG_C_FLAGS: ""
      VCPKG_C_FLAGS_DEBUG: ""
      VCPKG_C_FLAGS_RELEASE: ""
      VCPKG_INSTALLED_DIR: "C:/Users/marco/Documents/avans/schooljaar 25_26/Project/box2d_poc/vcpkg_installed"
      VCPKG_LINKER_FLAGS: ""
      VCPKG_LINKER_FLAGS_DEBUG: ""
      VCPKG_LINKER_FLAGS_RELEASE: ""
      VCPKG_PLATFORM_TOOLSET: "v143"
      VCPKG_PREFER_SYSTEM_LIBS: "OFF"
      VCPKG_SET_CHARSET_FLAG: "ON"
      VCPKG_TARGET_ARCHITECTURE: "x64"
      VCPKG_TARGET_TRIPLET: "x64-windows"
      Z_VCPKG_ROOT_DIR: "C:/Program Files/Microsoft Visual Studio/2022/Enterprise/VC/vcpkg"
    buildResult:
      variable: "HAVE_MFAPI_H"
      cached: true
      stdout: |
        Change Dir: 'C:/Users/marco/Documents/avans/schooljaar 25_26/Project/box2d_poc/vcpkg_installed/vcpkg/blds/sdl3/x64-windows-rel/CMakeFiles/CMakeScratch/TryCompile-1u5gka'
        
        Run Build Command(s): "C:/Program Files/Microsoft Visual Studio/2022/Enterprise/Common7/IDE/CommonExtensions/Microsoft/CMake/Ninja/ninja.exe" -v cmTC_6e37e
        [1/2] C:\\PROGRA~1\\MICROS~2\\2022\\ENTERP~1\\VC\\Tools\\MSVC\\1444~1.352\\bin\\Hostx64\\x64\\cl.exe  /nologo -DHAVE_MFAPI_H  /nologo /DWIN32 /D_WINDOWS /utf-8 /MP   -D_GNU_SOURCE=1 /MDd /Z7 /Ob0 /Od /RTC1  -MDd /showIncludes /FoCMakeFiles\\cmTC_6e37e.dir\\src.c.obj /FdCMakeFiles\\cmTC_6e37e.dir\\ /FS -c "C:\\Users\\marco\\Documents\\avans\\schooljaar 25_26\\Project\\box2d_poc\\vcpkg_installed\\vcpkg\\blds\\sdl3\\x64-windows-rel\\CMakeFiles\\CMakeScratch\\TryCompile-1u5gka\\src.c"
        [2/2] C:\\WINDOWS\\system32\\cmd.exe /C "cd . && "C:\\Program Files\\Microsoft Visual Studio\\2022\\Enterprise\\Common7\\IDE\\CommonExtensions\\Microsoft\\CMake\\CMake\\bin\\cmake.exe" -E vs_link_exe --msvc-ver=1944 --intdir=CMakeFiles\\cmTC_6e37e.dir --rc=C:\\PROGRA~2\\WI3CF2~1\\10\\bin\\100261~1.0\\x64\\rc.exe --mt=C:\\PROGRA~2\\WI3CF2~1\\10\\bin\\100261~1.0\\x64\\mt.exe --manifests  -- C:\\PROGRA~1\\MICROS~2\\2022\\ENTERP~1\\VC\\Tools\\MSVC\\1444~1.352\\bin\\Hostx64\\x64\\link.exe /nologo CMakeFiles\\cmTC_6e37e.dir\\src.c.obj  /out:cmTC_6e37e.exe /implib:cmTC_6e37e.lib /pdb:cmTC_6e37e.pdb /version:0.0 /machine:x64  /nologo    /debug /INCREMENTAL /subsystem:console  kernel32.lib user32.lib gdi32.lib winspool.lib shell32.lib ole32.lib oleaut32.lib uuid.lib comdlg32.lib advapi32.lib && cd ."
        
      exitCode: 0
...
