Downloading https://github.com/libsdl-org/SDL/archive/release-3.2.20.tar.gz -> libsdl-org-SDL-release-3.2.20.tar.gz
Successfully downloaded libsdl-org-SDL-release-3.2.20.tar.gz
-- Extracting source C:/Users/marco/AppData/Local/vcpkg/downloads/libsdl-org-SDL-release-3.2.20.tar.gz
-- Using source at C:/Users/marco/Documents/avans/schooljaar 25_26/Project/box2d_poc/vcpkg_installed/vcpkg/blds/sdl3/src/ase-3.2.20-9007ca2745.clean
-- Found external ninja('1.12.1').
-- Configuring x64-windows
CMake Warning at C:/Users/marco/Documents/avans/schooljaar 25_26/Project/box2d_poc/vcpkg_installed/x64-windows/share/vcpkg-cmake/vcpkg_cmake_configure.cmake:344 (message):
  The following variables are not used in CMakeLists.txt:

      SDL_UNIX_CONSOLE_BUILD

  Please recheck them and remove the unnecessary options from the
  `vcpkg_cmake_configure` call.

  If these options should still be passed for whatever reason, please use the
  `MAYBE_UNUSED_VARIABLES` argument.
Call Stack (most recent call first):
  C:/Users/marco/AppData/Local/vcpkg/registries/git-trees/762907b26d50115424d6c82c8f18fbab8ee67d0e/portfile.cmake:37 (vcpkg_cmake_configure)
  scripts/ports.cmake:206 (include)


-- Building x64-windows-dbg
-- Building x64-windows-rel
-- Fixing pkgconfig file: C:/Users/marco/Documents/avans/schooljaar 25_26/Project/box2d_poc/vcpkg_installed/vcpkg/pkgs/sdl3_x64-windows/lib/pkgconfig/sdl3.pc
Downloading msys2-mingw-w64-x86_64-pkgconf-1~2.4.3-1-any.pkg.tar.zst, trying https://mirror.msys2.org/mingw/mingw64/mingw-w64-x86_64-pkgconf-1~2.4.3-1-any.pkg.tar.zst
Successfully downloaded msys2-mingw-w64-x86_64-pkgconf-1~2.4.3-1-any.pkg.tar.zst
Downloading msys2-msys2-runtime-3.6.2-2-x86_64.pkg.tar.zst, trying https://mirror.msys2.org/msys/x86_64/msys2-runtime-3.6.2-2-x86_64.pkg.tar.zst
Successfully downloaded msys2-msys2-runtime-3.6.2-2-x86_64.pkg.tar.zst
-- Using msys root at C:/Users/marco/AppData/Local/vcpkg/downloads/tools/msys2/9272adbcaf19caef
-- Fixing pkgconfig file: C:/Users/marco/Documents/avans/schooljaar 25_26/Project/box2d_poc/vcpkg_installed/vcpkg/pkgs/sdl3_x64-windows/debug/lib/pkgconfig/sdl3.pc
-- Installing: C:/Users/marco/Documents/avans/schooljaar 25_26/Project/box2d_poc/vcpkg_installed/vcpkg/pkgs/sdl3_x64-windows/share/sdl3/usage
-- Performing post-build validation
