[1/2] "C:/Users/marco/AppData/Local/vcpkg/downloads/tools/cmake-3.30.1-windows/cmake-3.30.1-windows-i386/bin/cmake.exe" -E chdir "../../x64-windows-dbg" "C:/Users/marco/AppData/Local/vcpkg/downloads/tools/cmake-3.30.1-windows/cmake-3.30.1-windows-i386/bin/cmake.exe" "C:/Users/marco/Documents/avans/schooljaar 25_26/Project/box2d_poc/vcpkg_installed/x64-windows/vcpkg/blds/box2d/src/v3.1.1-9e4ca3be47.clean" "-G" "Ninja" "-DCMAKE_BUILD_TYPE=Debug" "-DCMAKE_INSTALL_PREFIX=C:/Users/marco/Documents/avans/schooljaar 25_26/Project/box2d_poc/vcpkg_installed/x64-windows/vcpkg/pkgs/box2d_x64-windows/debug" "-DFETCHCONTENT_FULLY_DISCONNECTED=ON" "-DBOX2D_SAMPLES=OFF" "-DBOX2D_BENCHMARKS=OFF" "-DBOX2D_DOCS=OFF" "-DBOX2D_PROFILE=OFF" "-DBOX2D_VALIDATE=OFF" "-DBOX2D_UNIT_TESTS=OFF" "-DBOX2D_COMPILE_WARNING_AS_ERROR=OFF" "-DCMAKE_MAKE_PROGRAM=C:/Program Files/Microsoft Visual Studio/2022/Enterprise/Common7/IDE/CommonExtensions/Microsoft/CMake/Ninja/ninja.exe" "-DBUILD_SHARED_LIBS=ON" "-DVCPKG_CHAINLOAD_TOOLCHAIN_FILE=C:/Program Files/Microsoft Visual Studio/2022/Enterprise/VC/vcpkg/scripts/toolchains/windows.cmake" "-DVCPKG_TARGET_TRIPLET=x64-windows" "-DVCPKG_SET_CHARSET_FLAG=ON" "-DVCPKG_PLATFORM_TOOLSET=v143" "-DCMAKE_EXPORT_NO_PACKAGE_REGISTRY=ON" "-DCMAKE_FIND_PACKAGE_NO_PACKAGE_REGISTRY=ON" "-DCMAKE_FIND_PACKAGE_NO_SYSTEM_PACKAGE_REGISTRY=ON" "-DCMAKE_INSTALL_SYSTEM_RUNTIME_LIBS_SKIP=TRUE" "-DCMAKE_VERBOSE_MAKEFILE=ON" "-DVCPKG_APPLOCAL_DEPS=OFF" "-DCMAKE_TOOLCHAIN_FILE=C:/Program Files/Microsoft Visual Studio/2022/Enterprise/VC/vcpkg/scripts/buildsystems/vcpkg.cmake" "-DCMAKE_ERROR_ON_ABSOLUTE_INSTALL_DESTINATION=ON" "-DVCPKG_CXX_FLAGS=" "-DVCPKG_CXX_FLAGS_RELEASE=" "-DVCPKG_CXX_FLAGS_DEBUG=" "-DVCPKG_C_FLAGS=" "-DVCPKG_C_FLAGS_RELEASE=" "-DVCPKG_C_FLAGS_DEBUG=" "-DVCPKG_CRT_LINKAGE=dynamic" "-DVCPKG_LINKER_FLAGS=" "-DVCPKG_LINKER_FLAGS_RELEASE=" "-DVCPKG_LINKER_FLAGS_DEBUG=" "-DVCPKG_TARGET_ARCHITECTURE=x64" "-DCMAKE_INSTALL_LIBDIR:STRING=lib" "-DCMAKE_INSTALL_BINDIR:STRING=bin" "-D_VCPKG_ROOT_DIR=C:/Program Files/Microsoft Visual Studio/2022/Enterprise/VC/vcpkg/" "-D_VCPKG_INSTALLED_DIR=C:/Users/marco/Documents/avans/schooljaar 25_26/Project/box2d_poc/vcpkg_installed/x64-windows/" "-DVCPKG_MANIFEST_INSTALL=OFF"
-- The C compiler identification is MSVC 19.44.35217.0
-- The CXX compiler identification is MSVC 19.44.35217.0
-- Detecting C compiler ABI info
-- Detecting C compiler ABI info - done
-- Check for working C compiler: C:/Program Files/Microsoft Visual Studio/2022/Enterprise/VC/Tools/MSVC/14.44.35207/bin/Hostx64/x64/cl.exe - skipped
-- Detecting C compile features
-- Detecting C compile features - done
-- Detecting CXX compiler ABI info
-- Detecting CXX compiler ABI info - done
-- Check for working CXX compiler: C:/Program Files/Microsoft Visual Studio/2022/Enterprise/VC/Tools/MSVC/14.44.35207/bin/Hostx64/x64/cl.exe - skipped
-- Detecting CXX compile features
-- Detecting CXX compile features - done
-- CMake C compiler: MSVC
-- CMake C++ compiler: MSVC
-- CMake system name: Windows
-- CMake host system processor: AMD64
-- Box2D on MSVC
-- Skipping Box2D unit tests
-- Configuring done (1.4s)
-- Generating done (0.1s)
CMake Warning:
  Manually-specified variables were not used by the project:

    _VCPKG_ROOT_DIR


-- Build files have been written to: C:/Users/marco/Documents/avans/schooljaar 25_26/Project/box2d_poc/vcpkg_installed/x64-windows/vcpkg/blds/box2d/x64-windows-dbg
[2/2] "C:/Users/marco/AppData/Local/vcpkg/downloads/tools/cmake-3.30.1-windows/cmake-3.30.1-windows-i386/bin/cmake.exe" -E chdir ".." "C:/Users/marco/AppData/Local/vcpkg/downloads/tools/cmake-3.30.1-windows/cmake-3.30.1-windows-i386/bin/cmake.exe" "C:/Users/marco/Documents/avans/schooljaar 25_26/Project/box2d_poc/vcpkg_installed/x64-windows/vcpkg/blds/box2d/src/v3.1.1-9e4ca3be47.clean" "-G" "Ninja" "-DCMAKE_BUILD_TYPE=Release" "-DCMAKE_INSTALL_PREFIX=C:/Users/marco/Documents/avans/schooljaar 25_26/Project/box2d_poc/vcpkg_installed/x64-windows/vcpkg/pkgs/box2d_x64-windows" "-DFETCHCONTENT_FULLY_DISCONNECTED=ON" "-DBOX2D_SAMPLES=OFF" "-DBOX2D_BENCHMARKS=OFF" "-DBOX2D_DOCS=OFF" "-DBOX2D_PROFILE=OFF" "-DBOX2D_VALIDATE=OFF" "-DBOX2D_UNIT_TESTS=OFF" "-DBOX2D_COMPILE_WARNING_AS_ERROR=OFF" "-DCMAKE_MAKE_PROGRAM=C:/Program Files/Microsoft Visual Studio/2022/Enterprise/Common7/IDE/CommonExtensions/Microsoft/CMake/Ninja/ninja.exe" "-DBUILD_SHARED_LIBS=ON" "-DVCPKG_CHAINLOAD_TOOLCHAIN_FILE=C:/Program Files/Microsoft Visual Studio/2022/Enterprise/VC/vcpkg/scripts/toolchains/windows.cmake" "-DVCPKG_TARGET_TRIPLET=x64-windows" "-DVCPKG_SET_CHARSET_FLAG=ON" "-DVCPKG_PLATFORM_TOOLSET=v143" "-DCMAKE_EXPORT_NO_PACKAGE_REGISTRY=ON" "-DCMAKE_FIND_PACKAGE_NO_PACKAGE_REGISTRY=ON" "-DCMAKE_FIND_PACKAGE_NO_SYSTEM_PACKAGE_REGISTRY=ON" "-DCMAKE_INSTALL_SYSTEM_RUNTIME_LIBS_SKIP=TRUE" "-DCMAKE_VERBOSE_MAKEFILE=ON" "-DVCPKG_APPLOCAL_DEPS=OFF" "-DCMAKE_TOOLCHAIN_FILE=C:/Program Files/Microsoft Visual Studio/2022/Enterprise/VC/vcpkg/scripts/buildsystems/vcpkg.cmake" "-DCMAKE_ERROR_ON_ABSOLUTE_INSTALL_DESTINATION=ON" "-DVCPKG_CXX_FLAGS=" "-DVCPKG_CXX_FLAGS_RELEASE=" "-DVCPKG_CXX_FLAGS_DEBUG=" "-DVCPKG_C_FLAGS=" "-DVCPKG_C_FLAGS_RELEASE=" "-DVCPKG_C_FLAGS_DEBUG=" "-DVCPKG_CRT_LINKAGE=dynamic" "-DVCPKG_LINKER_FLAGS=" "-DVCPKG_LINKER_FLAGS_RELEASE=" "-DVCPKG_LINKER_FLAGS_DEBUG=" "-DVCPKG_TARGET_ARCHITECTURE=x64" "-DCMAKE_INSTALL_LIBDIR:STRING=lib" "-DCMAKE_INSTALL_BINDIR:STRING=bin" "-D_VCPKG_ROOT_DIR=C:/Program Files/Microsoft Visual Studio/2022/Enterprise/VC/vcpkg/" "-D_VCPKG_INSTALLED_DIR=C:/Users/marco/Documents/avans/schooljaar 25_26/Project/box2d_poc/vcpkg_installed/x64-windows/" "-DVCPKG_MANIFEST_INSTALL=OFF"
-- The C compiler identification is MSVC 19.44.35217.0
-- The CXX compiler identification is MSVC 19.44.35217.0
-- Detecting C compiler ABI info
-- Detecting C compiler ABI info - done
-- Check for working C compiler: C:/Program Files/Microsoft Visual Studio/2022/Enterprise/VC/Tools/MSVC/14.44.35207/bin/Hostx64/x64/cl.exe - skipped
-- Detecting C compile features
-- Detecting C compile features - done
-- Detecting CXX compiler ABI info
-- Detecting CXX compiler ABI info - done
-- Check for working CXX compiler: C:/Program Files/Microsoft Visual Studio/2022/Enterprise/VC/Tools/MSVC/14.44.35207/bin/Hostx64/x64/cl.exe - skipped
-- Detecting CXX compile features
-- Detecting CXX compile features - done
-- CMake C compiler: MSVC
-- CMake C++ compiler: MSVC
-- CMake system name: Windows
-- CMake host system processor: AMD64
-- Box2D on MSVC
-- Skipping Box2D unit tests
-- Configuring done (1.4s)
-- Generating done (0.1s)
CMake Warning:
  Manually-specified variables were not used by the project:

    _VCPKG_ROOT_DIR


-- Build files have been written to: C:/Users/marco/Documents/avans/schooljaar 25_26/Project/box2d_poc/vcpkg_installed/x64-windows/vcpkg/blds/box2d/x64-windows-rel
