
---
events:
  -
    kind: "message-v1"
    backtrace:
      - "C:/Users/marco/AppData/Local/vcpkg/downloads/tools/cmake-3.30.1-windows/cmake-3.30.1-windows-i386/share/cmake-3.30/Modules/CMakeDetermineSystem.cmake:205 (message)"
      - "CMakeLists.txt:8 (project)"
    message: |
      The system is: Windows - 10.0.26100 - AMD64
  -
    kind: "message-v1"
    backtrace:
      - "C:/Users/marco/AppData/Local/vcpkg/downloads/tools/cmake-3.30.1-windows/cmake-3.30.1-windows-i386/share/cmake-3.30/Modules/CMakeDetermineCompilerId.cmake:17 (message)"
      - "C:/Users/marco/AppData/Local/vcpkg/downloads/tools/cmake-3.30.1-windows/cmake-3.30.1-windows-i386/share/cmake-3.30/Modules/CMakeDetermineCompilerId.cmake:64 (__determine_compiler_id_test)"
      - "C:/Users/marco/AppData/Local/vcpkg/downloads/tools/cmake-3.30.1-windows/cmake-3.30.1-windows-i386/share/cmake-3.30/Modules/CMakeDetermineCCompiler.cmake:123 (CMAKE_DETERMINE_COMPILER_ID)"
      - "CMakeLists.txt:8 (project)"
    message: |
      Compiling the C compiler identification source file "CMakeCCompilerId.c" succeeded.
      Compiler: C:/Program Files/Microsoft Visual Studio/2022/Enterprise/VC/Tools/MSVC/14.44.35207/bin/Hostx64/x64/cl.exe 
      Build flags: /nologo;/DWIN32;/D_WINDOWS;/utf-8;/MP
      Id flags:  
      
      The output was:
      0
      CMakeCCompilerId.c
      
      
      Compilation of the C compiler identification source "CMakeCCompilerId.c" produced "CMakeCCompilerId.exe"
      
      Compilation of the C compiler identification source "CMakeCCompilerId.c" produced "CMakeCCompilerId.obj"
      
      The C compiler identification is MSVC, found in:
        C:/Users/marco/Documents/avans/schooljaar 25_26/Project/box2d_poc/vcpkg_installed/x64-windows/vcpkg/blds/sdl3/x64-windows-dbg/CMakeFiles/3.30.1/CompilerIdC/CMakeCCompilerId.exe
      
  -
    kind: "message-v1"
    backtrace:
      - "C:/Users/marco/AppData/Local/vcpkg/downloads/tools/cmake-3.30.1-windows/cmake-3.30.1-windows-i386/share/cmake-3.30/Modules/CMakeDetermineCompilerId.cmake:1243 (message)"
      - "C:/Users/marco/AppData/Local/vcpkg/downloads/tools/cmake-3.30.1-windows/cmake-3.30.1-windows-i386/share/cmake-3.30/Modules/CMakeDetermineCompilerId.cmake:250 (CMAKE_DETERMINE_MSVC_SHOWINCLUDES_PREFIX)"
      - "C:/Users/marco/AppData/Local/vcpkg/downloads/tools/cmake-3.30.1-windows/cmake-3.30.1-windows-i386/share/cmake-3.30/Modules/CMakeDetermineCCompiler.cmake:123 (CMAKE_DETERMINE_COMPILER_ID)"
      - "CMakeLists.txt:8 (project)"
    message: |
      Detecting C compiler /showIncludes prefix:
        main.c
        Note: including file: C:\\Users\\marco\\Documents\\avans\\schooljaar 25_26\\Project\\box2d_poc\\vcpkg_installed\\x64-windows\\vcpkg\\blds\\sdl3\\x64-windows-dbg\\CMakeFiles\\ShowIncludes\\foo.h
        
      Found prefix "Note: including file: "
  -
    kind: "try_compile-v1"
    backtrace:
      - "C:/Users/marco/AppData/Local/vcpkg/downloads/tools/cmake-3.30.1-windows/cmake-3.30.1-windows-i386/share/cmake-3.30/Modules/CMakeDetermineCompilerABI.cmake:74 (try_compile)"
      - "C:/Users/marco/AppData/Local/vcpkg/downloads/tools/cmake-3.30.1-windows/cmake-3.30.1-windows-i386/share/cmake-3.30/Modules/CMakeTestCCompiler.cmake:26 (CMAKE_DETERMINE_COMPILER_ABI)"
      - "CMakeLists.txt:8 (project)"
    checks:
      - "Detecting C compiler ABI info"
    directories:
      source: "C:/Users/marco/Documents/avans/schooljaar 25_26/Project/box2d_poc/vcpkg_installed/x64-windows/vcpkg/blds/sdl3/x64-windows-dbg/CMakeFiles/CMakeScratch/TryCompile-2xlvfa"
      binary: "C:/Users/marco/Documents/avans/schooljaar 25_26/Project/box2d_poc/vcpkg_installed/x64-windows/vcpkg/blds/sdl3/x64-windows-dbg/CMakeFiles/CMakeScratch/TryCompile-2xlvfa"
    cmakeVariables:
      CMAKE_C_FLAGS: " /nologo /DWIN32 /D_WINDOWS /utf-8 /MP "
      CMAKE_C_FLAGS_DEBUG: "/MDd /Z7 /Ob0 /Od /RTC1 "
      CMAKE_EXE_LINKER_FLAGS: "/machine:x64"
      CMAKE_MSVC_DEBUG_INFORMATION_FORMAT: ""
      CMAKE_MSVC_RUNTIME_LIBRARY: "MultiThreaded$<$<CONFIG:Debug>:Debug>$<$<STREQUAL:dynamic,dynamic>:DLL>"
      VCPKG_CHAINLOAD_TOOLCHAIN_FILE: "C:/Program Files/Microsoft Visual Studio/2022/Enterprise/VC/vcpkg/scripts/toolchains/windows.cmake"
      VCPKG_CRT_LINKAGE: "dynamic"
      VCPKG_CXX_FLAGS: ""
      VCPKG_CXX_FLAGS_DEBUG: ""
      VCPKG_CXX_FLAGS_RELEASE: ""
      VCPKG_C_FLAGS: ""
      VCPKG_C_FLAGS_DEBUG: ""
      VCPKG_C_FLAGS_RELEASE: ""
      VCPKG_INSTALLED_DIR: "C:/Users/marco/Documents/avans/schooljaar 25_26/Project/box2d_poc/vcpkg_installed/x64-windows"
      VCPKG_LINKER_FLAGS: ""
      VCPKG_LINKER_FLAGS_DEBUG: ""
      VCPKG_LINKER_FLAGS_RELEASE: ""
      VCPKG_PLATFORM_TOOLSET: "v143"
      VCPKG_PREFER_SYSTEM_LIBS: "OFF"
      VCPKG_SET_CHARSET_FLAG: "ON"
      VCPKG_TARGET_ARCHITECTURE: "x64"
      VCPKG_TARGET_TRIPLET: "x64-windows"
      Z_VCPKG_ROOT_DIR: "C:/Program Files/Microsoft Visual Studio/2022/Enterprise/VC/vcpkg"
    buildResult:
      variable: "CMAKE_C_ABI_COMPILED"
      cached: true
      stdout: |
        Change Dir: 'C:/Users/marco/Documents/avans/schooljaar 25_26/Project/box2d_poc/vcpkg_installed/x64-windows/vcpkg/blds/sdl3/x64-windows-dbg/CMakeFiles/CMakeScratch/TryCompile-2xlvfa'
        
        Run Build Command(s): "C:/Program Files/Microsoft Visual Studio/2022/Enterprise/Common7/IDE/CommonExtensions/Microsoft/CMake/Ninja/ninja.exe" -v cmTC_6d353
        [1/2] C:\\PROGRA~1\\MICROS~2\\2022\\ENTERP~1\\VC\\Tools\\MSVC\\1444~1.352\\bin\\Hostx64\\x64\\cl.exe  /nologo   /nologo /DWIN32 /D_WINDOWS /utf-8 /MP   /MDd /Z7 /Ob0 /Od /RTC1  -MDd /showIncludes /FoCMakeFiles\\cmTC_6d353.dir\\CMakeCCompilerABI.c.obj /FdCMakeFiles\\cmTC_6d353.dir\\ /FS -c C:\\Users\\marco\\AppData\\Local\\vcpkg\\downloads\\tools\\cmake-3.30.1-windows\\cmake-3.30.1-windows-i386\\share\\cmake-3.30\\Modules\\CMakeCCompilerABI.c
        [2/2] C:\\WINDOWS\\system32\\cmd.exe /C "cd . && C:\\Users\\marco\\AppData\\Local\\vcpkg\\downloads\\tools\\cmake-3.30.1-windows\\cmake-3.30.1-windows-i386\\bin\\cmake.exe -E vs_link_exe --intdir=CMakeFiles\\cmTC_6d353.dir --rc=C:\\PROGRA~2\\WI3CF2~1\\10\\bin\\100261~1.0\\x64\\rc.exe --mt=C:\\PROGRA~2\\WI3CF2~1\\10\\bin\\100261~1.0\\x64\\mt.exe --manifests  -- C:\\PROGRA~1\\MICROS~2\\2022\\ENTERP~1\\VC\\Tools\\MSVC\\1444~1.352\\bin\\Hostx64\\x64\\link.exe /nologo CMakeFiles\\cmTC_6d353.dir\\CMakeCCompilerABI.c.obj  /out:cmTC_6d353.exe /implib:cmTC_6d353.lib /pdb:cmTC_6d353.pdb /version:0.0 /machine:x64  /nologo    /debug /INCREMENTAL /subsystem:console  kernel32.lib user32.lib gdi32.lib winspool.lib shell32.lib ole32.lib oleaut32.lib uuid.lib comdlg32.lib advapi32.lib && cd ."
        
      exitCode: 0
  -
    kind: "message-v1"
    backtrace:
      - "C:/Users/marco/AppData/Local/vcpkg/downloads/tools/cmake-3.30.1-windows/cmake-3.30.1-windows-i386/share/cmake-3.30/Modules/CMakeDetermineCompilerABI.cmake:218 (message)"
      - "C:/Users/marco/AppData/Local/vcpkg/downloads/tools/cmake-3.30.1-windows/cmake-3.30.1-windows-i386/share/cmake-3.30/Modules/CMakeTestCCompiler.cmake:26 (CMAKE_DETERMINE_COMPILER_ABI)"
      - "CMakeLists.txt:8 (project)"
    message: |
      Parsed C implicit link information:
        link line regex: [^( *|.*[/\\])(ld[0-9]*(\\.[a-z]+)?|link\\.exe|lld-link(\\.exe)?|CMAKE_LINK_STARTFILE-NOTFOUND|([^/\\]+-)?ld|collect2)[^/\\]*( |$)]
        linker tool regex: [^[ 	]*(->|")?[ 	]*(([^"]*[/\\])?(ld[0-9]*(\\.[a-z]+)?|link\\.exe|lld-link(\\.exe)?))("|,| |$)]
        linker tool for 'C': C:/PROGRA~1/MICROS~2/2022/ENTERP~1/VC/Tools/MSVC/1444~1.352/bin/Hostx64/x64/link.exe
        implicit libs: []
        implicit objs: []
        implicit dirs: []
        implicit fwks: []
      
      
  -
    kind: "message-v1"
    backtrace:
      - "C:/Users/marco/AppData/Local/vcpkg/downloads/tools/cmake-3.30.1-windows/cmake-3.30.1-windows-i386/share/cmake-3.30/Modules/Internal/CMakeDetermineLinkerId.cmake:40 (message)"
      - "C:/Users/marco/AppData/Local/vcpkg/downloads/tools/cmake-3.30.1-windows/cmake-3.30.1-windows-i386/share/cmake-3.30/Modules/CMakeDetermineCompilerABI.cmake:255 (cmake_determine_linker_id)"
      - "C:/Users/marco/AppData/Local/vcpkg/downloads/tools/cmake-3.30.1-windows/cmake-3.30.1-windows-i386/share/cmake-3.30/Modules/CMakeTestCCompiler.cmake:26 (CMAKE_DETERMINE_COMPILER_ABI)"
      - "CMakeLists.txt:8 (project)"
    message: |
      Running the C compiler's linker: "C:/PROGRA~1/MICROS~2/2022/ENTERP~1/VC/Tools/MSVC/1444~1.352/bin/Hostx64/x64/link.exe" "-v"
      Microsoft (R) Incremental Linker Version 14.44.35217.0
      Copyright (C) Microsoft Corporation.  All rights reserved.
  -
    kind: "try_compile-v1"
    backtrace:
      - "cmake/sdlcpu.cmake:93 (try_compile)"
      - "CMakeLists.txt:81 (SDL_DetectTargetCPUArchitectures)"
    directories:
      source: "C:/Users/marco/Documents/avans/schooljaar 25_26/Project/box2d_poc/vcpkg_installed/x64-windows/vcpkg/blds/sdl3/x64-windows-dbg/CMakeFiles/CMakeTmp/SDL_detect_arch/CMakeFiles/CMakeTmp"
      binary: "C:/Users/marco/Documents/avans/schooljaar 25_26/Project/box2d_poc/vcpkg_installed/x64-windows/vcpkg/blds/sdl3/x64-windows-dbg/CMakeFiles/CMakeTmp/SDL_detect_arch/CMakeFiles/CMakeTmp"
    cmakeVariables:
      CMAKE_C_FLAGS: " /nologo /DWIN32 /D_WINDOWS /utf-8 /MP "
      CMAKE_C_FLAGS_DEBUG: "/MDd /Z7 /Ob0 /Od /RTC1 "
      CMAKE_EXE_LINKER_FLAGS: "/machine:x64"
      CMAKE_MODULE_PATH: "C:/Users/marco/Documents/avans/schooljaar 25_26/Project/box2d_poc/vcpkg_installed/x64-windows/vcpkg/blds/sdl3/src/ase-3.2.20-9007ca2745.clean/cmake"
      CMAKE_MSVC_DEBUG_INFORMATION_FORMAT: ""
      CMAKE_MSVC_RUNTIME_LIBRARY: "MultiThreaded$<$<CONFIG:Debug>:Debug>$<$<STREQUAL:dynamic,dynamic>:DLL>"
      VCPKG_CHAINLOAD_TOOLCHAIN_FILE: "C:/Program Files/Microsoft Visual Studio/2022/Enterprise/VC/vcpkg/scripts/toolchains/windows.cmake"
      VCPKG_CRT_LINKAGE: "dynamic"
      VCPKG_CXX_FLAGS: ""
      VCPKG_CXX_FLAGS_DEBUG: ""
      VCPKG_CXX_FLAGS_RELEASE: ""
      VCPKG_C_FLAGS: ""
      VCPKG_C_FLAGS_DEBUG: ""
      VCPKG_C_FLAGS_RELEASE: ""
      VCPKG_INSTALLED_DIR: "C:/Users/marco/Documents/avans/schooljaar 25_26/Project/box2d_poc/vcpkg_installed/x64-windows"
      VCPKG_LINKER_FLAGS: ""
      VCPKG_LINKER_FLAGS_DEBUG: ""
      VCPKG_LINKER_FLAGS_RELEASE: ""
      VCPKG_PLATFORM_TOOLSET: "v143"
      VCPKG_PREFER_SYSTEM_LIBS: "OFF"
      VCPKG_SET_CHARSET_FLAG: "ON"
      VCPKG_TARGET_ARCHITECTURE: "x64"
      VCPKG_TARGET_TRIPLET: "x64-windows"
      Z_VCPKG_ROOT_DIR: "C:/Program Files/Microsoft Visual Studio/2022/Enterprise/VC/vcpkg"
    buildResult:
      variable: "SDL_CPU_CHECK_ALL"
      cached: true
      stdout: |
        Change Dir: 'C:/Users/marco/Documents/avans/schooljaar 25_26/Project/box2d_poc/vcpkg_installed/x64-windows/vcpkg/blds/sdl3/x64-windows-dbg/CMakeFiles/CMakeTmp/SDL_detect_arch/CMakeFiles/CMakeTmp'
        
        Run Build Command(s): "C:/Program Files/Microsoft Visual Studio/2022/Enterprise/Common7/IDE/CommonExtensions/Microsoft/CMake/Ninja/ninja.exe" -v cmTC_407a4
        [1/2] C:\\PROGRA~1\\MICROS~2\\2022\\ENTERP~1\\VC\\Tools\\MSVC\\1444~1.352\\bin\\Hostx64\\x64\\cl.exe  /nologo   /nologo /DWIN32 /D_WINDOWS /utf-8 /MP   /MDd /Z7 /Ob0 /Od /RTC1  -MDd /showIncludes /FoCMakeFiles\\cmTC_407a4.dir\\SDL_detect_arch.c.obj /FdCMakeFiles\\cmTC_407a4.dir\\cmTC_407a4.pdb /FS -c "C:\\Users\\marco\\Documents\\avans\\schooljaar 25_26\\Project\\box2d_poc\\vcpkg_installed\\x64-windows\\vcpkg\\blds\\sdl3\\x64-windows-dbg\\CMakeFiles\\CMakeTmp\\SDL_detect_arch.c"
        [2/2] C:\\WINDOWS\\system32\\cmd.exe /C "cd . && C:\\PROGRA~1\\MICROS~2\\2022\\ENTERP~1\\VC\\Tools\\MSVC\\1444~1.352\\bin\\Hostx64\\x64\\lib.exe /nologo /machine:x64 /nologo /out:cmTC_407a4.lib CMakeFiles\\cmTC_407a4.dir\\SDL_detect_arch.c.obj && cd ."
        
      exitCode: 0
  -
    kind: "try_compile-v1"
    backtrace:
      - "C:/Users/marco/AppData/Local/vcpkg/downloads/tools/cmake-3.30.1-windows/cmake-3.30.1-windows-i386/share/cmake-3.30/Modules/Internal/CheckSourceCompiles.cmake:101 (try_compile)"
      - "C:/Users/marco/AppData/Local/vcpkg/downloads/tools/cmake-3.30.1-windows/cmake-3.30.1-windows-i386/share/cmake-3.30/Modules/CheckCSourceCompiles.cmake:52 (cmake_check_source_compiles)"
      - "CMakeLists.txt:661 (check_c_source_compiles)"
    checks:
      - "Performing Test COMPILER_SUPPORTS_MMX"
    directories:
      source: "C:/Users/marco/Documents/avans/schooljaar 25_26/Project/box2d_poc/vcpkg_installed/x64-windows/vcpkg/blds/sdl3/x64-windows-dbg/CMakeFiles/CMakeScratch/TryCompile-8rhst2"
      binary: "C:/Users/marco/Documents/avans/schooljaar 25_26/Project/box2d_poc/vcpkg_installed/x64-windows/vcpkg/blds/sdl3/x64-windows-dbg/CMakeFiles/CMakeScratch/TryCompile-8rhst2"
    cmakeVariables:
      CMAKE_C_FLAGS: " /nologo /DWIN32 /D_WINDOWS /utf-8 /MP "
      CMAKE_C_FLAGS_DEBUG: "/MDd /Z7 /Ob0 /Od /RTC1 "
      CMAKE_EXE_LINKER_FLAGS: "/machine:x64"
      CMAKE_MODULE_PATH: "C:/Users/marco/Documents/avans/schooljaar 25_26/Project/box2d_poc/vcpkg_installed/x64-windows/vcpkg/blds/sdl3/src/ase-3.2.20-9007ca2745.clean/cmake"
      CMAKE_MSVC_DEBUG_INFORMATION_FORMAT: ""
      CMAKE_MSVC_RUNTIME_LIBRARY: "MultiThreaded$<$<CONFIG:Debug>:Debug>$<$<STREQUAL:dynamic,dynamic>:DLL>"
      VCPKG_CHAINLOAD_TOOLCHAIN_FILE: "C:/Program Files/Microsoft Visual Studio/2022/Enterprise/VC/vcpkg/scripts/toolchains/windows.cmake"
      VCPKG_CRT_LINKAGE: "dynamic"
      VCPKG_CXX_FLAGS: ""
      VCPKG_CXX_FLAGS_DEBUG: ""
      VCPKG_CXX_FLAGS_RELEASE: ""
      VCPKG_C_FLAGS: ""
      VCPKG_C_FLAGS_DEBUG: ""
      VCPKG_C_FLAGS_RELEASE: ""
      VCPKG_INSTALLED_DIR: "C:/Users/marco/Documents/avans/schooljaar 25_26/Project/box2d_poc/vcpkg_installed/x64-windows"
      VCPKG_LINKER_FLAGS: ""
      VCPKG_LINKER_FLAGS_DEBUG: ""
      VCPKG_LINKER_FLAGS_RELEASE: ""
      VCPKG_PLATFORM_TOOLSET: "v143"
      VCPKG_PREFER_SYSTEM_LIBS: "OFF"
      VCPKG_SET_CHARSET_FLAG: "ON"
      VCPKG_TARGET_ARCHITECTURE: "x64"
      VCPKG_TARGET_TRIPLET: "x64-windows"
      Z_VCPKG_ROOT_DIR: "C:/Program Files/Microsoft Visual Studio/2022/Enterprise/VC/vcpkg"
    buildResult:
      variable: "COMPILER_SUPPORTS_MMX"
      cached: true
      stdout: |
        Change Dir: 'C:/Users/marco/Documents/avans/schooljaar 25_26/Project/box2d_poc/vcpkg_installed/x64-windows/vcpkg/blds/sdl3/x64-windows-dbg/CMakeFiles/CMakeScratch/TryCompile-8rhst2'
        
        Run Build Command(s): "C:/Program Files/Microsoft Visual Studio/2022/Enterprise/Common7/IDE/CommonExtensions/Microsoft/CMake/Ninja/ninja.exe" -v cmTC_627d3
        [1/2] C:\\PROGRA~1\\MICROS~2\\2022\\ENTERP~1\\VC\\Tools\\MSVC\\1444~1.352\\bin\\Hostx64\\x64\\cl.exe  /nologo -DCOMPILER_SUPPORTS_MMX  /nologo /DWIN32 /D_WINDOWS /utf-8 /MP   -D_GNU_SOURCE=1 /MDd /Z7 /Ob0 /Od /RTC1  -MDd /showIncludes /FoCMakeFiles\\cmTC_627d3.dir\\src.c.obj /FdCMakeFiles\\cmTC_627d3.dir\\ /FS -c "C:\\Users\\marco\\Documents\\avans\\schooljaar 25_26\\Project\\box2d_poc\\vcpkg_installed\\x64-windows\\vcpkg\\blds\\sdl3\\x64-windows-dbg\\CMakeFiles\\CMakeScratch\\TryCompile-8rhst2\\src.c"
        FAILED: CMakeFiles/cmTC_627d3.dir/src.c.obj 
        C:\\PROGRA~1\\MICROS~2\\2022\\ENTERP~1\\VC\\Tools\\MSVC\\1444~1.352\\bin\\Hostx64\\x64\\cl.exe  /nologo -DCOMPILER_SUPPORTS_MMX  /nologo /DWIN32 /D_WINDOWS /utf-8 /MP   -D_GNU_SOURCE=1 /MDd /Z7 /Ob0 /Od /RTC1  -MDd /showIncludes /FoCMakeFiles\\cmTC_627d3.dir\\src.c.obj /FdCMakeFiles\\cmTC_627d3.dir\\ /FS -c "C:\\Users\\marco\\Documents\\avans\\schooljaar 25_26\\Project\\box2d_poc\\vcpkg_installed\\x64-windows\\vcpkg\\blds\\sdl3\\x64-windows-dbg\\CMakeFiles\\CMakeScratch\\TryCompile-8rhst2\\src.c"
        C:\\Users\\marco\\Documents\\avans\\schooljaar 25_26\\Project\\box2d_poc\\vcpkg_installed\\x64-windows\\vcpkg\\blds\\sdl3\\x64-windows-dbg\\CMakeFiles\\CMakeScratch\\TryCompile-8rhst2\\src.c(5): error C2440: '=': cannot convert from 'int' to '__m64'
        ninja: build stopped: subcommand failed.
        
      exitCode: 1
  -
    kind: "try_compile-v1"
    backtrace:
      - "C:/Users/marco/AppData/Local/vcpkg/downloads/tools/cmake-3.30.1-windows/cmake-3.30.1-windows-i386/share/cmake-3.30/Modules/Internal/CheckSourceCompiles.cmake:101 (try_compile)"
      - "C:/Users/marco/AppData/Local/vcpkg/downloads/tools/cmake-3.30.1-windows/cmake-3.30.1-windows-i386/share/cmake-3.30/Modules/CheckCSourceCompiles.cmake:52 (cmake_check_source_compiles)"
      - "CMakeLists.txt:682 (check_c_source_compiles)"
    checks:
      - "Performing Test COMPILER_SUPPORTS_SSE"
    directories:
      source: "C:/Users/marco/Documents/avans/schooljaar 25_26/Project/box2d_poc/vcpkg_installed/x64-windows/vcpkg/blds/sdl3/x64-windows-dbg/CMakeFiles/CMakeScratch/TryCompile-oc4cat"
      binary: "C:/Users/marco/Documents/avans/schooljaar 25_26/Project/box2d_poc/vcpkg_installed/x64-windows/vcpkg/blds/sdl3/x64-windows-dbg/CMakeFiles/CMakeScratch/TryCompile-oc4cat"
    cmakeVariables:
      CMAKE_C_FLAGS: " /nologo /DWIN32 /D_WINDOWS /utf-8 /MP "
      CMAKE_C_FLAGS_DEBUG: "/MDd /Z7 /Ob0 /Od /RTC1 "
      CMAKE_EXE_LINKER_FLAGS: "/machine:x64"
      CMAKE_MODULE_PATH: "C:/Users/marco/Documents/avans/schooljaar 25_26/Project/box2d_poc/vcpkg_installed/x64-windows/vcpkg/blds/sdl3/src/ase-3.2.20-9007ca2745.clean/cmake"
      CMAKE_MSVC_DEBUG_INFORMATION_FORMAT: ""
      CMAKE_MSVC_RUNTIME_LIBRARY: "MultiThreaded$<$<CONFIG:Debug>:Debug>$<$<STREQUAL:dynamic,dynamic>:DLL>"
      VCPKG_CHAINLOAD_TOOLCHAIN_FILE: "C:/Program Files/Microsoft Visual Studio/2022/Enterprise/VC/vcpkg/scripts/toolchains/windows.cmake"
      VCPKG_CRT_LINKAGE: "dynamic"
      VCPKG_CXX_FLAGS: ""
      VCPKG_CXX_FLAGS_DEBUG: ""
      VCPKG_CXX_FLAGS_RELEASE: ""
      VCPKG_C_FLAGS: ""
      VCPKG_C_FLAGS_DEBUG: ""
      VCPKG_C_FLAGS_RELEASE: ""
      VCPKG_INSTALLED_DIR: "C:/Users/marco/Documents/avans/schooljaar 25_26/Project/box2d_poc/vcpkg_installed/x64-windows"
      VCPKG_LINKER_FLAGS: ""
      VCPKG_LINKER_FLAGS_DEBUG: ""
      VCPKG_LINKER_FLAGS_RELEASE: ""
      VCPKG_PLATFORM_TOOLSET: "v143"
      VCPKG_PREFER_SYSTEM_LIBS: "OFF"
      VCPKG_SET_CHARSET_FLAG: "ON"
      VCPKG_TARGET_ARCHITECTURE: "x64"
      VCPKG_TARGET_TRIPLET: "x64-windows"
      Z_VCPKG_ROOT_DIR: "C:/Program Files/Microsoft Visual Studio/2022/Enterprise/VC/vcpkg"
    buildResult:
      variable: "COMPILER_SUPPORTS_SSE"
      cached: true
      stdout: |
        Change Dir: 'C:/Users/marco/Documents/avans/schooljaar 25_26/Project/box2d_poc/vcpkg_installed/x64-windows/vcpkg/blds/sdl3/x64-windows-dbg/CMakeFiles/CMakeScratch/TryCompile-oc4cat'
        
        Run Build Command(s): "C:/Program Files/Microsoft Visual Studio/2022/Enterprise/Common7/IDE/CommonExtensions/Microsoft/CMake/Ninja/ninja.exe" -v cmTC_c5ea5
        [1/2] C:\\PROGRA~1\\MICROS~2\\2022\\ENTERP~1\\VC\\Tools\\MSVC\\1444~1.352\\bin\\Hostx64\\x64\\cl.exe  /nologo -DCOMPILER_SUPPORTS_SSE  /nologo /DWIN32 /D_WINDOWS /utf-8 /MP   -D_GNU_SOURCE=1 /MDd /Z7 /Ob0 /Od /RTC1  -MDd /showIncludes /FoCMakeFiles\\cmTC_c5ea5.dir\\src.c.obj /FdCMakeFiles\\cmTC_c5ea5.dir\\ /FS -c "C:\\Users\\marco\\Documents\\avans\\schooljaar 25_26\\Project\\box2d_poc\\vcpkg_installed\\x64-windows\\vcpkg\\blds\\sdl3\\x64-windows-dbg\\CMakeFiles\\CMakeScratch\\TryCompile-oc4cat\\src.c"
        [2/2] C:\\WINDOWS\\system32\\cmd.exe /C "cd . && C:\\Users\\marco\\AppData\\Local\\vcpkg\\downloads\\tools\\cmake-3.30.1-windows\\cmake-3.30.1-windows-i386\\bin\\cmake.exe -E vs_link_exe --intdir=CMakeFiles\\cmTC_c5ea5.dir --rc=C:\\PROGRA~2\\WI3CF2~1\\10\\bin\\100261~1.0\\x64\\rc.exe --mt=C:\\PROGRA~2\\WI3CF2~1\\10\\bin\\100261~1.0\\x64\\mt.exe --manifests  -- C:\\PROGRA~1\\MICROS~2\\2022\\ENTERP~1\\VC\\Tools\\MSVC\\1444~1.352\\bin\\Hostx64\\x64\\link.exe /nologo CMakeFiles\\cmTC_c5ea5.dir\\src.c.obj  /out:cmTC_c5ea5.exe /implib:cmTC_c5ea5.lib /pdb:cmTC_c5ea5.pdb /version:0.0 /machine:x64  /nologo    /debug /INCREMENTAL /subsystem:console  kernel32.lib user32.lib gdi32.lib winspool.lib shell32.lib ole32.lib oleaut32.lib uuid.lib comdlg32.lib advapi32.lib && cd ."
        
      exitCode: 0
  -
    kind: "try_compile-v1"
    backtrace:
      - "C:/Users/marco/AppData/Local/vcpkg/downloads/tools/cmake-3.30.1-windows/cmake-3.30.1-windows-i386/share/cmake-3.30/Modules/Internal/CheckSourceCompiles.cmake:101 (try_compile)"
      - "C:/Users/marco/AppData/Local/vcpkg/downloads/tools/cmake-3.30.1-windows/cmake-3.30.1-windows-i386/share/cmake-3.30/Modules/CheckCSourceCompiles.cmake:52 (cmake_check_source_compiles)"
      - "CMakeLists.txt:703 (check_c_source_compiles)"
    checks:
      - "Performing Test COMPILER_SUPPORTS_SSE2"
    directories:
      source: "C:/Users/marco/Documents/avans/schooljaar 25_26/Project/box2d_poc/vcpkg_installed/x64-windows/vcpkg/blds/sdl3/x64-windows-dbg/CMakeFiles/CMakeScratch/TryCompile-2bm0s2"
      binary: "C:/Users/marco/Documents/avans/schooljaar 25_26/Project/box2d_poc/vcpkg_installed/x64-windows/vcpkg/blds/sdl3/x64-windows-dbg/CMakeFiles/CMakeScratch/TryCompile-2bm0s2"
    cmakeVariables:
      CMAKE_C_FLAGS: " /nologo /DWIN32 /D_WINDOWS /utf-8 /MP "
      CMAKE_C_FLAGS_DEBUG: "/MDd /Z7 /Ob0 /Od /RTC1 "
      CMAKE_EXE_LINKER_FLAGS: "/machine:x64"
      CMAKE_MODULE_PATH: "C:/Users/marco/Documents/avans/schooljaar 25_26/Project/box2d_poc/vcpkg_installed/x64-windows/vcpkg/blds/sdl3/src/ase-3.2.20-9007ca2745.clean/cmake"
      CMAKE_MSVC_DEBUG_INFORMATION_FORMAT: ""
      CMAKE_MSVC_RUNTIME_LIBRARY: "MultiThreaded$<$<CONFIG:Debug>:Debug>$<$<STREQUAL:dynamic,dynamic>:DLL>"
      VCPKG_CHAINLOAD_TOOLCHAIN_FILE: "C:/Program Files/Microsoft Visual Studio/2022/Enterprise/VC/vcpkg/scripts/toolchains/windows.cmake"
      VCPKG_CRT_LINKAGE: "dynamic"
      VCPKG_CXX_FLAGS: ""
      VCPKG_CXX_FLAGS_DEBUG: ""
      VCPKG_CXX_FLAGS_RELEASE: ""
      VCPKG_C_FLAGS: ""
      VCPKG_C_FLAGS_DEBUG: ""
      VCPKG_C_FLAGS_RELEASE: ""
      VCPKG_INSTALLED_DIR: "C:/Users/marco/Documents/avans/schooljaar 25_26/Project/box2d_poc/vcpkg_installed/x64-windows"
      VCPKG_LINKER_FLAGS: ""
      VCPKG_LINKER_FLAGS_DEBUG: ""
      VCPKG_LINKER_FLAGS_RELEASE: ""
      VCPKG_PLATFORM_TOOLSET: "v143"
      VCPKG_PREFER_SYSTEM_LIBS: "OFF"
      VCPKG_SET_CHARSET_FLAG: "ON"
      VCPKG_TARGET_ARCHITECTURE: "x64"
      VCPKG_TARGET_TRIPLET: "x64-windows"
      Z_VCPKG_ROOT_DIR: "C:/Program Files/Microsoft Visual Studio/2022/Enterprise/VC/vcpkg"
    buildResult:
      variable: "COMPILER_SUPPORTS_SSE2"
      cached: true
      stdout: |
        Change Dir: 'C:/Users/marco/Documents/avans/schooljaar 25_26/Project/box2d_poc/vcpkg_installed/x64-windows/vcpkg/blds/sdl3/x64-windows-dbg/CMakeFiles/CMakeScratch/TryCompile-2bm0s2'
        
        Run Build Command(s): "C:/Program Files/Microsoft Visual Studio/2022/Enterprise/Common7/IDE/CommonExtensions/Microsoft/CMake/Ninja/ninja.exe" -v cmTC_ad478
        [1/2] C:\\PROGRA~1\\MICROS~2\\2022\\ENTERP~1\\VC\\Tools\\MSVC\\1444~1.352\\bin\\Hostx64\\x64\\cl.exe  /nologo -DCOMPILER_SUPPORTS_SSE2  /nologo /DWIN32 /D_WINDOWS /utf-8 /MP   -D_GNU_SOURCE=1 /MDd /Z7 /Ob0 /Od /RTC1  -MDd /showIncludes /FoCMakeFiles\\cmTC_ad478.dir\\src.c.obj /FdCMakeFiles\\cmTC_ad478.dir\\ /FS -c "C:\\Users\\marco\\Documents\\avans\\schooljaar 25_26\\Project\\box2d_poc\\vcpkg_installed\\x64-windows\\vcpkg\\blds\\sdl3\\x64-windows-dbg\\CMakeFiles\\CMakeScratch\\TryCompile-2bm0s2\\src.c"
        [2/2] C:\\WINDOWS\\system32\\cmd.exe /C "cd . && C:\\Users\\marco\\AppData\\Local\\vcpkg\\downloads\\tools\\cmake-3.30.1-windows\\cmake-3.30.1-windows-i386\\bin\\cmake.exe -E vs_link_exe --intdir=CMakeFiles\\cmTC_ad478.dir --rc=C:\\PROGRA~2\\WI3CF2~1\\10\\bin\\100261~1.0\\x64\\rc.exe --mt=C:\\PROGRA~2\\WI3CF2~1\\10\\bin\\100261~1.0\\x64\\mt.exe --manifests  -- C:\\PROGRA~1\\MICROS~2\\2022\\ENTERP~1\\VC\\Tools\\MSVC\\1444~1.352\\bin\\Hostx64\\x64\\link.exe /nologo CMakeFiles\\cmTC_ad478.dir\\src.c.obj  /out:cmTC_ad478.exe /implib:cmTC_ad478.lib /pdb:cmTC_ad478.pdb /version:0.0 /machine:x64  /nologo    /debug /INCREMENTAL /subsystem:console  kernel32.lib user32.lib gdi32.lib winspool.lib shell32.lib ole32.lib oleaut32.lib uuid.lib comdlg32.lib advapi32.lib && cd ."
        
      exitCode: 0
  -
    kind: "try_compile-v1"
    backtrace:
      - "C:/Users/marco/AppData/Local/vcpkg/downloads/tools/cmake-3.30.1-windows/cmake-3.30.1-windows-i386/share/cmake-3.30/Modules/Internal/CheckSourceCompiles.cmake:101 (try_compile)"
      - "C:/Users/marco/AppData/Local/vcpkg/downloads/tools/cmake-3.30.1-windows/cmake-3.30.1-windows-i386/share/cmake-3.30/Modules/CheckCSourceCompiles.cmake:52 (cmake_check_source_compiles)"
      - "CMakeLists.txt:724 (check_c_source_compiles)"
    checks:
      - "Performing Test COMPILER_SUPPORTS_SSE3"
    directories:
      source: "C:/Users/marco/Documents/avans/schooljaar 25_26/Project/box2d_poc/vcpkg_installed/x64-windows/vcpkg/blds/sdl3/x64-windows-dbg/CMakeFiles/CMakeScratch/TryCompile-ubes9s"
      binary: "C:/Users/marco/Documents/avans/schooljaar 25_26/Project/box2d_poc/vcpkg_installed/x64-windows/vcpkg/blds/sdl3/x64-windows-dbg/CMakeFiles/CMakeScratch/TryCompile-ubes9s"
    cmakeVariables:
      CMAKE_C_FLAGS: " /nologo /DWIN32 /D_WINDOWS /utf-8 /MP "
      CMAKE_C_FLAGS_DEBUG: "/MDd /Z7 /Ob0 /Od /RTC1 "
      CMAKE_EXE_LINKER_FLAGS: "/machine:x64"
      CMAKE_MODULE_PATH: "C:/Users/marco/Documents/avans/schooljaar 25_26/Project/box2d_poc/vcpkg_installed/x64-windows/vcpkg/blds/sdl3/src/ase-3.2.20-9007ca2745.clean/cmake"
      CMAKE_MSVC_DEBUG_INFORMATION_FORMAT: ""
      CMAKE_MSVC_RUNTIME_LIBRARY: "MultiThreaded$<$<CONFIG:Debug>:Debug>$<$<STREQUAL:dynamic,dynamic>:DLL>"
      VCPKG_CHAINLOAD_TOOLCHAIN_FILE: "C:/Program Files/Microsoft Visual Studio/2022/Enterprise/VC/vcpkg/scripts/toolchains/windows.cmake"
      VCPKG_CRT_LINKAGE: "dynamic"
      VCPKG_CXX_FLAGS: ""
      VCPKG_CXX_FLAGS_DEBUG: ""
      VCPKG_CXX_FLAGS_RELEASE: ""
      VCPKG_C_FLAGS: ""
      VCPKG_C_FLAGS_DEBUG: ""
      VCPKG_C_FLAGS_RELEASE: ""
      VCPKG_INSTALLED_DIR: "C:/Users/marco/Documents/avans/schooljaar 25_26/Project/box2d_poc/vcpkg_installed/x64-windows"
      VCPKG_LINKER_FLAGS: ""
      VCPKG_LINKER_FLAGS_DEBUG: ""
      VCPKG_LINKER_FLAGS_RELEASE: ""
      VCPKG_PLATFORM_TOOLSET: "v143"
      VCPKG_PREFER_SYSTEM_LIBS: "OFF"
      VCPKG_SET_CHARSET_FLAG: "ON"
      VCPKG_TARGET_ARCHITECTURE: "x64"
      VCPKG_TARGET_TRIPLET: "x64-windows"
      Z_VCPKG_ROOT_DIR: "C:/Program Files/Microsoft Visual Studio/2022/Enterprise/VC/vcpkg"
    buildResult:
      variable: "COMPILER_SUPPORTS_SSE3"
      cached: true
      stdout: |
        Change Dir: 'C:/Users/marco/Documents/avans/schooljaar 25_26/Project/box2d_poc/vcpkg_installed/x64-windows/vcpkg/blds/sdl3/x64-windows-dbg/CMakeFiles/CMakeScratch/TryCompile-ubes9s'
        
        Run Build Command(s): "C:/Program Files/Microsoft Visual Studio/2022/Enterprise/Common7/IDE/CommonExtensions/Microsoft/CMake/Ninja/ninja.exe" -v cmTC_0d76e
        [1/2] C:\\PROGRA~1\\MICROS~2\\2022\\ENTERP~1\\VC\\Tools\\MSVC\\1444~1.352\\bin\\Hostx64\\x64\\cl.exe  /nologo -DCOMPILER_SUPPORTS_SSE3  /nologo /DWIN32 /D_WINDOWS /utf-8 /MP   -D_GNU_SOURCE=1 /MDd /Z7 /Ob0 /Od /RTC1  -MDd /showIncludes /FoCMakeFiles\\cmTC_0d76e.dir\\src.c.obj /FdCMakeFiles\\cmTC_0d76e.dir\\ /FS -c "C:\\Users\\marco\\Documents\\avans\\schooljaar 25_26\\Project\\box2d_poc\\vcpkg_installed\\x64-windows\\vcpkg\\blds\\sdl3\\x64-windows-dbg\\CMakeFiles\\CMakeScratch\\TryCompile-ubes9s\\src.c"
        [2/2] C:\\WINDOWS\\system32\\cmd.exe /C "cd . && C:\\Users\\marco\\AppData\\Local\\vcpkg\\downloads\\tools\\cmake-3.30.1-windows\\cmake-3.30.1-windows-i386\\bin\\cmake.exe -E vs_link_exe --intdir=CMakeFiles\\cmTC_0d76e.dir --rc=C:\\PROGRA~2\\WI3CF2~1\\10\\bin\\100261~1.0\\x64\\rc.exe --mt=C:\\PROGRA~2\\WI3CF2~1\\10\\bin\\100261~1.0\\x64\\mt.exe --manifests  -- C:\\PROGRA~1\\MICROS~2\\2022\\ENTERP~1\\VC\\Tools\\MSVC\\1444~1.352\\bin\\Hostx64\\x64\\link.exe /nologo CMakeFiles\\cmTC_0d76e.dir\\src.c.obj  /out:cmTC_0d76e.exe /implib:cmTC_0d76e.lib /pdb:cmTC_0d76e.pdb /version:0.0 /machine:x64  /nologo    /debug /INCREMENTAL /subsystem:console  kernel32.lib user32.lib gdi32.lib winspool.lib shell32.lib ole32.lib oleaut32.lib uuid.lib comdlg32.lib advapi32.lib && cd ."
        
      exitCode: 0
  -
    kind: "try_compile-v1"
    backtrace:
      - "C:/Users/marco/AppData/Local/vcpkg/downloads/tools/cmake-3.30.1-windows/cmake-3.30.1-windows-i386/share/cmake-3.30/Modules/Internal/CheckSourceCompiles.cmake:101 (try_compile)"
      - "C:/Users/marco/AppData/Local/vcpkg/downloads/tools/cmake-3.30.1-windows/cmake-3.30.1-windows-i386/share/cmake-3.30/Modules/CheckCSourceCompiles.cmake:52 (cmake_check_source_compiles)"
      - "CMakeLists.txt:745 (check_c_source_compiles)"
    checks:
      - "Performing Test COMPILER_SUPPORTS_SSE4_1"
    directories:
      source: "C:/Users/marco/Documents/avans/schooljaar 25_26/Project/box2d_poc/vcpkg_installed/x64-windows/vcpkg/blds/sdl3/x64-windows-dbg/CMakeFiles/CMakeScratch/TryCompile-3gytt5"
      binary: "C:/Users/marco/Documents/avans/schooljaar 25_26/Project/box2d_poc/vcpkg_installed/x64-windows/vcpkg/blds/sdl3/x64-windows-dbg/CMakeFiles/CMakeScratch/TryCompile-3gytt5"
    cmakeVariables:
      CMAKE_C_FLAGS: " /nologo /DWIN32 /D_WINDOWS /utf-8 /MP "
      CMAKE_C_FLAGS_DEBUG: "/MDd /Z7 /Ob0 /Od /RTC1 "
      CMAKE_EXE_LINKER_FLAGS: "/machine:x64"
      CMAKE_MODULE_PATH: "C:/Users/marco/Documents/avans/schooljaar 25_26/Project/box2d_poc/vcpkg_installed/x64-windows/vcpkg/blds/sdl3/src/ase-3.2.20-9007ca2745.clean/cmake"
      CMAKE_MSVC_DEBUG_INFORMATION_FORMAT: ""
      CMAKE_MSVC_RUNTIME_LIBRARY: "MultiThreaded$<$<CONFIG:Debug>:Debug>$<$<STREQUAL:dynamic,dynamic>:DLL>"
      VCPKG_CHAINLOAD_TOOLCHAIN_FILE: "C:/Program Files/Microsoft Visual Studio/2022/Enterprise/VC/vcpkg/scripts/toolchains/windows.cmake"
      VCPKG_CRT_LINKAGE: "dynamic"
      VCPKG_CXX_FLAGS: ""
      VCPKG_CXX_FLAGS_DEBUG: ""
      VCPKG_CXX_FLAGS_RELEASE: ""
      VCPKG_C_FLAGS: ""
      VCPKG_C_FLAGS_DEBUG: ""
      VCPKG_C_FLAGS_RELEASE: ""
      VCPKG_INSTALLED_DIR: "C:/Users/marco/Documents/avans/schooljaar 25_26/Project/box2d_poc/vcpkg_installed/x64-windows"
      VCPKG_LINKER_FLAGS: ""
      VCPKG_LINKER_FLAGS_DEBUG: ""
      VCPKG_LINKER_FLAGS_RELEASE: ""
      VCPKG_PLATFORM_TOOLSET: "v143"
      VCPKG_PREFER_SYSTEM_LIBS: "OFF"
      VCPKG_SET_CHARSET_FLAG: "ON"
      VCPKG_TARGET_ARCHITECTURE: "x64"
      VCPKG_TARGET_TRIPLET: "x64-windows"
      Z_VCPKG_ROOT_DIR: "C:/Program Files/Microsoft Visual Studio/2022/Enterprise/VC/vcpkg"
    buildResult:
      variable: "COMPILER_SUPPORTS_SSE4_1"
      cached: true
      stdout: |
        Change Dir: 'C:/Users/marco/Documents/avans/schooljaar 25_26/Project/box2d_poc/vcpkg_installed/x64-windows/vcpkg/blds/sdl3/x64-windows-dbg/CMakeFiles/CMakeScratch/TryCompile-3gytt5'
        
        Run Build Command(s): "C:/Program Files/Microsoft Visual Studio/2022/Enterprise/Common7/IDE/CommonExtensions/Microsoft/CMake/Ninja/ninja.exe" -v cmTC_153f9
        [1/2] C:\\PROGRA~1\\MICROS~2\\2022\\ENTERP~1\\VC\\Tools\\MSVC\\1444~1.352\\bin\\Hostx64\\x64\\cl.exe  /nologo -DCOMPILER_SUPPORTS_SSE4_1  /nologo /DWIN32 /D_WINDOWS /utf-8 /MP   -D_GNU_SOURCE=1 /MDd /Z7 /Ob0 /Od /RTC1  -MDd /showIncludes /FoCMakeFiles\\cmTC_153f9.dir\\src.c.obj /FdCMakeFiles\\cmTC_153f9.dir\\ /FS -c "C:\\Users\\marco\\Documents\\avans\\schooljaar 25_26\\Project\\box2d_poc\\vcpkg_installed\\x64-windows\\vcpkg\\blds\\sdl3\\x64-windows-dbg\\CMakeFiles\\CMakeScratch\\TryCompile-3gytt5\\src.c"
        [2/2] C:\\WINDOWS\\system32\\cmd.exe /C "cd . && C:\\Users\\marco\\AppData\\Local\\vcpkg\\downloads\\tools\\cmake-3.30.1-windows\\cmake-3.30.1-windows-i386\\bin\\cmake.exe -E vs_link_exe --intdir=CMakeFiles\\cmTC_153f9.dir --rc=C:\\PROGRA~2\\WI3CF2~1\\10\\bin\\100261~1.0\\x64\\rc.exe --mt=C:\\PROGRA~2\\WI3CF2~1\\10\\bin\\100261~1.0\\x64\\mt.exe --manifests  -- C:\\PROGRA~1\\MICROS~2\\2022\\ENTERP~1\\VC\\Tools\\MSVC\\1444~1.352\\bin\\Hostx64\\x64\\link.exe /nologo CMakeFiles\\cmTC_153f9.dir\\src.c.obj  /out:cmTC_153f9.exe /implib:cmTC_153f9.lib /pdb:cmTC_153f9.pdb /version:0.0 /machine:x64  /nologo    /debug /INCREMENTAL /subsystem:console  kernel32.lib user32.lib gdi32.lib winspool.lib shell32.lib ole32.lib oleaut32.lib uuid.lib comdlg32.lib advapi32.lib && cd ."
        
      exitCode: 0
  -
    kind: "try_compile-v1"
    backtrace:
      - "C:/Users/marco/AppData/Local/vcpkg/downloads/tools/cmake-3.30.1-windows/cmake-3.30.1-windows-i386/share/cmake-3.30/Modules/Internal/CheckSourceCompiles.cmake:101 (try_compile)"
      - "C:/Users/marco/AppData/Local/vcpkg/downloads/tools/cmake-3.30.1-windows/cmake-3.30.1-windows-i386/share/cmake-3.30/Modules/CheckCSourceCompiles.cmake:52 (cmake_check_source_compiles)"
      - "CMakeLists.txt:766 (check_c_source_compiles)"
    checks:
      - "Performing Test COMPILER_SUPPORTS_SSE4_2"
    directories:
      source: "C:/Users/marco/Documents/avans/schooljaar 25_26/Project/box2d_poc/vcpkg_installed/x64-windows/vcpkg/blds/sdl3/x64-windows-dbg/CMakeFiles/CMakeScratch/TryCompile-zzsef8"
      binary: "C:/Users/marco/Documents/avans/schooljaar 25_26/Project/box2d_poc/vcpkg_installed/x64-windows/vcpkg/blds/sdl3/x64-windows-dbg/CMakeFiles/CMakeScratch/TryCompile-zzsef8"
    cmakeVariables:
      CMAKE_C_FLAGS: " /nologo /DWIN32 /D_WINDOWS /utf-8 /MP "
      CMAKE_C_FLAGS_DEBUG: "/MDd /Z7 /Ob0 /Od /RTC1 "
      CMAKE_EXE_LINKER_FLAGS: "/machine:x64"
      CMAKE_MODULE_PATH: "C:/Users/marco/Documents/avans/schooljaar 25_26/Project/box2d_poc/vcpkg_installed/x64-windows/vcpkg/blds/sdl3/src/ase-3.2.20-9007ca2745.clean/cmake"
      CMAKE_MSVC_DEBUG_INFORMATION_FORMAT: ""
      CMAKE_MSVC_RUNTIME_LIBRARY: "MultiThreaded$<$<CONFIG:Debug>:Debug>$<$<STREQUAL:dynamic,dynamic>:DLL>"
      VCPKG_CHAINLOAD_TOOLCHAIN_FILE: "C:/Program Files/Microsoft Visual Studio/2022/Enterprise/VC/vcpkg/scripts/toolchains/windows.cmake"
      VCPKG_CRT_LINKAGE: "dynamic"
      VCPKG_CXX_FLAGS: ""
      VCPKG_CXX_FLAGS_DEBUG: ""
      VCPKG_CXX_FLAGS_RELEASE: ""
      VCPKG_C_FLAGS: ""
      VCPKG_C_FLAGS_DEBUG: ""
      VCPKG_C_FLAGS_RELEASE: ""
      VCPKG_INSTALLED_DIR: "C:/Users/marco/Documents/avans/schooljaar 25_26/Project/box2d_poc/vcpkg_installed/x64-windows"
      VCPKG_LINKER_FLAGS: ""
      VCPKG_LINKER_FLAGS_DEBUG: ""
      VCPKG_LINKER_FLAGS_RELEASE: ""
      VCPKG_PLATFORM_TOOLSET: "v143"
      VCPKG_PREFER_SYSTEM_LIBS: "OFF"
      VCPKG_SET_CHARSET_FLAG: "ON"
      VCPKG_TARGET_ARCHITECTURE: "x64"
      VCPKG_TARGET_TRIPLET: "x64-windows"
      Z_VCPKG_ROOT_DIR: "C:/Program Files/Microsoft Visual Studio/2022/Enterprise/VC/vcpkg"
    buildResult:
      variable: "COMPILER_SUPPORTS_SSE4_2"
      cached: true
      stdout: |
        Change Dir: 'C:/Users/marco/Documents/avans/schooljaar 25_26/Project/box2d_poc/vcpkg_installed/x64-windows/vcpkg/blds/sdl3/x64-windows-dbg/CMakeFiles/CMakeScratch/TryCompile-zzsef8'
        
        Run Build Command(s): "C:/Program Files/Microsoft Visual Studio/2022/Enterprise/Common7/IDE/CommonExtensions/Microsoft/CMake/Ninja/ninja.exe" -v cmTC_ce3e6
        [1/2] C:\\PROGRA~1\\MICROS~2\\2022\\ENTERP~1\\VC\\Tools\\MSVC\\1444~1.352\\bin\\Hostx64\\x64\\cl.exe  /nologo -DCOMPILER_SUPPORTS_SSE4_2  /nologo /DWIN32 /D_WINDOWS /utf-8 /MP   -D_GNU_SOURCE=1 /MDd /Z7 /Ob0 /Od /RTC1  -MDd /showIncludes /FoCMakeFiles\\cmTC_ce3e6.dir\\src.c.obj /FdCMakeFiles\\cmTC_ce3e6.dir\\ /FS -c "C:\\Users\\marco\\Documents\\avans\\schooljaar 25_26\\Project\\box2d_poc\\vcpkg_installed\\x64-windows\\vcpkg\\blds\\sdl3\\x64-windows-dbg\\CMakeFiles\\CMakeScratch\\TryCompile-zzsef8\\src.c"
        [2/2] C:\\WINDOWS\\system32\\cmd.exe /C "cd . && C:\\Users\\marco\\AppData\\Local\\vcpkg\\downloads\\tools\\cmake-3.30.1-windows\\cmake-3.30.1-windows-i386\\bin\\cmake.exe -E vs_link_exe --intdir=CMakeFiles\\cmTC_ce3e6.dir --rc=C:\\PROGRA~2\\WI3CF2~1\\10\\bin\\100261~1.0\\x64\\rc.exe --mt=C:\\PROGRA~2\\WI3CF2~1\\10\\bin\\100261~1.0\\x64\\mt.exe --manifests  -- C:\\PROGRA~1\\MICROS~2\\2022\\ENTERP~1\\VC\\Tools\\MSVC\\1444~1.352\\bin\\Hostx64\\x64\\link.exe /nologo CMakeFiles\\cmTC_ce3e6.dir\\src.c.obj  /out:cmTC_ce3e6.exe /implib:cmTC_ce3e6.lib /pdb:cmTC_ce3e6.pdb /version:0.0 /machine:x64  /nologo    /debug /INCREMENTAL /subsystem:console  kernel32.lib user32.lib gdi32.lib winspool.lib shell32.lib ole32.lib oleaut32.lib uuid.lib comdlg32.lib advapi32.lib && cd ."
        
      exitCode: 0
  -
    kind: "try_compile-v1"
    backtrace:
      - "C:/Users/marco/AppData/Local/vcpkg/downloads/tools/cmake-3.30.1-windows/cmake-3.30.1-windows-i386/share/cmake-3.30/Modules/Internal/CheckSourceCompiles.cmake:101 (try_compile)"
      - "C:/Users/marco/AppData/Local/vcpkg/downloads/tools/cmake-3.30.1-windows/cmake-3.30.1-windows-i386/share/cmake-3.30/Modules/CheckCSourceCompiles.cmake:52 (cmake_check_source_compiles)"
      - "CMakeLists.txt:789 (check_c_source_compiles)"
    checks:
      - "Performing Test COMPILER_SUPPORTS_AVX"
    directories:
      source: "C:/Users/marco/Documents/avans/schooljaar 25_26/Project/box2d_poc/vcpkg_installed/x64-windows/vcpkg/blds/sdl3/x64-windows-dbg/CMakeFiles/CMakeScratch/TryCompile-5buzf8"
      binary: "C:/Users/marco/Documents/avans/schooljaar 25_26/Project/box2d_poc/vcpkg_installed/x64-windows/vcpkg/blds/sdl3/x64-windows-dbg/CMakeFiles/CMakeScratch/TryCompile-5buzf8"
    cmakeVariables:
      CMAKE_C_FLAGS: " /nologo /DWIN32 /D_WINDOWS /utf-8 /MP "
      CMAKE_C_FLAGS_DEBUG: "/MDd /Z7 /Ob0 /Od /RTC1 "
      CMAKE_EXE_LINKER_FLAGS: "/machine:x64"
      CMAKE_MODULE_PATH: "C:/Users/marco/Documents/avans/schooljaar 25_26/Project/box2d_poc/vcpkg_installed/x64-windows/vcpkg/blds/sdl3/src/ase-3.2.20-9007ca2745.clean/cmake"
      CMAKE_MSVC_DEBUG_INFORMATION_FORMAT: ""
      CMAKE_MSVC_RUNTIME_LIBRARY: "MultiThreaded$<$<CONFIG:Debug>:Debug>$<$<STREQUAL:dynamic,dynamic>:DLL>"
      VCPKG_CHAINLOAD_TOOLCHAIN_FILE: "C:/Program Files/Microsoft Visual Studio/2022/Enterprise/VC/vcpkg/scripts/toolchains/windows.cmake"
      VCPKG_CRT_LINKAGE: "dynamic"
      VCPKG_CXX_FLAGS: ""
      VCPKG_CXX_FLAGS_DEBUG: ""
      VCPKG_CXX_FLAGS_RELEASE: ""
      VCPKG_C_FLAGS: ""
      VCPKG_C_FLAGS_DEBUG: ""
      VCPKG_C_FLAGS_RELEASE: ""
      VCPKG_INSTALLED_DIR: "C:/Users/marco/Documents/avans/schooljaar 25_26/Project/box2d_poc/vcpkg_installed/x64-windows"
      VCPKG_LINKER_FLAGS: ""
      VCPKG_LINKER_FLAGS_DEBUG: ""
      VCPKG_LINKER_FLAGS_RELEASE: ""
      VCPKG_PLATFORM_TOOLSET: "v143"
      VCPKG_PREFER_SYSTEM_LIBS: "OFF"
      VCPKG_SET_CHARSET_FLAG: "ON"
      VCPKG_TARGET_ARCHITECTURE: "x64"
      VCPKG_TARGET_TRIPLET: "x64-windows"
      Z_VCPKG_ROOT_DIR: "C:/Program Files/Microsoft Visual Studio/2022/Enterprise/VC/vcpkg"
    buildResult:
      variable: "COMPILER_SUPPORTS_AVX"
      cached: true
      stdout: |
        Change Dir: 'C:/Users/marco/Documents/avans/schooljaar 25_26/Project/box2d_poc/vcpkg_installed/x64-windows/vcpkg/blds/sdl3/x64-windows-dbg/CMakeFiles/CMakeScratch/TryCompile-5buzf8'
        
        Run Build Command(s): "C:/Program Files/Microsoft Visual Studio/2022/Enterprise/Common7/IDE/CommonExtensions/Microsoft/CMake/Ninja/ninja.exe" -v cmTC_1d9f1
        [1/2] C:\\PROGRA~1\\MICROS~2\\2022\\ENTERP~1\\VC\\Tools\\MSVC\\1444~1.352\\bin\\Hostx64\\x64\\cl.exe  /nologo -DCOMPILER_SUPPORTS_AVX  /nologo /DWIN32 /D_WINDOWS /utf-8 /MP   -D_GNU_SOURCE=1 /MDd /Z7 /Ob0 /Od /RTC1  -MDd /showIncludes /FoCMakeFiles\\cmTC_1d9f1.dir\\src.c.obj /FdCMakeFiles\\cmTC_1d9f1.dir\\ /FS -c "C:\\Users\\marco\\Documents\\avans\\schooljaar 25_26\\Project\\box2d_poc\\vcpkg_installed\\x64-windows\\vcpkg\\blds\\sdl3\\x64-windows-dbg\\CMakeFiles\\CMakeScratch\\TryCompile-5buzf8\\src.c"
        [2/2] C:\\WINDOWS\\system32\\cmd.exe /C "cd . && C:\\Users\\marco\\AppData\\Local\\vcpkg\\downloads\\tools\\cmake-3.30.1-windows\\cmake-3.30.1-windows-i386\\bin\\cmake.exe -E vs_link_exe --intdir=CMakeFiles\\cmTC_1d9f1.dir --rc=C:\\PROGRA~2\\WI3CF2~1\\10\\bin\\100261~1.0\\x64\\rc.exe --mt=C:\\PROGRA~2\\WI3CF2~1\\10\\bin\\100261~1.0\\x64\\mt.exe --manifests  -- C:\\PROGRA~1\\MICROS~2\\2022\\ENTERP~1\\VC\\Tools\\MSVC\\1444~1.352\\bin\\Hostx64\\x64\\link.exe /nologo CMakeFiles\\cmTC_1d9f1.dir\\src.c.obj  /out:cmTC_1d9f1.exe /implib:cmTC_1d9f1.lib /pdb:cmTC_1d9f1.pdb /version:0.0 /machine:x64  /nologo    /debug /INCREMENTAL /subsystem:console  kernel32.lib user32.lib gdi32.lib winspool.lib shell32.lib ole32.lib oleaut32.lib uuid.lib comdlg32.lib advapi32.lib && cd ."
        
      exitCode: 0
  -
    kind: "try_compile-v1"
    backtrace:
      - "C:/Users/marco/AppData/Local/vcpkg/downloads/tools/cmake-3.30.1-windows/cmake-3.30.1-windows-i386/share/cmake-3.30/Modules/Internal/CheckSourceCompiles.cmake:101 (try_compile)"
      - "C:/Users/marco/AppData/Local/vcpkg/downloads/tools/cmake-3.30.1-windows/cmake-3.30.1-windows-i386/share/cmake-3.30/Modules/CheckCSourceCompiles.cmake:52 (cmake_check_source_compiles)"
      - "CMakeLists.txt:810 (check_c_source_compiles)"
    checks:
      - "Performing Test COMPILER_SUPPORTS_AVX2"
    directories:
      source: "C:/Users/marco/Documents/avans/schooljaar 25_26/Project/box2d_poc/vcpkg_installed/x64-windows/vcpkg/blds/sdl3/x64-windows-dbg/CMakeFiles/CMakeScratch/TryCompile-xy3e96"
      binary: "C:/Users/marco/Documents/avans/schooljaar 25_26/Project/box2d_poc/vcpkg_installed/x64-windows/vcpkg/blds/sdl3/x64-windows-dbg/CMakeFiles/CMakeScratch/TryCompile-xy3e96"
    cmakeVariables:
      CMAKE_C_FLAGS: " /nologo /DWIN32 /D_WINDOWS /utf-8 /MP "
      CMAKE_C_FLAGS_DEBUG: "/MDd /Z7 /Ob0 /Od /RTC1 "
      CMAKE_EXE_LINKER_FLAGS: "/machine:x64"
      CMAKE_MODULE_PATH: "C:/Users/marco/Documents/avans/schooljaar 25_26/Project/box2d_poc/vcpkg_installed/x64-windows/vcpkg/blds/sdl3/src/ase-3.2.20-9007ca2745.clean/cmake"
      CMAKE_MSVC_DEBUG_INFORMATION_FORMAT: ""
      CMAKE_MSVC_RUNTIME_LIBRARY: "MultiThreaded$<$<CONFIG:Debug>:Debug>$<$<STREQUAL:dynamic,dynamic>:DLL>"
      VCPKG_CHAINLOAD_TOOLCHAIN_FILE: "C:/Program Files/Microsoft Visual Studio/2022/Enterprise/VC/vcpkg/scripts/toolchains/windows.cmake"
      VCPKG_CRT_LINKAGE: "dynamic"
      VCPKG_CXX_FLAGS: ""
      VCPKG_CXX_FLAGS_DEBUG: ""
      VCPKG_CXX_FLAGS_RELEASE: ""
      VCPKG_C_FLAGS: ""
      VCPKG_C_FLAGS_DEBUG: ""
      VCPKG_C_FLAGS_RELEASE: ""
      VCPKG_INSTALLED_DIR: "C:/Users/marco/Documents/avans/schooljaar 25_26/Project/box2d_poc/vcpkg_installed/x64-windows"
      VCPKG_LINKER_FLAGS: ""
      VCPKG_LINKER_FLAGS_DEBUG: ""
      VCPKG_LINKER_FLAGS_RELEASE: ""
      VCPKG_PLATFORM_TOOLSET: "v143"
      VCPKG_PREFER_SYSTEM_LIBS: "OFF"
      VCPKG_SET_CHARSET_FLAG: "ON"
      VCPKG_TARGET_ARCHITECTURE: "x64"
      VCPKG_TARGET_TRIPLET: "x64-windows"
      Z_VCPKG_ROOT_DIR: "C:/Program Files/Microsoft Visual Studio/2022/Enterprise/VC/vcpkg"
    buildResult:
      variable: "COMPILER_SUPPORTS_AVX2"
      cached: true
      stdout: |
        Change Dir: 'C:/Users/marco/Documents/avans/schooljaar 25_26/Project/box2d_poc/vcpkg_installed/x64-windows/vcpkg/blds/sdl3/x64-windows-dbg/CMakeFiles/CMakeScratch/TryCompile-xy3e96'
        
        Run Build Command(s): "C:/Program Files/Microsoft Visual Studio/2022/Enterprise/Common7/IDE/CommonExtensions/Microsoft/CMake/Ninja/ninja.exe" -v cmTC_e5038
        [1/2] C:\\PROGRA~1\\MICROS~2\\2022\\ENTERP~1\\VC\\Tools\\MSVC\\1444~1.352\\bin\\Hostx64\\x64\\cl.exe  /nologo -DCOMPILER_SUPPORTS_AVX2  /nologo /DWIN32 /D_WINDOWS /utf-8 /MP   -D_GNU_SOURCE=1 /MDd /Z7 /Ob0 /Od /RTC1  -MDd /showIncludes /FoCMakeFiles\\cmTC_e5038.dir\\src.c.obj /FdCMakeFiles\\cmTC_e5038.dir\\ /FS -c "C:\\Users\\marco\\Documents\\avans\\schooljaar 25_26\\Project\\box2d_poc\\vcpkg_installed\\x64-windows\\vcpkg\\blds\\sdl3\\x64-windows-dbg\\CMakeFiles\\CMakeScratch\\TryCompile-xy3e96\\src.c"
        [2/2] C:\\WINDOWS\\system32\\cmd.exe /C "cd . && C:\\Users\\marco\\AppData\\Local\\vcpkg\\downloads\\tools\\cmake-3.30.1-windows\\cmake-3.30.1-windows-i386\\bin\\cmake.exe -E vs_link_exe --intdir=CMakeFiles\\cmTC_e5038.dir --rc=C:\\PROGRA~2\\WI3CF2~1\\10\\bin\\100261~1.0\\x64\\rc.exe --mt=C:\\PROGRA~2\\WI3CF2~1\\10\\bin\\100261~1.0\\x64\\mt.exe --manifests  -- C:\\PROGRA~1\\MICROS~2\\2022\\ENTERP~1\\VC\\Tools\\MSVC\\1444~1.352\\bin\\Hostx64\\x64\\link.exe /nologo CMakeFiles\\cmTC_e5038.dir\\src.c.obj  /out:cmTC_e5038.exe /implib:cmTC_e5038.lib /pdb:cmTC_e5038.pdb /version:0.0 /machine:x64  /nologo    /debug /INCREMENTAL /subsystem:console  kernel32.lib user32.lib gdi32.lib winspool.lib shell32.lib ole32.lib oleaut32.lib uuid.lib comdlg32.lib advapi32.lib && cd ."
        
      exitCode: 0
  -
    kind: "try_compile-v1"
    backtrace:
      - "C:/Users/marco/AppData/Local/vcpkg/downloads/tools/cmake-3.30.1-windows/cmake-3.30.1-windows-i386/share/cmake-3.30/Modules/Internal/CheckSourceCompiles.cmake:101 (try_compile)"
      - "C:/Users/marco/AppData/Local/vcpkg/downloads/tools/cmake-3.30.1-windows/cmake-3.30.1-windows-i386/share/cmake-3.30/Modules/CheckCSourceCompiles.cmake:52 (cmake_check_source_compiles)"
      - "CMakeLists.txt:831 (check_c_source_compiles)"
    checks:
      - "Performing Test COMPILER_SUPPORTS_AVX512F"
    directories:
      source: "C:/Users/marco/Documents/avans/schooljaar 25_26/Project/box2d_poc/vcpkg_installed/x64-windows/vcpkg/blds/sdl3/x64-windows-dbg/CMakeFiles/CMakeScratch/TryCompile-swwav1"
      binary: "C:/Users/marco/Documents/avans/schooljaar 25_26/Project/box2d_poc/vcpkg_installed/x64-windows/vcpkg/blds/sdl3/x64-windows-dbg/CMakeFiles/CMakeScratch/TryCompile-swwav1"
    cmakeVariables:
      CMAKE_C_FLAGS: " /nologo /DWIN32 /D_WINDOWS /utf-8 /MP "
      CMAKE_C_FLAGS_DEBUG: "/MDd /Z7 /Ob0 /Od /RTC1 "
      CMAKE_EXE_LINKER_FLAGS: "/machine:x64"
      CMAKE_MODULE_PATH: "C:/Users/marco/Documents/avans/schooljaar 25_26/Project/box2d_poc/vcpkg_installed/x64-windows/vcpkg/blds/sdl3/src/ase-3.2.20-9007ca2745.clean/cmake"
      CMAKE_MSVC_DEBUG_INFORMATION_FORMAT: ""
      CMAKE_MSVC_RUNTIME_LIBRARY: "MultiThreaded$<$<CONFIG:Debug>:Debug>$<$<STREQUAL:dynamic,dynamic>:DLL>"
      VCPKG_CHAINLOAD_TOOLCHAIN_FILE: "C:/Program Files/Microsoft Visual Studio/2022/Enterprise/VC/vcpkg/scripts/toolchains/windows.cmake"
      VCPKG_CRT_LINKAGE: "dynamic"
      VCPKG_CXX_FLAGS: ""
      VCPKG_CXX_FLAGS_DEBUG: ""
      VCPKG_CXX_FLAGS_RELEASE: ""
      VCPKG_C_FLAGS: ""
      VCPKG_C_FLAGS_DEBUG: ""
      VCPKG_C_FLAGS_RELEASE: ""
      VCPKG_INSTALLED_DIR: "C:/Users/marco/Documents/avans/schooljaar 25_26/Project/box2d_poc/vcpkg_installed/x64-windows"
      VCPKG_LINKER_FLAGS: ""
      VCPKG_LINKER_FLAGS_DEBUG: ""
      VCPKG_LINKER_FLAGS_RELEASE: ""
      VCPKG_PLATFORM_TOOLSET: "v143"
      VCPKG_PREFER_SYSTEM_LIBS: "OFF"
      VCPKG_SET_CHARSET_FLAG: "ON"
      VCPKG_TARGET_ARCHITECTURE: "x64"
      VCPKG_TARGET_TRIPLET: "x64-windows"
      Z_VCPKG_ROOT_DIR: "C:/Program Files/Microsoft Visual Studio/2022/Enterprise/VC/vcpkg"
    buildResult:
      variable: "COMPILER_SUPPORTS_AVX512F"
      cached: true
      stdout: |
        Change Dir: 'C:/Users/marco/Documents/avans/schooljaar 25_26/Project/box2d_poc/vcpkg_installed/x64-windows/vcpkg/blds/sdl3/x64-windows-dbg/CMakeFiles/CMakeScratch/TryCompile-swwav1'
        
        Run Build Command(s): "C:/Program Files/Microsoft Visual Studio/2022/Enterprise/Common7/IDE/CommonExtensions/Microsoft/CMake/Ninja/ninja.exe" -v cmTC_638ee
        [1/2] C:\\PROGRA~1\\MICROS~2\\2022\\ENTERP~1\\VC\\Tools\\MSVC\\1444~1.352\\bin\\Hostx64\\x64\\cl.exe  /nologo -DCOMPILER_SUPPORTS_AVX512F  /nologo /DWIN32 /D_WINDOWS /utf-8 /MP   -D_GNU_SOURCE=1 /MDd /Z7 /Ob0 /Od /RTC1  -MDd /showIncludes /FoCMakeFiles\\cmTC_638ee.dir\\src.c.obj /FdCMakeFiles\\cmTC_638ee.dir\\ /FS -c "C:\\Users\\marco\\Documents\\avans\\schooljaar 25_26\\Project\\box2d_poc\\vcpkg_installed\\x64-windows\\vcpkg\\blds\\sdl3\\x64-windows-dbg\\CMakeFiles\\CMakeScratch\\TryCompile-swwav1\\src.c"
        [2/2] C:\\WINDOWS\\system32\\cmd.exe /C "cd . && C:\\Users\\marco\\AppData\\Local\\vcpkg\\downloads\\tools\\cmake-3.30.1-windows\\cmake-3.30.1-windows-i386\\bin\\cmake.exe -E vs_link_exe --intdir=CMakeFiles\\cmTC_638ee.dir --rc=C:\\PROGRA~2\\WI3CF2~1\\10\\bin\\100261~1.0\\x64\\rc.exe --mt=C:\\PROGRA~2\\WI3CF2~1\\10\\bin\\100261~1.0\\x64\\mt.exe --manifests  -- C:\\PROGRA~1\\MICROS~2\\2022\\ENTERP~1\\VC\\Tools\\MSVC\\1444~1.352\\bin\\Hostx64\\x64\\link.exe /nologo CMakeFiles\\cmTC_638ee.dir\\src.c.obj  /out:cmTC_638ee.exe /implib:cmTC_638ee.lib /pdb:cmTC_638ee.pdb /version:0.0 /machine:x64  /nologo    /debug /INCREMENTAL /subsystem:console  kernel32.lib user32.lib gdi32.lib winspool.lib shell32.lib ole32.lib oleaut32.lib uuid.lib comdlg32.lib advapi32.lib && cd ."
        
      exitCode: 0
  -
    kind: "try_compile-v1"
    backtrace:
      - "C:/Users/marco/AppData/Local/vcpkg/downloads/tools/cmake-3.30.1-windows/cmake-3.30.1-windows-i386/share/cmake-3.30/Modules/CheckIncludeFile.cmake:90 (try_compile)"
      - "CMakeLists.txt:974 (check_include_file)"
    checks:
      - "Looking for malloc.h"
    directories:
      source: "C:/Users/marco/Documents/avans/schooljaar 25_26/Project/box2d_poc/vcpkg_installed/x64-windows/vcpkg/blds/sdl3/x64-windows-dbg/CMakeFiles/CMakeScratch/TryCompile-nntt9k"
      binary: "C:/Users/marco/Documents/avans/schooljaar 25_26/Project/box2d_poc/vcpkg_installed/x64-windows/vcpkg/blds/sdl3/x64-windows-dbg/CMakeFiles/CMakeScratch/TryCompile-nntt9k"
    cmakeVariables:
      CMAKE_C_FLAGS: " /nologo /DWIN32 /D_WINDOWS /utf-8 /MP "
      CMAKE_C_FLAGS_DEBUG: "/MDd /Z7 /Ob0 /Od /RTC1 "
      CMAKE_EXE_LINKER_FLAGS: "/machine:x64"
      CMAKE_MODULE_PATH: "C:/Users/marco/Documents/avans/schooljaar 25_26/Project/box2d_poc/vcpkg_installed/x64-windows/vcpkg/blds/sdl3/src/ase-3.2.20-9007ca2745.clean/cmake"
      CMAKE_MSVC_DEBUG_INFORMATION_FORMAT: ""
      CMAKE_MSVC_RUNTIME_LIBRARY: "MultiThreaded$<$<CONFIG:Debug>:Debug>$<$<STREQUAL:dynamic,dynamic>:DLL>"
      VCPKG_CHAINLOAD_TOOLCHAIN_FILE: "C:/Program Files/Microsoft Visual Studio/2022/Enterprise/VC/vcpkg/scripts/toolchains/windows.cmake"
      VCPKG_CRT_LINKAGE: "dynamic"
      VCPKG_CXX_FLAGS: ""
      VCPKG_CXX_FLAGS_DEBUG: ""
      VCPKG_CXX_FLAGS_RELEASE: ""
      VCPKG_C_FLAGS: ""
      VCPKG_C_FLAGS_DEBUG: ""
      VCPKG_C_FLAGS_RELEASE: ""
      VCPKG_INSTALLED_DIR: "C:/Users/marco/Documents/avans/schooljaar 25_26/Project/box2d_poc/vcpkg_installed/x64-windows"
      VCPKG_LINKER_FLAGS: ""
      VCPKG_LINKER_FLAGS_DEBUG: ""
      VCPKG_LINKER_FLAGS_RELEASE: ""
      VCPKG_PLATFORM_TOOLSET: "v143"
      VCPKG_PREFER_SYSTEM_LIBS: "OFF"
      VCPKG_SET_CHARSET_FLAG: "ON"
      VCPKG_TARGET_ARCHITECTURE: "x64"
      VCPKG_TARGET_TRIPLET: "x64-windows"
      Z_VCPKG_ROOT_DIR: "C:/Program Files/Microsoft Visual Studio/2022/Enterprise/VC/vcpkg"
    buildResult:
      variable: "HAVE_MALLOC_H"
      cached: true
      stdout: |
        Change Dir: 'C:/Users/marco/Documents/avans/schooljaar 25_26/Project/box2d_poc/vcpkg_installed/x64-windows/vcpkg/blds/sdl3/x64-windows-dbg/CMakeFiles/CMakeScratch/TryCompile-nntt9k'
        
        Run Build Command(s): "C:/Program Files/Microsoft Visual Studio/2022/Enterprise/Common7/IDE/CommonExtensions/Microsoft/CMake/Ninja/ninja.exe" -v cmTC_7507e
        [1/2] C:\\PROGRA~1\\MICROS~2\\2022\\ENTERP~1\\VC\\Tools\\MSVC\\1444~1.352\\bin\\Hostx64\\x64\\cl.exe  /nologo   /nologo /DWIN32 /D_WINDOWS /utf-8 /MP   -D_GNU_SOURCE=1 /MDd /Z7 /Ob0 /Od /RTC1  -MDd /showIncludes /FoCMakeFiles\\cmTC_7507e.dir\\CheckIncludeFile.c.obj /FdCMakeFiles\\cmTC_7507e.dir\\ /FS -c "C:\\Users\\marco\\Documents\\avans\\schooljaar 25_26\\Project\\box2d_poc\\vcpkg_installed\\x64-windows\\vcpkg\\blds\\sdl3\\x64-windows-dbg\\CMakeFiles\\CMakeScratch\\TryCompile-nntt9k\\CheckIncludeFile.c"
        [2/2] C:\\WINDOWS\\system32\\cmd.exe /C "cd . && C:\\Users\\marco\\AppData\\Local\\vcpkg\\downloads\\tools\\cmake-3.30.1-windows\\cmake-3.30.1-windows-i386\\bin\\cmake.exe -E vs_link_exe --intdir=CMakeFiles\\cmTC_7507e.dir --rc=C:\\PROGRA~2\\WI3CF2~1\\10\\bin\\100261~1.0\\x64\\rc.exe --mt=C:\\PROGRA~2\\WI3CF2~1\\10\\bin\\100261~1.0\\x64\\mt.exe --manifests  -- C:\\PROGRA~1\\MICROS~2\\2022\\ENTERP~1\\VC\\Tools\\MSVC\\1444~1.352\\bin\\Hostx64\\x64\\link.exe /nologo CMakeFiles\\cmTC_7507e.dir\\CheckIncludeFile.c.obj  /out:cmTC_7507e.exe /implib:cmTC_7507e.lib /pdb:cmTC_7507e.pdb /version:0.0 /machine:x64  /nologo    /debug /INCREMENTAL /subsystem:console  kernel32.lib user32.lib gdi32.lib winspool.lib shell32.lib ole32.lib oleaut32.lib uuid.lib comdlg32.lib advapi32.lib && cd ."
        
      exitCode: 0
  -
    kind: "try_compile-v1"
    backtrace:
      - "C:/Users/marco/AppData/Local/vcpkg/downloads/tools/cmake-3.30.1-windows/cmake-3.30.1-windows-i386/share/cmake-3.30/Modules/CheckSymbolExists.cmake:154 (try_compile)"
      - "C:/Users/marco/AppData/Local/vcpkg/downloads/tools/cmake-3.30.1-windows/cmake-3.30.1-windows-i386/share/cmake-3.30/Modules/CheckSymbolExists.cmake:66 (__CHECK_SYMBOL_EXISTS_IMPL)"
      - "CMakeLists.txt:1055 (check_symbol_exists)"
    checks:
      - "Looking for _copysign"
    directories:
      source: "C:/Users/marco/Documents/avans/schooljaar 25_26/Project/box2d_poc/vcpkg_installed/x64-windows/vcpkg/blds/sdl3/x64-windows-dbg/CMakeFiles/CMakeScratch/TryCompile-tiwun0"
      binary: "C:/Users/marco/Documents/avans/schooljaar 25_26/Project/box2d_poc/vcpkg_installed/x64-windows/vcpkg/blds/sdl3/x64-windows-dbg/CMakeFiles/CMakeScratch/TryCompile-tiwun0"
    cmakeVariables:
      CMAKE_C_FLAGS: " /nologo /DWIN32 /D_WINDOWS /utf-8 /MP "
      CMAKE_C_FLAGS_DEBUG: "/MDd /Z7 /Ob0 /Od /RTC1 "
      CMAKE_EXE_LINKER_FLAGS: "/machine:x64"
      CMAKE_MODULE_PATH: "C:/Users/marco/Documents/avans/schooljaar 25_26/Project/box2d_poc/vcpkg_installed/x64-windows/vcpkg/blds/sdl3/src/ase-3.2.20-9007ca2745.clean/cmake"
      CMAKE_MSVC_DEBUG_INFORMATION_FORMAT: ""
      CMAKE_MSVC_RUNTIME_LIBRARY: "MultiThreaded$<$<CONFIG:Debug>:Debug>$<$<STREQUAL:dynamic,dynamic>:DLL>"
      VCPKG_CHAINLOAD_TOOLCHAIN_FILE: "C:/Program Files/Microsoft Visual Studio/2022/Enterprise/VC/vcpkg/scripts/toolchains/windows.cmake"
      VCPKG_CRT_LINKAGE: "dynamic"
      VCPKG_CXX_FLAGS: ""
      VCPKG_CXX_FLAGS_DEBUG: ""
      VCPKG_CXX_FLAGS_RELEASE: ""
      VCPKG_C_FLAGS: ""
      VCPKG_C_FLAGS_DEBUG: ""
      VCPKG_C_FLAGS_RELEASE: ""
      VCPKG_INSTALLED_DIR: "C:/Users/marco/Documents/avans/schooljaar 25_26/Project/box2d_poc/vcpkg_installed/x64-windows"
      VCPKG_LINKER_FLAGS: ""
      VCPKG_LINKER_FLAGS_DEBUG: ""
      VCPKG_LINKER_FLAGS_RELEASE: ""
      VCPKG_PLATFORM_TOOLSET: "v143"
      VCPKG_PREFER_SYSTEM_LIBS: "OFF"
      VCPKG_SET_CHARSET_FLAG: "ON"
      VCPKG_TARGET_ARCHITECTURE: "x64"
      VCPKG_TARGET_TRIPLET: "x64-windows"
      Z_VCPKG_ROOT_DIR: "C:/Program Files/Microsoft Visual Studio/2022/Enterprise/VC/vcpkg"
    buildResult:
      variable: "LIBC_HAS__COPYSIGN"
      cached: true
      stdout: |
        Change Dir: 'C:/Users/marco/Documents/avans/schooljaar 25_26/Project/box2d_poc/vcpkg_installed/x64-windows/vcpkg/blds/sdl3/x64-windows-dbg/CMakeFiles/CMakeScratch/TryCompile-tiwun0'
        
        Run Build Command(s): "C:/Program Files/Microsoft Visual Studio/2022/Enterprise/Common7/IDE/CommonExtensions/Microsoft/CMake/Ninja/ninja.exe" -v cmTC_c6669
        [1/2] C:\\PROGRA~1\\MICROS~2\\2022\\ENTERP~1\\VC\\Tools\\MSVC\\1444~1.352\\bin\\Hostx64\\x64\\cl.exe  /nologo   /nologo /DWIN32 /D_WINDOWS /utf-8 /MP   -D_GNU_SOURCE=1 /MDd /Z7 /Ob0 /Od /RTC1  -MDd /showIncludes /FoCMakeFiles\\cmTC_c6669.dir\\CheckSymbolExists.c.obj /FdCMakeFiles\\cmTC_c6669.dir\\ /FS -c "C:\\Users\\marco\\Documents\\avans\\schooljaar 25_26\\Project\\box2d_poc\\vcpkg_installed\\x64-windows\\vcpkg\\blds\\sdl3\\x64-windows-dbg\\CMakeFiles\\CMakeScratch\\TryCompile-tiwun0\\CheckSymbolExists.c"
        [2/2] C:\\WINDOWS\\system32\\cmd.exe /C "cd . && C:\\Users\\marco\\AppData\\Local\\vcpkg\\downloads\\tools\\cmake-3.30.1-windows\\cmake-3.30.1-windows-i386\\bin\\cmake.exe -E vs_link_exe --intdir=CMakeFiles\\cmTC_c6669.dir --rc=C:\\PROGRA~2\\WI3CF2~1\\10\\bin\\100261~1.0\\x64\\rc.exe --mt=C:\\PROGRA~2\\WI3CF2~1\\10\\bin\\100261~1.0\\x64\\mt.exe --manifests  -- C:\\PROGRA~1\\MICROS~2\\2022\\ENTERP~1\\VC\\Tools\\MSVC\\1444~1.352\\bin\\Hostx64\\x64\\link.exe /nologo CMakeFiles\\cmTC_c6669.dir\\CheckSymbolExists.c.obj  /out:cmTC_c6669.exe /implib:cmTC_c6669.lib /pdb:cmTC_c6669.pdb /version:0.0 /machine:x64  /nologo    /debug /INCREMENTAL /subsystem:console  kernel32.lib user32.lib gdi32.lib winspool.lib shell32.lib ole32.lib oleaut32.lib uuid.lib comdlg32.lib advapi32.lib && cd ."
        
      exitCode: 0
  -
    kind: "try_compile-v1"
    backtrace:
      - "C:/Users/marco/AppData/Local/vcpkg/downloads/tools/cmake-3.30.1-windows/cmake-3.30.1-windows-i386/share/cmake-3.30/Modules/CheckSymbolExists.cmake:154 (try_compile)"
      - "C:/Users/marco/AppData/Local/vcpkg/downloads/tools/cmake-3.30.1-windows/cmake-3.30.1-windows-i386/share/cmake-3.30/Modules/CheckSymbolExists.cmake:66 (__CHECK_SYMBOL_EXISTS_IMPL)"
      - "CMakeLists.txt:1055 (check_symbol_exists)"
    checks:
      - "Looking for _fseeki64"
    directories:
      source: "C:/Users/marco/Documents/avans/schooljaar 25_26/Project/box2d_poc/vcpkg_installed/x64-windows/vcpkg/blds/sdl3/x64-windows-dbg/CMakeFiles/CMakeScratch/TryCompile-dgmslh"
      binary: "C:/Users/marco/Documents/avans/schooljaar 25_26/Project/box2d_poc/vcpkg_installed/x64-windows/vcpkg/blds/sdl3/x64-windows-dbg/CMakeFiles/CMakeScratch/TryCompile-dgmslh"
    cmakeVariables:
      CMAKE_C_FLAGS: " /nologo /DWIN32 /D_WINDOWS /utf-8 /MP "
      CMAKE_C_FLAGS_DEBUG: "/MDd /Z7 /Ob0 /Od /RTC1 "
      CMAKE_EXE_LINKER_FLAGS: "/machine:x64"
      CMAKE_MODULE_PATH: "C:/Users/marco/Documents/avans/schooljaar 25_26/Project/box2d_poc/vcpkg_installed/x64-windows/vcpkg/blds/sdl3/src/ase-3.2.20-9007ca2745.clean/cmake"
      CMAKE_MSVC_DEBUG_INFORMATION_FORMAT: ""
      CMAKE_MSVC_RUNTIME_LIBRARY: "MultiThreaded$<$<CONFIG:Debug>:Debug>$<$<STREQUAL:dynamic,dynamic>:DLL>"
      VCPKG_CHAINLOAD_TOOLCHAIN_FILE: "C:/Program Files/Microsoft Visual Studio/2022/Enterprise/VC/vcpkg/scripts/toolchains/windows.cmake"
      VCPKG_CRT_LINKAGE: "dynamic"
      VCPKG_CXX_FLAGS: ""
      VCPKG_CXX_FLAGS_DEBUG: ""
      VCPKG_CXX_FLAGS_RELEASE: ""
      VCPKG_C_FLAGS: ""
      VCPKG_C_FLAGS_DEBUG: ""
      VCPKG_C_FLAGS_RELEASE: ""
      VCPKG_INSTALLED_DIR: "C:/Users/marco/Documents/avans/schooljaar 25_26/Project/box2d_poc/vcpkg_installed/x64-windows"
      VCPKG_LINKER_FLAGS: ""
      VCPKG_LINKER_FLAGS_DEBUG: ""
      VCPKG_LINKER_FLAGS_RELEASE: ""
      VCPKG_PLATFORM_TOOLSET: "v143"
      VCPKG_PREFER_SYSTEM_LIBS: "OFF"
      VCPKG_SET_CHARSET_FLAG: "ON"
      VCPKG_TARGET_ARCHITECTURE: "x64"
      VCPKG_TARGET_TRIPLET: "x64-windows"
      Z_VCPKG_ROOT_DIR: "C:/Program Files/Microsoft Visual Studio/2022/Enterprise/VC/vcpkg"
    buildResult:
      variable: "LIBC_HAS__FSEEKI64"
      cached: true
      stdout: |
        Change Dir: 'C:/Users/marco/Documents/avans/schooljaar 25_26/Project/box2d_poc/vcpkg_installed/x64-windows/vcpkg/blds/sdl3/x64-windows-dbg/CMakeFiles/CMakeScratch/TryCompile-dgmslh'
        
        Run Build Command(s): "C:/Program Files/Microsoft Visual Studio/2022/Enterprise/Common7/IDE/CommonExtensions/Microsoft/CMake/Ninja/ninja.exe" -v cmTC_39049
        [1/2] C:\\PROGRA~1\\MICROS~2\\2022\\ENTERP~1\\VC\\Tools\\MSVC\\1444~1.352\\bin\\Hostx64\\x64\\cl.exe  /nologo   /nologo /DWIN32 /D_WINDOWS /utf-8 /MP   -D_GNU_SOURCE=1 /MDd /Z7 /Ob0 /Od /RTC1  -MDd /showIncludes /FoCMakeFiles\\cmTC_39049.dir\\CheckSymbolExists.c.obj /FdCMakeFiles\\cmTC_39049.dir\\ /FS -c "C:\\Users\\marco\\Documents\\avans\\schooljaar 25_26\\Project\\box2d_poc\\vcpkg_installed\\x64-windows\\vcpkg\\blds\\sdl3\\x64-windows-dbg\\CMakeFiles\\CMakeScratch\\TryCompile-dgmslh\\CheckSymbolExists.c"
        [2/2] C:\\WINDOWS\\system32\\cmd.exe /C "cd . && C:\\Users\\marco\\AppData\\Local\\vcpkg\\downloads\\tools\\cmake-3.30.1-windows\\cmake-3.30.1-windows-i386\\bin\\cmake.exe -E vs_link_exe --intdir=CMakeFiles\\cmTC_39049.dir --rc=C:\\PROGRA~2\\WI3CF2~1\\10\\bin\\100261~1.0\\x64\\rc.exe --mt=C:\\PROGRA~2\\WI3CF2~1\\10\\bin\\100261~1.0\\x64\\mt.exe --manifests  -- C:\\PROGRA~1\\MICROS~2\\2022\\ENTERP~1\\VC\\Tools\\MSVC\\1444~1.352\\bin\\Hostx64\\x64\\link.exe /nologo CMakeFiles\\cmTC_39049.dir\\CheckSymbolExists.c.obj  /out:cmTC_39049.exe /implib:cmTC_39049.lib /pdb:cmTC_39049.pdb /version:0.0 /machine:x64  /nologo    /debug /INCREMENTAL /subsystem:console  kernel32.lib user32.lib gdi32.lib winspool.lib shell32.lib ole32.lib oleaut32.lib uuid.lib comdlg32.lib advapi32.lib && cd ."
        
      exitCode: 0
  -
    kind: "try_compile-v1"
    backtrace:
      - "C:/Users/marco/AppData/Local/vcpkg/downloads/tools/cmake-3.30.1-windows/cmake-3.30.1-windows-i386/share/cmake-3.30/Modules/Internal/CheckSourceCompiles.cmake:101 (try_compile)"
      - "C:/Users/marco/AppData/Local/vcpkg/downloads/tools/cmake-3.30.1-windows/cmake-3.30.1-windows-i386/share/cmake-3.30/Modules/CheckCSourceCompiles.cmake:52 (cmake_check_source_compiles)"
      - "CMakeLists.txt:1979 (check_c_source_compiles)"
    checks:
      - "Performing Test HAVE_GAMEINPUT_H"
    directories:
      source: "C:/Users/marco/Documents/avans/schooljaar 25_26/Project/box2d_poc/vcpkg_installed/x64-windows/vcpkg/blds/sdl3/x64-windows-dbg/CMakeFiles/CMakeScratch/TryCompile-fvnaos"
      binary: "C:/Users/marco/Documents/avans/schooljaar 25_26/Project/box2d_poc/vcpkg_installed/x64-windows/vcpkg/blds/sdl3/x64-windows-dbg/CMakeFiles/CMakeScratch/TryCompile-fvnaos"
    cmakeVariables:
      CMAKE_C_FLAGS: " /nologo /DWIN32 /D_WINDOWS /utf-8 /MP "
      CMAKE_C_FLAGS_DEBUG: "/MDd /Z7 /Ob0 /Od /RTC1 "
      CMAKE_EXE_LINKER_FLAGS: "/machine:x64"
      CMAKE_MODULE_PATH: "C:/Users/marco/Documents/avans/schooljaar 25_26/Project/box2d_poc/vcpkg_installed/x64-windows/vcpkg/blds/sdl3/src/ase-3.2.20-9007ca2745.clean/cmake"
      CMAKE_MSVC_DEBUG_INFORMATION_FORMAT: ""
      CMAKE_MSVC_RUNTIME_LIBRARY: "MultiThreaded$<$<CONFIG:Debug>:Debug>$<$<STREQUAL:dynamic,dynamic>:DLL>"
      VCPKG_CHAINLOAD_TOOLCHAIN_FILE: "C:/Program Files/Microsoft Visual Studio/2022/Enterprise/VC/vcpkg/scripts/toolchains/windows.cmake"
      VCPKG_CRT_LINKAGE: "dynamic"
      VCPKG_CXX_FLAGS: ""
      VCPKG_CXX_FLAGS_DEBUG: ""
      VCPKG_CXX_FLAGS_RELEASE: ""
      VCPKG_C_FLAGS: ""
      VCPKG_C_FLAGS_DEBUG: ""
      VCPKG_C_FLAGS_RELEASE: ""
      VCPKG_INSTALLED_DIR: "C:/Users/marco/Documents/avans/schooljaar 25_26/Project/box2d_poc/vcpkg_installed/x64-windows"
      VCPKG_LINKER_FLAGS: ""
      VCPKG_LINKER_FLAGS_DEBUG: ""
      VCPKG_LINKER_FLAGS_RELEASE: ""
      VCPKG_PLATFORM_TOOLSET: "v143"
      VCPKG_PREFER_SYSTEM_LIBS: "OFF"
      VCPKG_SET_CHARSET_FLAG: "ON"
      VCPKG_TARGET_ARCHITECTURE: "x64"
      VCPKG_TARGET_TRIPLET: "x64-windows"
      Z_VCPKG_ROOT_DIR: "C:/Program Files/Microsoft Visual Studio/2022/Enterprise/VC/vcpkg"
    buildResult:
      variable: "HAVE_GAMEINPUT_H"
      cached: true
      stdout: |
        Change Dir: 'C:/Users/marco/Documents/avans/schooljaar 25_26/Project/box2d_poc/vcpkg_installed/x64-windows/vcpkg/blds/sdl3/x64-windows-dbg/CMakeFiles/CMakeScratch/TryCompile-fvnaos'
        
        Run Build Command(s): "C:/Program Files/Microsoft Visual Studio/2022/Enterprise/Common7/IDE/CommonExtensions/Microsoft/CMake/Ninja/ninja.exe" -v cmTC_f2a88
        [1/2] C:\\PROGRA~1\\MICROS~2\\2022\\ENTERP~1\\VC\\Tools\\MSVC\\1444~1.352\\bin\\Hostx64\\x64\\cl.exe  /nologo -DHAVE_GAMEINPUT_H  /nologo /DWIN32 /D_WINDOWS /utf-8 /MP   -D_GNU_SOURCE=1 /MDd /Z7 /Ob0 /Od /RTC1  -MDd /showIncludes /FoCMakeFiles\\cmTC_f2a88.dir\\src.c.obj /FdCMakeFiles\\cmTC_f2a88.dir\\ /FS -c "C:\\Users\\marco\\Documents\\avans\\schooljaar 25_26\\Project\\box2d_poc\\vcpkg_installed\\x64-windows\\vcpkg\\blds\\sdl3\\x64-windows-dbg\\CMakeFiles\\CMakeScratch\\TryCompile-fvnaos\\src.c"
        [2/2] C:\\WINDOWS\\system32\\cmd.exe /C "cd . && C:\\Users\\marco\\AppData\\Local\\vcpkg\\downloads\\tools\\cmake-3.30.1-windows\\cmake-3.30.1-windows-i386\\bin\\cmake.exe -E vs_link_exe --intdir=CMakeFiles\\cmTC_f2a88.dir --rc=C:\\PROGRA~2\\WI3CF2~1\\10\\bin\\100261~1.0\\x64\\rc.exe --mt=C:\\PROGRA~2\\WI3CF2~1\\10\\bin\\100261~1.0\\x64\\mt.exe --manifests  -- C:\\PROGRA~1\\MICROS~2\\2022\\ENTERP~1\\VC\\Tools\\MSVC\\1444~1.352\\bin\\Hostx64\\x64\\link.exe /nologo CMakeFiles\\cmTC_f2a88.dir\\src.c.obj  /out:cmTC_f2a88.exe /implib:cmTC_f2a88.lib /pdb:cmTC_f2a88.pdb /version:0.0 /machine:x64  /nologo    /debug /INCREMENTAL /subsystem:console  kernel32.lib user32.lib gdi32.lib winspool.lib shell32.lib ole32.lib oleaut32.lib uuid.lib comdlg32.lib advapi32.lib && cd ."
        
      exitCode: 0
  -
    kind: "try_compile-v1"
    backtrace:
      - "C:/Users/marco/AppData/Local/vcpkg/downloads/tools/cmake-3.30.1-windows/cmake-3.30.1-windows-i386/share/cmake-3.30/Modules/CheckIncludeFile.cmake:90 (try_compile)"
      - "CMakeLists.txt:1985 (check_include_file)"
    checks:
      - "Looking for dxgi1_6.h"
    directories:
      source: "C:/Users/marco/Documents/avans/schooljaar 25_26/Project/box2d_poc/vcpkg_installed/x64-windows/vcpkg/blds/sdl3/x64-windows-dbg/CMakeFiles/CMakeScratch/TryCompile-vwbey8"
      binary: "C:/Users/marco/Documents/avans/schooljaar 25_26/Project/box2d_poc/vcpkg_installed/x64-windows/vcpkg/blds/sdl3/x64-windows-dbg/CMakeFiles/CMakeScratch/TryCompile-vwbey8"
    cmakeVariables:
      CMAKE_C_FLAGS: " /nologo /DWIN32 /D_WINDOWS /utf-8 /MP "
      CMAKE_C_FLAGS_DEBUG: "/MDd /Z7 /Ob0 /Od /RTC1 "
      CMAKE_EXE_LINKER_FLAGS: "/machine:x64"
      CMAKE_MODULE_PATH: "C:/Users/marco/Documents/avans/schooljaar 25_26/Project/box2d_poc/vcpkg_installed/x64-windows/vcpkg/blds/sdl3/src/ase-3.2.20-9007ca2745.clean/cmake"
      CMAKE_MSVC_DEBUG_INFORMATION_FORMAT: ""
      CMAKE_MSVC_RUNTIME_LIBRARY: "MultiThreaded$<$<CONFIG:Debug>:Debug>$<$<STREQUAL:dynamic,dynamic>:DLL>"
      VCPKG_CHAINLOAD_TOOLCHAIN_FILE: "C:/Program Files/Microsoft Visual Studio/2022/Enterprise/VC/vcpkg/scripts/toolchains/windows.cmake"
      VCPKG_CRT_LINKAGE: "dynamic"
      VCPKG_CXX_FLAGS: ""
      VCPKG_CXX_FLAGS_DEBUG: ""
      VCPKG_CXX_FLAGS_RELEASE: ""
      VCPKG_C_FLAGS: ""
      VCPKG_C_FLAGS_DEBUG: ""
      VCPKG_C_FLAGS_RELEASE: ""
      VCPKG_INSTALLED_DIR: "C:/Users/marco/Documents/avans/schooljaar 25_26/Project/box2d_poc/vcpkg_installed/x64-windows"
      VCPKG_LINKER_FLAGS: ""
      VCPKG_LINKER_FLAGS_DEBUG: ""
      VCPKG_LINKER_FLAGS_RELEASE: ""
      VCPKG_PLATFORM_TOOLSET: "v143"
      VCPKG_PREFER_SYSTEM_LIBS: "OFF"
      VCPKG_SET_CHARSET_FLAG: "ON"
      VCPKG_TARGET_ARCHITECTURE: "x64"
      VCPKG_TARGET_TRIPLET: "x64-windows"
      Z_VCPKG_ROOT_DIR: "C:/Program Files/Microsoft Visual Studio/2022/Enterprise/VC/vcpkg"
    buildResult:
      variable: "HAVE_DXGI1_6_H"
      cached: true
      stdout: |
        Change Dir: 'C:/Users/marco/Documents/avans/schooljaar 25_26/Project/box2d_poc/vcpkg_installed/x64-windows/vcpkg/blds/sdl3/x64-windows-dbg/CMakeFiles/CMakeScratch/TryCompile-vwbey8'
        
        Run Build Command(s): "C:/Program Files/Microsoft Visual Studio/2022/Enterprise/Common7/IDE/CommonExtensions/Microsoft/CMake/Ninja/ninja.exe" -v cmTC_00630
        [1/2] C:\\PROGRA~1\\MICROS~2\\2022\\ENTERP~1\\VC\\Tools\\MSVC\\1444~1.352\\bin\\Hostx64\\x64\\cl.exe  /nologo   /nologo /DWIN32 /D_WINDOWS /utf-8 /MP   -D_GNU_SOURCE=1 /MDd /Z7 /Ob0 /Od /RTC1  -MDd /showIncludes /FoCMakeFiles\\cmTC_00630.dir\\CheckIncludeFile.c.obj /FdCMakeFiles\\cmTC_00630.dir\\ /FS -c "C:\\Users\\marco\\Documents\\avans\\schooljaar 25_26\\Project\\box2d_poc\\vcpkg_installed\\x64-windows\\vcpkg\\blds\\sdl3\\x64-windows-dbg\\CMakeFiles\\CMakeScratch\\TryCompile-vwbey8\\CheckIncludeFile.c"
        [2/2] C:\\WINDOWS\\system32\\cmd.exe /C "cd . && C:\\Users\\marco\\AppData\\Local\\vcpkg\\downloads\\tools\\cmake-3.30.1-windows\\cmake-3.30.1-windows-i386\\bin\\cmake.exe -E vs_link_exe --intdir=CMakeFiles\\cmTC_00630.dir --rc=C:\\PROGRA~2\\WI3CF2~1\\10\\bin\\100261~1.0\\x64\\rc.exe --mt=C:\\PROGRA~2\\WI3CF2~1\\10\\bin\\100261~1.0\\x64\\mt.exe --manifests  -- C:\\PROGRA~1\\MICROS~2\\2022\\ENTERP~1\\VC\\Tools\\MSVC\\1444~1.352\\bin\\Hostx64\\x64\\link.exe /nologo CMakeFiles\\cmTC_00630.dir\\CheckIncludeFile.c.obj  /out:cmTC_00630.exe /implib:cmTC_00630.lib /pdb:cmTC_00630.pdb /version:0.0 /machine:x64  /nologo    /debug /INCREMENTAL /subsystem:console  kernel32.lib user32.lib gdi32.lib winspool.lib shell32.lib ole32.lib oleaut32.lib uuid.lib comdlg32.lib advapi32.lib && cd ."
        
      exitCode: 0
  -
    kind: "try_compile-v1"
    backtrace:
      - "C:/Users/marco/AppData/Local/vcpkg/downloads/tools/cmake-3.30.1-windows/cmake-3.30.1-windows-i386/share/cmake-3.30/Modules/Internal/CheckSourceCompiles.cmake:101 (try_compile)"
      - "C:/Users/marco/AppData/Local/vcpkg/downloads/tools/cmake-3.30.1-windows/cmake-3.30.1-windows-i386/share/cmake-3.30/Modules/CheckCSourceCompiles.cmake:52 (cmake_check_source_compiles)"
      - "CMakeLists.txt:1992 (check_c_source_compiles)"
    checks:
      - "Performing Test HAVE_MFAPI_H"
    directories:
      source: "C:/Users/marco/Documents/avans/schooljaar 25_26/Project/box2d_poc/vcpkg_installed/x64-windows/vcpkg/blds/sdl3/x64-windows-dbg/CMakeFiles/CMakeScratch/TryCompile-d5dzbf"
      binary: "C:/Users/marco/Documents/avans/schooljaar 25_26/Project/box2d_poc/vcpkg_installed/x64-windows/vcpkg/blds/sdl3/x64-windows-dbg/CMakeFiles/CMakeScratch/TryCompile-d5dzbf"
    cmakeVariables:
      CMAKE_C_FLAGS: " /nologo /DWIN32 /D_WINDOWS /utf-8 /MP "
      CMAKE_C_FLAGS_DEBUG: "/MDd /Z7 /Ob0 /Od /RTC1 "
      CMAKE_EXE_LINKER_FLAGS: "/machine:x64"
      CMAKE_MODULE_PATH: "C:/Users/marco/Documents/avans/schooljaar 25_26/Project/box2d_poc/vcpkg_installed/x64-windows/vcpkg/blds/sdl3/src/ase-3.2.20-9007ca2745.clean/cmake"
      CMAKE_MSVC_DEBUG_INFORMATION_FORMAT: ""
      CMAKE_MSVC_RUNTIME_LIBRARY: "MultiThreaded$<$<CONFIG:Debug>:Debug>$<$<STREQUAL:dynamic,dynamic>:DLL>"
      VCPKG_CHAINLOAD_TOOLCHAIN_FILE: "C:/Program Files/Microsoft Visual Studio/2022/Enterprise/VC/vcpkg/scripts/toolchains/windows.cmake"
      VCPKG_CRT_LINKAGE: "dynamic"
      VCPKG_CXX_FLAGS: ""
      VCPKG_CXX_FLAGS_DEBUG: ""
      VCPKG_CXX_FLAGS_RELEASE: ""
      VCPKG_C_FLAGS: ""
      VCPKG_C_FLAGS_DEBUG: ""
      VCPKG_C_FLAGS_RELEASE: ""
      VCPKG_INSTALLED_DIR: "C:/Users/marco/Documents/avans/schooljaar 25_26/Project/box2d_poc/vcpkg_installed/x64-windows"
      VCPKG_LINKER_FLAGS: ""
      VCPKG_LINKER_FLAGS_DEBUG: ""
      VCPKG_LINKER_FLAGS_RELEASE: ""
      VCPKG_PLATFORM_TOOLSET: "v143"
      VCPKG_PREFER_SYSTEM_LIBS: "OFF"
      VCPKG_SET_CHARSET_FLAG: "ON"
      VCPKG_TARGET_ARCHITECTURE: "x64"
      VCPKG_TARGET_TRIPLET: "x64-windows"
      Z_VCPKG_ROOT_DIR: "C:/Program Files/Microsoft Visual Studio/2022/Enterprise/VC/vcpkg"
    buildResult:
      variable: "HAVE_MFAPI_H"
      cached: true
      stdout: |
        Change Dir: 'C:/Users/marco/Documents/avans/schooljaar 25_26/Project/box2d_poc/vcpkg_installed/x64-windows/vcpkg/blds/sdl3/x64-windows-dbg/CMakeFiles/CMakeScratch/TryCompile-d5dzbf'
        
        Run Build Command(s): "C:/Program Files/Microsoft Visual Studio/2022/Enterprise/Common7/IDE/CommonExtensions/Microsoft/CMake/Ninja/ninja.exe" -v cmTC_5a045
        [1/2] C:\\PROGRA~1\\MICROS~2\\2022\\ENTERP~1\\VC\\Tools\\MSVC\\1444~1.352\\bin\\Hostx64\\x64\\cl.exe  /nologo -DHAVE_MFAPI_H  /nologo /DWIN32 /D_WINDOWS /utf-8 /MP   -D_GNU_SOURCE=1 /MDd /Z7 /Ob0 /Od /RTC1  -MDd /showIncludes /FoCMakeFiles\\cmTC_5a045.dir\\src.c.obj /FdCMakeFiles\\cmTC_5a045.dir\\ /FS -c "C:\\Users\\marco\\Documents\\avans\\schooljaar 25_26\\Project\\box2d_poc\\vcpkg_installed\\x64-windows\\vcpkg\\blds\\sdl3\\x64-windows-dbg\\CMakeFiles\\CMakeScratch\\TryCompile-d5dzbf\\src.c"
        [2/2] C:\\WINDOWS\\system32\\cmd.exe /C "cd . && C:\\Users\\marco\\AppData\\Local\\vcpkg\\downloads\\tools\\cmake-3.30.1-windows\\cmake-3.30.1-windows-i386\\bin\\cmake.exe -E vs_link_exe --intdir=CMakeFiles\\cmTC_5a045.dir --rc=C:\\PROGRA~2\\WI3CF2~1\\10\\bin\\100261~1.0\\x64\\rc.exe --mt=C:\\PROGRA~2\\WI3CF2~1\\10\\bin\\100261~1.0\\x64\\mt.exe --manifests  -- C:\\PROGRA~1\\MICROS~2\\2022\\ENTERP~1\\VC\\Tools\\MSVC\\1444~1.352\\bin\\Hostx64\\x64\\link.exe /nologo CMakeFiles\\cmTC_5a045.dir\\src.c.obj  /out:cmTC_5a045.exe /implib:cmTC_5a045.lib /pdb:cmTC_5a045.pdb /version:0.0 /machine:x64  /nologo    /debug /INCREMENTAL /subsystem:console  kernel32.lib user32.lib gdi32.lib winspool.lib shell32.lib ole32.lib oleaut32.lib uuid.lib comdlg32.lib advapi32.lib && cd ."
        
      exitCode: 0
...
