[1/2] "C:/Users/marco/AppData/Local/vcpkg/downloads/tools/cmake-3.30.1-windows/cmake-3.30.1-windows-i386/bin/cmake.exe" -E chdir "../../x64-windows-dbg" "C:/Users/marco/AppData/Local/vcpkg/downloads/tools/cmake-3.30.1-windows/cmake-3.30.1-windows-i386/bin/cmake.exe" "C:/Users/marco/Documents/avans/schooljaar 25_26/Project/box2d_poc/vcpkg_installed/x64-windows/vcpkg/blds/sdl3/src/ase-3.2.20-9007ca2745.clean" "-G" "Ninja" "-DCMAKE_BUILD_TYPE=Debug" "-DCMAKE_INSTALL_PREFIX=C:/Users/marco/Documents/avans/schooljaar 25_26/Project/box2d_poc/vcpkg_installed/x64-windows/vcpkg/pkgs/sdl3_x64-windows/debug" "-DFETCHCONTENT_FULLY_DISCONNECTED=ON" "-DSDL_ALSA=OFF" "-DSDL_IBUS=OFF" "-DSDL_VULKAN=OFF" "-DSDL_WAYLAND=OFF" "-DSDL_X11=OFF" "-DSDL_UNIX_CONSOLE_BUILD=ON" "-DSDL_STATIC=0" "-DSDL_SHARED=1" "-DSDL_FORCE_STATIC_VCRT=0" "-DSDL_LIBC=ON" "-DSDL_TEST_LIBRARY=OFF" "-DSDL_TESTS=OFF" "-DSDL_INSTALL_CMAKEDIR_ROOT=share/sdl3" "-DSDL_REVISION=vcpkg" "-DCMAKE_DISABLE_FIND_PACKAGE_LibUSB=1" "-DCMAKE_MAKE_PROGRAM=C:/Program Files/Microsoft Visual Studio/2022/Enterprise/Common7/IDE/CommonExtensions/Microsoft/CMake/Ninja/ninja.exe" "-DBUILD_SHARED_LIBS=ON" "-DVCPKG_CHAINLOAD_TOOLCHAIN_FILE=C:/Program Files/Microsoft Visual Studio/2022/Enterprise/VC/vcpkg/scripts/toolchains/windows.cmake" "-DVCPKG_TARGET_TRIPLET=x64-windows" "-DVCPKG_SET_CHARSET_FLAG=ON" "-DVCPKG_PLATFORM_TOOLSET=v143" "-DCMAKE_EXPORT_NO_PACKAGE_REGISTRY=ON" "-DCMAKE_FIND_PACKAGE_NO_PACKAGE_REGISTRY=ON" "-DCMAKE_FIND_PACKAGE_NO_SYSTEM_PACKAGE_REGISTRY=ON" "-DCMAKE_INSTALL_SYSTEM_RUNTIME_LIBS_SKIP=TRUE" "-DCMAKE_VERBOSE_MAKEFILE=ON" "-DVCPKG_APPLOCAL_DEPS=OFF" "-DCMAKE_TOOLCHAIN_FILE=C:/Program Files/Microsoft Visual Studio/2022/Enterprise/VC/vcpkg/scripts/buildsystems/vcpkg.cmake" "-DCMAKE_ERROR_ON_ABSOLUTE_INSTALL_DESTINATION=ON" "-DVCPKG_CXX_FLAGS=" "-DVCPKG_CXX_FLAGS_RELEASE=" "-DVCPKG_CXX_FLAGS_DEBUG=" "-DVCPKG_C_FLAGS=" "-DVCPKG_C_FLAGS_RELEASE=" "-DVCPKG_C_FLAGS_DEBUG=" "-DVCPKG_CRT_LINKAGE=dynamic" "-DVCPKG_LINKER_FLAGS=" "-DVCPKG_LINKER_FLAGS_RELEASE=" "-DVCPKG_LINKER_FLAGS_DEBUG=" "-DVCPKG_TARGET_ARCHITECTURE=x64" "-DCMAKE_INSTALL_LIBDIR:STRING=lib" "-DCMAKE_INSTALL_BINDIR:STRING=bin" "-D_VCPKG_ROOT_DIR=C:/Program Files/Microsoft Visual Studio/2022/Enterprise/VC/vcpkg/" "-D_VCPKG_INSTALLED_DIR=C:/Users/marco/Documents/avans/schooljaar 25_26/Project/box2d_poc/vcpkg_installed/x64-windows/" "-DVCPKG_MANIFEST_INSTALL=OFF"
-- The C compiler identification is MSVC 19.44.35217.0
-- Detecting C compiler ABI info
-- Detecting C compiler ABI info - done
-- Check for working C compiler: C:/Program Files/Microsoft Visual Studio/2022/Enterprise/VC/Tools/MSVC/14.44.35207/bin/Hostx64/x64/cl.exe - skipped
-- Detecting C compile features
-- Detecting C compile features - done
-- Could NOT find PkgConfig (missing: PKG_CONFIG_EXECUTABLE) 
-- Detecting Target CPU Architecture
-- Detecting Target CPU Architecture - X64
-- Performing Test COMPILER_SUPPORTS_MMX
-- Performing Test COMPILER_SUPPORTS_MMX - Failed
-- Performing Test COMPILER_SUPPORTS_SSE
-- Performing Test COMPILER_SUPPORTS_SSE - Success
-- Performing Test COMPILER_SUPPORTS_SSE2
-- Performing Test COMPILER_SUPPORTS_SSE2 - Success
-- Performing Test COMPILER_SUPPORTS_SSE3
-- Performing Test COMPILER_SUPPORTS_SSE3 - Success
-- Performing Test COMPILER_SUPPORTS_SSE4_1
-- Performing Test COMPILER_SUPPORTS_SSE4_1 - Success
-- Performing Test COMPILER_SUPPORTS_SSE4_2
-- Performing Test COMPILER_SUPPORTS_SSE4_2 - Success
-- Performing Test COMPILER_SUPPORTS_AVX
-- Performing Test COMPILER_SUPPORTS_AVX - Success
-- Performing Test COMPILER_SUPPORTS_AVX2
-- Performing Test COMPILER_SUPPORTS_AVX2 - Success
-- Performing Test COMPILER_SUPPORTS_AVX512F
-- Performing Test COMPILER_SUPPORTS_AVX512F - Success
-- Looking for malloc.h
-- Looking for malloc.h - found
-- Looking for _copysign
-- Looking for _copysign - found
-- Looking for _fseeki64
-- Looking for _fseeki64 - found
-- Performing Test HAVE_GAMEINPUT_H
-- Performing Test HAVE_GAMEINPUT_H - Success
-- Looking for dxgi1_6.h
-- Looking for dxgi1_6.h - found
-- Performing Test HAVE_MFAPI_H
-- Performing Test HAVE_MFAPI_H - Success
-- 
-- SDL3 was configured with the following options:
-- 
-- Platform: Windows-10.0.26100
-- 64-bit:   TRUE
-- Compiler: C:/Program Files/Microsoft Visual Studio/2022/Enterprise/VC/Tools/MSVC/14.44.35207/bin/Hostx64/x64/cl.exe
-- Revision: vcpkg
-- Vendor:   
-- 
-- Subsystems:
--   Audio:    ON
--   Video:    ON
--   GPU:      ON
--   Render:   ON
--   Camera:   ON
--   Joystick: ON
--   Haptic:   ON
--   Hidapi:   ON
--   Power:    ON
--   Sensor:   ON
--   Dialog:   ON
-- 
-- Options:
--   SDL_ALSA                    (Wanted: OFF): OFF
--   SDL_ALSA_SHARED             (Wanted: OFF): OFF
--   SDL_ALTIVEC                 (Wanted: OFF): OFF
--   SDL_ARMNEON                 (Wanted: OFF): OFF
--   SDL_ASAN                    (Wanted: OFF): OFF
--   SDL_ASSEMBLY                (Wanted: ON): ON
--   SDL_ASSERTIONS              (Wanted: auto): auto
--   SDL_AVX                     (Wanted: ON): ON
--   SDL_AVX2                    (Wanted: ON): ON
--   SDL_AVX512F                 (Wanted: ON): ON
--   SDL_BACKGROUNDING_SIGNAL    (Wanted: OFF): OFF
--   SDL_CCACHE                  (Wanted: OFF): OFF
--   SDL_CLANG_TIDY              (Wanted: OFF): OFF
--   SDL_CLOCK_GETTIME           (Wanted: OFF): OFF
--   SDL_COCOA                   (Wanted: OFF): OFF
--   SDL_DBUS                    (Wanted: OFF): OFF
--   SDL_DEPS_SHARED             (Wanted: ON): OFF
--   SDL_DIRECTX                 (Wanted: ON): ON
--   SDL_DISKAUDIO               (Wanted: ON): ON
--   SDL_DUMMYAUDIO              (Wanted: ON): ON
--   SDL_DUMMYCAMERA             (Wanted: ON): ON
--   SDL_DUMMYVIDEO              (Wanted: ON): ON
--   SDL_EXAMPLES                (Wanted: OFF): OFF
--   SDL_EXAMPLES_LINK_SHARED    (Wanted: 1): OFF
--   SDL_FOREGROUNDING_SIGNAL    (Wanted: OFF): OFF
--   SDL_GCC_ATOMICS             (Wanted: OFF): OFF
--   SDL_GPU_DXVK                (Wanted: OFF): OFF
--   SDL_HIDAPI                  (Wanted: ON): ON
--   SDL_HIDAPI_JOYSTICK         (Wanted: ON): ON
--   SDL_HIDAPI_LIBUSB           (Wanted: ON): OFF
--   SDL_HIDAPI_LIBUSB_SHARED    (Wanted: ON): OFF
--   SDL_IBUS                    (Wanted: OFF): OFF
--   SDL_INSTALL                 (Wanted: ON): OFF
--   SDL_INSTALL_TESTS           (Wanted: OFF): OFF
--   SDL_JACK                    (Wanted: OFF): OFF
--   SDL_JACK_SHARED             (Wanted: OFF): OFF
--   SDL_KMSDRM                  (Wanted: OFF): OFF
--   SDL_KMSDRM_SHARED           (Wanted: OFF): OFF
--   SDL_LASX                    (Wanted: OFF): OFF
--   SDL_LIBC                    (Wanted: ON): ON
--   SDL_LIBICONV                (Wanted: OFF): OFF
--   SDL_LIBUDEV                 (Wanted: ON): OFF
--   SDL_LIBURING                (Wanted: OFF): OFF
--   SDL_LSX                     (Wanted: OFF): OFF
--   SDL_METAL                   (Wanted: OFF): OFF
--   SDL_MMX                     (Wanted: ON): OFF
--   SDL_OFFSCREEN               (Wanted: ON): ON
--   SDL_OPENGL                  (Wanted: ON): ON
--   SDL_OPENGLES                (Wanted: ON): ON
--   SDL_OPENVR                  (Wanted: OFF): OFF
--   SDL_OSS                     (Wanted: OFF): OFF
--   SDL_PIPEWIRE                (Wanted: OFF): OFF
--   SDL_PIPEWIRE_SHARED         (Wanted: OFF): OFF
--   SDL_PTHREADS                (Wanted: OFF): OFF
--   SDL_PTHREADS_SEM            (Wanted: OFF): OFF
--   SDL_PULSEAUDIO              (Wanted: OFF): OFF
--   SDL_PULSEAUDIO_SHARED       (Wanted: OFF): OFF
--   SDL_RENDER_D3D              (Wanted: ON): ON
--   SDL_RENDER_D3D11            (Wanted: ON): ON
--   SDL_RENDER_D3D12            (Wanted: ON): ON
--   SDL_RENDER_GPU              (Wanted: ON): ON
--   SDL_RENDER_METAL            (Wanted: ON): OFF
--   SDL_RENDER_VULKAN           (Wanted: OFF): OFF
--   SDL_ROCKCHIP                (Wanted: OFF): OFF
--   SDL_RPATH                   (Wanted: OFF): OFF
--   SDL_RPI                     (Wanted: OFF): OFF
--   SDL_SNDIO                   (Wanted: OFF): OFF
--   SDL_SNDIO_SHARED            (Wanted: OFF): OFF
--   SDL_SSE                     (Wanted: ON): ON
--   SDL_SSE2                    (Wanted: ON): ON
--   SDL_SSE3                    (Wanted: ON): ON
--   SDL_SSE4_1                  (Wanted: ON): ON
--   SDL_SSE4_2                  (Wanted: ON): ON
--   SDL_SYSTEM_ICONV            (Wanted: OFF): OFF
--   SDL_TESTS                   (Wanted: OFF): OFF
--   SDL_TESTS_LINK_SHARED       (Wanted: 1): OFF
--   SDL_UNINSTALL               (Wanted: ON): OFF
--   SDL_VIRTUAL_JOYSTICK        (Wanted: ON): ON
--   SDL_VIVANTE                 (Wanted: OFF): OFF
--   SDL_VULKAN                  (Wanted: OFF): OFF
--   SDL_WASAPI                  (Wanted: ON): ON
--   SDL_WAYLAND                 (Wanted: OFF): OFF
--   SDL_WAYLAND_LIBDECOR        (Wanted: OFF): OFF
--   SDL_WAYLAND_LIBDECOR_SHARED (Wanted: OFF): OFF
--   SDL_WAYLAND_SHARED          (Wanted: OFF): OFF
--   SDL_X11                     (Wanted: OFF): OFF
--   SDL_X11_SHARED              (Wanted: OFF): OFF
--   SDL_X11_XCURSOR             (Wanted: OFF): OFF
--   SDL_X11_XDBE                (Wanted: OFF): OFF
--   SDL_X11_XFIXES              (Wanted: OFF): OFF
--   SDL_X11_XINPUT              (Wanted: OFF): OFF
--   SDL_X11_XRANDR              (Wanted: OFF): OFF
--   SDL_X11_XSCRNSAVER          (Wanted: OFF): OFF
--   SDL_X11_XSHAPE              (Wanted: OFF): OFF
--   SDL_X11_XSYNC               (Wanted: OFF): OFF
--   SDL_XINPUT                  (Wanted: ON): ON
-- 
--  Build Shared Library: 1
--  Build Static Library: 0
-- 
-- Configuring done (7.8s)
-- Generating done (0.2s)
CMake Warning:
  Manually-specified variables were not used by the project:

    FETCHCONTENT_FULLY_DISCONNECTED
    SDL_FORCE_STATIC_VCRT
    SDL_UNIX_CONSOLE_BUILD
    _VCPKG_ROOT_DIR


-- Build files have been written to: C:/Users/marco/Documents/avans/schooljaar 25_26/Project/box2d_poc/vcpkg_installed/x64-windows/vcpkg/blds/sdl3/x64-windows-dbg
[2/2] "C:/Users/marco/AppData/Local/vcpkg/downloads/tools/cmake-3.30.1-windows/cmake-3.30.1-windows-i386/bin/cmake.exe" -E chdir ".." "C:/Users/marco/AppData/Local/vcpkg/downloads/tools/cmake-3.30.1-windows/cmake-3.30.1-windows-i386/bin/cmake.exe" "C:/Users/marco/Documents/avans/schooljaar 25_26/Project/box2d_poc/vcpkg_installed/x64-windows/vcpkg/blds/sdl3/src/ase-3.2.20-9007ca2745.clean" "-G" "Ninja" "-DCMAKE_BUILD_TYPE=Release" "-DCMAKE_INSTALL_PREFIX=C:/Users/marco/Documents/avans/schooljaar 25_26/Project/box2d_poc/vcpkg_installed/x64-windows/vcpkg/pkgs/sdl3_x64-windows" "-DFETCHCONTENT_FULLY_DISCONNECTED=ON" "-DSDL_ALSA=OFF" "-DSDL_IBUS=OFF" "-DSDL_VULKAN=OFF" "-DSDL_WAYLAND=OFF" "-DSDL_X11=OFF" "-DSDL_UNIX_CONSOLE_BUILD=ON" "-DSDL_STATIC=0" "-DSDL_SHARED=1" "-DSDL_FORCE_STATIC_VCRT=0" "-DSDL_LIBC=ON" "-DSDL_TEST_LIBRARY=OFF" "-DSDL_TESTS=OFF" "-DSDL_INSTALL_CMAKEDIR_ROOT=share/sdl3" "-DSDL_REVISION=vcpkg" "-DCMAKE_DISABLE_FIND_PACKAGE_LibUSB=1" "-DCMAKE_MAKE_PROGRAM=C:/Program Files/Microsoft Visual Studio/2022/Enterprise/Common7/IDE/CommonExtensions/Microsoft/CMake/Ninja/ninja.exe" "-DBUILD_SHARED_LIBS=ON" "-DVCPKG_CHAINLOAD_TOOLCHAIN_FILE=C:/Program Files/Microsoft Visual Studio/2022/Enterprise/VC/vcpkg/scripts/toolchains/windows.cmake" "-DVCPKG_TARGET_TRIPLET=x64-windows" "-DVCPKG_SET_CHARSET_FLAG=ON" "-DVCPKG_PLATFORM_TOOLSET=v143" "-DCMAKE_EXPORT_NO_PACKAGE_REGISTRY=ON" "-DCMAKE_FIND_PACKAGE_NO_PACKAGE_REGISTRY=ON" "-DCMAKE_FIND_PACKAGE_NO_SYSTEM_PACKAGE_REGISTRY=ON" "-DCMAKE_INSTALL_SYSTEM_RUNTIME_LIBS_SKIP=TRUE" "-DCMAKE_VERBOSE_MAKEFILE=ON" "-DVCPKG_APPLOCAL_DEPS=OFF" "-DCMAKE_TOOLCHAIN_FILE=C:/Program Files/Microsoft Visual Studio/2022/Enterprise/VC/vcpkg/scripts/buildsystems/vcpkg.cmake" "-DCMAKE_ERROR_ON_ABSOLUTE_INSTALL_DESTINATION=ON" "-DVCPKG_CXX_FLAGS=" "-DVCPKG_CXX_FLAGS_RELEASE=" "-DVCPKG_CXX_FLAGS_DEBUG=" "-DVCPKG_C_FLAGS=" "-DVCPKG_C_FLAGS_RELEASE=" "-DVCPKG_C_FLAGS_DEBUG=" "-DVCPKG_CRT_LINKAGE=dynamic" "-DVCPKG_LINKER_FLAGS=" "-DVCPKG_LINKER_FLAGS_RELEASE=" "-DVCPKG_LINKER_FLAGS_DEBUG=" "-DVCPKG_TARGET_ARCHITECTURE=x64" "-DCMAKE_INSTALL_LIBDIR:STRING=lib" "-DCMAKE_INSTALL_BINDIR:STRING=bin" "-D_VCPKG_ROOT_DIR=C:/Program Files/Microsoft Visual Studio/2022/Enterprise/VC/vcpkg/" "-D_VCPKG_INSTALLED_DIR=C:/Users/marco/Documents/avans/schooljaar 25_26/Project/box2d_poc/vcpkg_installed/x64-windows/" "-DVCPKG_MANIFEST_INSTALL=OFF"
-- The C compiler identification is MSVC 19.44.35217.0
-- Detecting C compiler ABI info
-- Detecting C compiler ABI info - done
-- Check for working C compiler: C:/Program Files/Microsoft Visual Studio/2022/Enterprise/VC/Tools/MSVC/14.44.35207/bin/Hostx64/x64/cl.exe - skipped
-- Detecting C compile features
-- Detecting C compile features - done
-- Could NOT find PkgConfig (missing: PKG_CONFIG_EXECUTABLE) 
-- Detecting Target CPU Architecture
-- Detecting Target CPU Architecture - X64
-- Performing Test COMPILER_SUPPORTS_MMX
-- Performing Test COMPILER_SUPPORTS_MMX - Failed
-- Performing Test COMPILER_SUPPORTS_SSE
-- Performing Test COMPILER_SUPPORTS_SSE - Success
-- Performing Test COMPILER_SUPPORTS_SSE2
-- Performing Test COMPILER_SUPPORTS_SSE2 - Success
-- Performing Test COMPILER_SUPPORTS_SSE3
-- Performing Test COMPILER_SUPPORTS_SSE3 - Success
-- Performing Test COMPILER_SUPPORTS_SSE4_1
-- Performing Test COMPILER_SUPPORTS_SSE4_1 - Success
-- Performing Test COMPILER_SUPPORTS_SSE4_2
-- Performing Test COMPILER_SUPPORTS_SSE4_2 - Success
-- Performing Test COMPILER_SUPPORTS_AVX
-- Performing Test COMPILER_SUPPORTS_AVX - Success
-- Performing Test COMPILER_SUPPORTS_AVX2
-- Performing Test COMPILER_SUPPORTS_AVX2 - Success
-- Performing Test COMPILER_SUPPORTS_AVX512F
-- Performing Test COMPILER_SUPPORTS_AVX512F - Success
-- Looking for malloc.h
-- Looking for malloc.h - found
-- Looking for _copysign
-- Looking for _copysign - found
-- Looking for _fseeki64
-- Looking for _fseeki64 - found
-- Performing Test HAVE_GAMEINPUT_H
-- Performing Test HAVE_GAMEINPUT_H - Success
-- Looking for dxgi1_6.h
-- Looking for dxgi1_6.h - found
-- Performing Test HAVE_MFAPI_H
-- Performing Test HAVE_MFAPI_H - Success
-- 
-- SDL3 was configured with the following options:
-- 
-- Platform: Windows-10.0.26100
-- 64-bit:   TRUE
-- Compiler: C:/Program Files/Microsoft Visual Studio/2022/Enterprise/VC/Tools/MSVC/14.44.35207/bin/Hostx64/x64/cl.exe
-- Revision: vcpkg
-- Vendor:   
-- 
-- Subsystems:
--   Audio:    ON
--   Video:    ON
--   GPU:      ON
--   Render:   ON
--   Camera:   ON
--   Joystick: ON
--   Haptic:   ON
--   Hidapi:   ON
--   Power:    ON
--   Sensor:   ON
--   Dialog:   ON
-- 
-- Options:
--   SDL_ALSA                    (Wanted: OFF): OFF
--   SDL_ALSA_SHARED             (Wanted: OFF): OFF
--   SDL_ALTIVEC                 (Wanted: OFF): OFF
--   SDL_ARMNEON                 (Wanted: OFF): OFF
--   SDL_ASAN                    (Wanted: OFF): OFF
--   SDL_ASSEMBLY                (Wanted: ON): ON
--   SDL_ASSERTIONS              (Wanted: auto): auto
--   SDL_AVX                     (Wanted: ON): ON
--   SDL_AVX2                    (Wanted: ON): ON
--   SDL_AVX512F                 (Wanted: ON): ON
--   SDL_BACKGROUNDING_SIGNAL    (Wanted: OFF): OFF
--   SDL_CCACHE                  (Wanted: OFF): OFF
--   SDL_CLANG_TIDY              (Wanted: OFF): OFF
--   SDL_CLOCK_GETTIME           (Wanted: OFF): OFF
--   SDL_COCOA                   (Wanted: OFF): OFF
--   SDL_DBUS                    (Wanted: OFF): OFF
--   SDL_DEPS_SHARED             (Wanted: ON): OFF
--   SDL_DIRECTX                 (Wanted: ON): ON
--   SDL_DISKAUDIO               (Wanted: ON): ON
--   SDL_DUMMYAUDIO              (Wanted: ON): ON
--   SDL_DUMMYCAMERA             (Wanted: ON): ON
--   SDL_DUMMYVIDEO              (Wanted: ON): ON
--   SDL_EXAMPLES                (Wanted: OFF): OFF
--   SDL_EXAMPLES_LINK_SHARED    (Wanted: 1): OFF
--   SDL_FOREGROUNDING_SIGNAL    (Wanted: OFF): OFF
--   SDL_GCC_ATOMICS             (Wanted: OFF): OFF
--   SDL_GPU_DXVK                (Wanted: OFF): OFF
--   SDL_HIDAPI                  (Wanted: ON): ON
--   SDL_HIDAPI_JOYSTICK         (Wanted: ON): ON
--   SDL_HIDAPI_LIBUSB           (Wanted: ON): OFF
--   SDL_HIDAPI_LIBUSB_SHARED    (Wanted: ON): OFF
--   SDL_IBUS                    (Wanted: OFF): OFF
--   SDL_INSTALL                 (Wanted: ON): OFF
--   SDL_INSTALL_TESTS           (Wanted: OFF): OFF
--   SDL_JACK                    (Wanted: OFF): OFF
--   SDL_JACK_SHARED             (Wanted: OFF): OFF
--   SDL_KMSDRM                  (Wanted: OFF): OFF
--   SDL_KMSDRM_SHARED           (Wanted: OFF): OFF
--   SDL_LASX                    (Wanted: OFF): OFF
--   SDL_LIBC                    (Wanted: ON): ON
--   SDL_LIBICONV                (Wanted: OFF): OFF
--   SDL_LIBUDEV                 (Wanted: ON): OFF
--   SDL_LIBURING                (Wanted: OFF): OFF
--   SDL_LSX                     (Wanted: OFF): OFF
--   SDL_METAL                   (Wanted: OFF): OFF
--   SDL_MMX                     (Wanted: ON): OFF
--   SDL_OFFSCREEN               (Wanted: ON): ON
--   SDL_OPENGL                  (Wanted: ON): ON
--   SDL_OPENGLES                (Wanted: ON): ON
--   SDL_OPENVR                  (Wanted: OFF): OFF
--   SDL_OSS                     (Wanted: OFF): OFF
--   SDL_PIPEWIRE                (Wanted: OFF): OFF
--   SDL_PIPEWIRE_SHARED         (Wanted: OFF): OFF
--   SDL_PTHREADS                (Wanted: OFF): OFF
--   SDL_PTHREADS_SEM            (Wanted: OFF): OFF
--   SDL_PULSEAUDIO              (Wanted: OFF): OFF
--   SDL_PULSEAUDIO_SHARED       (Wanted: OFF): OFF
--   SDL_RENDER_D3D              (Wanted: ON): ON
--   SDL_RENDER_D3D11            (Wanted: ON): ON
--   SDL_RENDER_D3D12            (Wanted: ON): ON
--   SDL_RENDER_GPU              (Wanted: ON): ON
--   SDL_RENDER_METAL            (Wanted: ON): OFF
--   SDL_RENDER_VULKAN           (Wanted: OFF): OFF
--   SDL_ROCKCHIP                (Wanted: OFF): OFF
--   SDL_RPATH                   (Wanted: OFF): OFF
--   SDL_RPI                     (Wanted: OFF): OFF
--   SDL_SNDIO                   (Wanted: OFF): OFF
--   SDL_SNDIO_SHARED            (Wanted: OFF): OFF
--   SDL_SSE                     (Wanted: ON): ON
--   SDL_SSE2                    (Wanted: ON): ON
--   SDL_SSE3                    (Wanted: ON): ON
--   SDL_SSE4_1                  (Wanted: ON): ON
--   SDL_SSE4_2                  (Wanted: ON): ON
--   SDL_SYSTEM_ICONV            (Wanted: OFF): OFF
--   SDL_TESTS                   (Wanted: OFF): OFF
--   SDL_TESTS_LINK_SHARED       (Wanted: 1): OFF
--   SDL_UNINSTALL               (Wanted: ON): OFF
--   SDL_VIRTUAL_JOYSTICK        (Wanted: ON): ON
--   SDL_VIVANTE                 (Wanted: OFF): OFF
--   SDL_VULKAN                  (Wanted: OFF): OFF
--   SDL_WASAPI                  (Wanted: ON): ON
--   SDL_WAYLAND                 (Wanted: OFF): OFF
--   SDL_WAYLAND_LIBDECOR        (Wanted: OFF): OFF
--   SDL_WAYLAND_LIBDECOR_SHARED (Wanted: OFF): OFF
--   SDL_WAYLAND_SHARED          (Wanted: OFF): OFF
--   SDL_X11                     (Wanted: OFF): OFF
--   SDL_X11_SHARED              (Wanted: OFF): OFF
--   SDL_X11_XCURSOR             (Wanted: OFF): OFF
--   SDL_X11_XDBE                (Wanted: OFF): OFF
--   SDL_X11_XFIXES              (Wanted: OFF): OFF
--   SDL_X11_XINPUT              (Wanted: OFF): OFF
--   SDL_X11_XRANDR              (Wanted: OFF): OFF
--   SDL_X11_XSCRNSAVER          (Wanted: OFF): OFF
--   SDL_X11_XSHAPE              (Wanted: OFF): OFF
--   SDL_X11_XSYNC               (Wanted: OFF): OFF
--   SDL_XINPUT                  (Wanted: ON): ON
-- 
--  Build Shared Library: 1
--  Build Static Library: 0
-- 
-- Configuring done (7.8s)
-- Generating done (0.2s)
CMake Warning:
  Manually-specified variables were not used by the project:

    FETCHCONTENT_FULLY_DISCONNECTED
    SDL_FORCE_STATIC_VCRT
    SDL_UNIX_CONSOLE_BUILD
    _VCPKG_ROOT_DIR


-- Build files have been written to: C:/Users/marco/Documents/avans/schooljaar 25_26/Project/box2d_poc/vcpkg_installed/x64-windows/vcpkg/blds/sdl3/x64-windows-rel
